2025-11-21 11:21:43,128 - INFO - [MainThread] - ℹ️ 🚀 Bắt đầu xử lý 14 yêu cầu - Phiên bản 0.3.1 (Tối Ưu)
2025-11-21 11:21:43,128 - INFO - [MainThread] - ℹ️ Đã thêm 132 tasks vào hàng đợi chính
2025-11-21 11:21:43,129 - INFO - [MainThread] - ℹ️ 📊 Tổng số tác vụ: 132
2025-11-21 11:21:44,631 - INFO - [ThreadPoolExecutor-0_7] - ℹ️ Driver khởi tạo thành công
2025-11-21 11:21:44,639 - INFO - [ThreadPoolExecutor-0_5] - ℹ️ Driver khởi tạo thành công
2025-11-21 11:21:44,656 - INFO - [ThreadPoolExecutor-0_0] - ℹ️ Driver khởi tạo thành công
2025-11-21 11:21:44,696 - INFO - [ThreadPoolExecutor-0_6] - ℹ️ Driver khởi tạo thành công
2025-11-21 11:21:44,724 - INFO - [ThreadPoolExecutor-0_3] - ℹ️ Driver khởi tạo thành công
2025-11-21 11:21:44,775 - INFO - [ThreadPoolExecutor-0_4] - ℹ️ Driver khởi tạo thành công
2025-11-21 11:21:44,804 - INFO - [ThreadPoolExecutor-0_1] - ℹ️ Driver khởi tạo thành công
2025-11-21 11:21:44,806 - INFO - [ThreadPoolExecutor-0_2] - ℹ️ Driver khởi tạo thành công
2025-11-21 11:21:57,078 - WARNING - [MainThread] - ⚠️ Đã chuyển B2-INV-01 sang retry queue (lần 1)
2025-11-21 11:21:57,079 - WARNING - [MainThread] - ⚠️ Đã chuyển B2-INV-06 sang retry queue (lần 1)
2025-11-21 11:21:57,080 - WARNING - [MainThread] - ⚠️ Đã chuyển B2-INV-08 sang retry queue (lần 1)
2025-11-21 11:21:57,178 - WARNING - [MainThread] - ⚠️ Đã chuyển B2-INV-02 sang retry queue (lần 1)
2025-11-21 11:21:57,180 - WARNING - [MainThread] - ⚠️ Đã chuyển B2-INV-07 sang retry queue (lần 1)
2025-11-21 11:21:57,181 - WARNING - [MainThread] - ⚠️ Đã chuyển B2-INV-04 sang retry queue (lần 1)
2025-11-21 11:21:57,181 - WARNING - [MainThread] - ⚠️ Đã chuyển B2-INV-05 sang retry queue (lần 1)
2025-11-21 11:21:57,480 - WARNING - [MainThread] - ⚠️ Đã chuyển B2-INV-03 sang retry queue (lần 1)
2025-11-21 11:21:57,481 - INFO - [MainThread] - ℹ️ 📦 Batch 1: Hoàn thành 0, Retry 8, Thất bại 0
2025-11-21 11:21:57,481 - INFO - [MainThread] - ℹ️ 📈 Tiến trình: 0/132 (0.0%)
2025-11-21 11:21:58,826 - INFO - [ThreadPoolExecutor-1_5] - ℹ️ Driver khởi tạo thành công
2025-11-21 11:21:58,926 - INFO - [ThreadPoolExecutor-1_1] - ℹ️ Driver khởi tạo thành công
2025-11-21 11:21:58,936 - INFO - [ThreadPoolExecutor-1_7] - ℹ️ Driver khởi tạo thành công
2025-11-21 11:21:58,936 - INFO - [ThreadPoolExecutor-1_2] - ℹ️ Driver khởi tạo thành công
2025-11-21 11:21:59,024 - INFO - [ThreadPoolExecutor-1_0] - ℹ️ Driver khởi tạo thành công
2025-11-21 11:21:59,087 - INFO - [ThreadPoolExecutor-1_6] - ℹ️ Driver khởi tạo thành công
2025-11-21 11:21:59,125 - INFO - [ThreadPoolExecutor-1_3] - ℹ️ Driver khởi tạo thành công
2025-11-21 11:21:59,133 - INFO - [ThreadPoolExecutor-1_4] - ℹ️ Driver khởi tạo thành công
2025-11-21 11:22:08,488 - INFO - [ThreadPoolExecutor-1_6] - ✅ [B3R1-INV-06] BỎ QUA: Đã ở trạng thái mong muốn
2025-11-21 11:22:08,489 - INFO - [ThreadPoolExecutor-1_2] - ✅ [B3R1-INV-02] BỎ QUA: Đã ở trạng thái mong muốn
2025-11-21 11:22:08,535 - INFO - [ThreadPoolExecutor-1_5] - ✅ [B3R1-INV-05] BỎ QUA: Đã ở trạng thái mong muốn
2025-11-21 11:22:08,590 - INFO - [ThreadPoolExecutor-1_1] - ✅ [B3R1-INV-01] BỎ QUA: Đã ở trạng thái mong muốn
2025-11-21 11:22:08,596 - INFO - [ThreadPoolExecutor-1_7] - ✅ [B3R1-INV-07] BỎ QUA: Đã ở trạng thái mong muốn
2025-11-21 11:22:08,681 - INFO - [ThreadPoolExecutor-1_4] - ✅ [B3R1-INV-04] BỎ QUA: Đã ở trạng thái mong muốn
2025-11-21 11:22:09,199 - INFO - [ThreadPoolExecutor-1_3] - ✅ [B3R1-INV-03] BỎ QUA: Đã ở trạng thái mong muốn
2025-11-21 11:22:12,750 - WARNING - [MainThread] - ⚠️ Đã chuyển B2-INV-09 sang retry queue (lần 1)
2025-11-21 11:22:12,751 - INFO - [MainThread] - ℹ️ 📦 Batch 2: Hoàn thành 7, Retry 1, Thất bại 0
2025-11-21 11:22:12,752 - INFO - [MainThread] - ℹ️ 📈 Tiến trình: 7/132 (5.3%)
2025-11-21 11:22:14,283 - INFO - [ThreadPoolExecutor-2_4] - ℹ️ Driver khởi tạo thành công
2025-11-21 11:22:14,289 - INFO - [ThreadPoolExecutor-2_2] - ℹ️ Driver khởi tạo thành công
2025-11-21 11:22:14,349 - INFO - [ThreadPoolExecutor-2_6] - ℹ️ Driver khởi tạo thành công
2025-11-21 11:22:14,356 - INFO - [ThreadPoolExecutor-2_1] - ℹ️ Driver khởi tạo thành công
2025-11-21 11:22:14,425 - INFO - [ThreadPoolExecutor-2_7] - ℹ️ Driver khởi tạo thành công
2025-11-21 11:22:14,441 - INFO - [ThreadPoolExecutor-2_5] - ℹ️ Driver khởi tạo thành công
2025-11-21 11:22:14,458 - INFO - [ThreadPoolExecutor-2_3] - ℹ️ Driver khởi tạo thành công
2025-11-21 11:22:14,520 - INFO - [ThreadPoolExecutor-2_0] - ℹ️ Driver khởi tạo thành công
2025-11-21 11:22:22,023 - INFO - [ThreadPoolExecutor-2_2] - ✅ [B3R2-INV-01] BỎ QUA: Đã ở trạng thái mong muốn
2025-11-21 11:22:22,059 - INFO - [ThreadPoolExecutor-2_0] - ✅ [B3R1-INV-08] BỎ QUA: Đã ở trạng thái mong muốn
2025-11-21 11:22:22,375 - INFO - [ThreadPoolExecutor-2_1] - ✅ [B3R1-INV-09] BỎ QUA: Đã ở trạng thái mong muốn
2025-11-21 11:22:23,573 - INFO - [ThreadPoolExecutor-2_4] - ✅ [B3R2-INV-03] BỎ QUA: Đã ở trạng thái mong muốn
2025-11-21 11:22:23,779 - INFO - [ThreadPoolExecutor-2_6] - ✅ [B3R2-INV-05] BỎ QUA: Đã ở trạng thái mong muốn
2025-11-21 11:22:23,978 - INFO - [ThreadPoolExecutor-2_5] - ✅ [B3R2-INV-04] BỎ QUA: Đã ở trạng thái mong muốn
2025-11-21 11:22:24,169 - INFO - [ThreadPoolExecutor-2_3] - ✅ [B3R2-INV-02] BỎ QUA: Đã ở trạng thái mong muốn
2025-11-21 11:22:24,280 - INFO - [ThreadPoolExecutor-2_7] - ✅ [B3R2-INV-06] BỎ QUA: Đã ở trạng thái mong muốn
2025-11-21 11:22:24,344 - INFO - [MainThread] - ℹ️ 📦 Batch 3: Hoàn thành 8, Retry 0, Thất bại 0
2025-11-21 11:22:24,344 - INFO - [MainThread] - ℹ️ 📈 Tiến trình: 15/132 (11.4%)
2025-11-21 11:22:25,757 - INFO - [ThreadPoolExecutor-3_3] - ℹ️ Driver khởi tạo thành công
2025-11-21 11:22:25,799 - INFO - [ThreadPoolExecutor-3_1] - ℹ️ Driver khởi tạo thành công
2025-11-21 11:22:25,836 - INFO - [ThreadPoolExecutor-3_4] - ℹ️ Driver khởi tạo thành công
2025-11-21 11:22:25,838 - INFO - [ThreadPoolExecutor-3_5] - ℹ️ Driver khởi tạo thành công
2025-11-21 11:22:25,851 - INFO - [ThreadPoolExecutor-3_6] - ℹ️ Driver khởi tạo thành công
2025-11-21 11:22:25,903 - INFO - [ThreadPoolExecutor-3_2] - ℹ️ Driver khởi tạo thành công
2025-11-21 11:22:25,908 - INFO - [ThreadPoolExecutor-3_7] - ℹ️ Driver khởi tạo thành công
2025-11-21 11:22:25,917 - INFO - [ThreadPoolExecutor-3_0] - ℹ️ Driver khởi tạo thành công
2025-11-21 11:22:34,279 - INFO - [ThreadPoolExecutor-3_1] - ✅ [B3R2-INV-08] BỎ QUA: Đã ở trạng thái mong muốn
2025-11-21 11:22:34,499 - INFO - [ThreadPoolExecutor-3_3] - ✅ [B4R1-INV-01] BỎ QUA: Đã ở trạng thái mong muốn
2025-11-21 11:22:34,546 - INFO - [ThreadPoolExecutor-3_0] - ✅ [B3R2-INV-07] BỎ QUA: Đã ở trạng thái mong muốn
2025-11-21 11:22:34,726 - INFO - [ThreadPoolExecutor-3_2] - ✅ [B3R2-INV-09] BỎ QUA: Đã ở trạng thái mong muốn
2025-11-21 11:22:34,785 - INFO - [ThreadPoolExecutor-3_4] - ✅ [B4R1-INV-02] BỎ QUA: Đã ở trạng thái mong muốn
2025-11-21 11:22:34,792 - INFO - [ThreadPoolExecutor-3_5] - ✅ [B4R1-INV-03] BỎ QUA: Đã ở trạng thái mong muốn
2025-11-21 11:22:34,861 - INFO - [ThreadPoolExecutor-3_7] - ✅ [B4R1-INV-05] BỎ QUA: Đã ở trạng thái mong muốn
2025-11-21 11:22:35,455 - INFO - [ThreadPoolExecutor-3_6] - ✅ [B4R1-INV-04] BỎ QUA: Đã ở trạng thái mong muốn
2025-11-21 11:22:35,526 - INFO - [MainThread] - ℹ️ 📦 Batch 4: Hoàn thành 8, Retry 0, Thất bại 0
2025-11-21 11:22:35,526 - INFO - [MainThread] - ℹ️ 📈 Tiến trình: 23/132 (17.4%)
2025-11-21 11:22:37,003 - INFO - [ThreadPoolExecutor-4_6] - ℹ️ Driver khởi tạo thành công
2025-11-21 11:22:37,051 - INFO - [ThreadPoolExecutor-4_2] - ℹ️ Driver khởi tạo thành công
2025-11-21 11:22:37,052 - INFO - [ThreadPoolExecutor-4_1] - ℹ️ Driver khởi tạo thành công
2025-11-21 11:22:37,121 - INFO - [ThreadPoolExecutor-4_3] - ℹ️ Driver khởi tạo thành công
2025-11-21 11:22:37,163 - INFO - [ThreadPoolExecutor-4_0] - ℹ️ Driver khởi tạo thành công
2025-11-21 11:22:37,234 - INFO - [ThreadPoolExecutor-4_4] - ℹ️ Driver khởi tạo thành công
2025-11-21 11:22:37,268 - INFO - [ThreadPoolExecutor-4_7] - ℹ️ Driver khởi tạo thành công
2025-11-21 11:22:37,278 - INFO - [ThreadPoolExecutor-4_5] - ℹ️ Driver khởi tạo thành công
2025-11-21 11:22:47,114 - INFO - [ThreadPoolExecutor-4_3] - ✅ [B4R1-INV-09] BỎ QUA: Đã ở trạng thái mong muốn
2025-11-21 11:22:47,751 - INFO - [ThreadPoolExecutor-4_1] - ✅ [B4R1-INV-07] BỎ QUA: Đã ở trạng thái mong muốn
2025-11-21 11:22:47,813 - INFO - [ThreadPoolExecutor-4_2] - ✅ [B4R1-INV-08] BỎ QUA: Đã ở trạng thái mong muốn
2025-11-21 11:22:47,944 - INFO - [ThreadPoolExecutor-4_0] - ✅ [B4R1-INV-06] BỎ QUA: Đã ở trạng thái mong muốn
2025-11-21 11:22:48,136 - INFO - [ThreadPoolExecutor-4_4] - ✅ [B4R1-INV-10] BỎ QUA: Đã ở trạng thái mong muốn
2025-11-21 11:22:49,279 - INFO - [ThreadPoolExecutor-4_5] - ✅ [B4R2-INV-01] BỎ QUA: Đã ở trạng thái mong muốn
2025-11-21 11:22:50,722 - INFO - [ThreadPoolExecutor-4_7] - ✅ [B4R2-INV-03] BỎ QUA: Đã ở trạng thái mong muốn
2025-11-21 11:22:51,375 - INFO - [ThreadPoolExecutor-4_6] - ✅ [B4R2-INV-02] BỎ QUA: Đã ở trạng thái mong muốn
2025-11-21 11:22:51,447 - INFO - [MainThread] - ℹ️ 📦 Batch 5: Hoàn thành 8, Retry 0, Thất bại 0
2025-11-21 11:22:51,447 - INFO - [MainThread] - ℹ️ 📈 Tiến trình: 31/132 (23.5%)
2025-11-21 11:22:52,967 - INFO - [ThreadPoolExecutor-5_4] - ℹ️ Driver khởi tạo thành công
2025-11-21 11:22:53,018 - INFO - [ThreadPoolExecutor-5_0] - ℹ️ Driver khởi tạo thành công
2025-11-21 11:22:53,021 - INFO - [ThreadPoolExecutor-5_5] - ℹ️ Driver khởi tạo thành công
2025-11-21 11:22:53,057 - INFO - [ThreadPoolExecutor-5_6] - ℹ️ Driver khởi tạo thành công
2025-11-21 11:22:53,105 - INFO - [ThreadPoolExecutor-5_3] - ℹ️ Driver khởi tạo thành công
2025-11-21 11:22:53,133 - INFO - [ThreadPoolExecutor-5_2] - ℹ️ Driver khởi tạo thành công
2025-11-21 11:22:53,139 - INFO - [ThreadPoolExecutor-5_7] - ℹ️ Driver khởi tạo thành công
2025-11-21 11:22:53,168 - INFO - [ThreadPoolExecutor-5_1] - ℹ️ Driver khởi tạo thành công
2025-11-21 11:23:01,309 - INFO - [ThreadPoolExecutor-5_7] - ✅ [B5R1-INV-01] BỎ QUA: Đã ở trạng thái mong muốn
2025-11-21 11:23:02,459 - INFO - [ThreadPoolExecutor-5_6] - ✅ [B4R2-INV-10] BỎ QUA: Đã ở trạng thái mong muốn
2025-11-21 11:23:02,634 - INFO - [ThreadPoolExecutor-5_4] - ✅ [B4R2-INV-08] BỎ QUA: Đã ở trạng thái mong muốn
2025-11-21 11:23:02,978 - INFO - [ThreadPoolExecutor-5_3] - ✅ [B4R2-INV-07] BỎ QUA: Đã ở trạng thái mong muốn
2025-11-21 11:23:03,086 - INFO - [ThreadPoolExecutor-5_0] - ✅ [B4R2-INV-04] BỎ QUA: Đã ở trạng thái mong muốn
2025-11-21 11:23:03,125 - INFO - [ThreadPoolExecutor-5_5] - ✅ [B4R2-INV-09] BỎ QUA: Đã ở trạng thái mong muốn
2025-11-21 11:23:03,254 - INFO - [ThreadPoolExecutor-5_1] - ✅ [B4R2-INV-05] BỎ QUA: Đã ở trạng thái mong muốn
2025-11-21 11:23:03,878 - INFO - [ThreadPoolExecutor-5_2] - ✅ [B4R2-INV-06] BỎ QUA: Đã ở trạng thái mong muốn
2025-11-21 11:23:03,945 - INFO - [MainThread] - ℹ️ 📦 Batch 6: Hoàn thành 8, Retry 0, Thất bại 0
2025-11-21 11:23:03,945 - INFO - [MainThread] - ℹ️ 📈 Tiến trình: 39/132 (29.5%)
2025-11-21 11:23:05,501 - INFO - [ThreadPoolExecutor-6_5] - ℹ️ Driver khởi tạo thành công
2025-11-21 11:23:05,512 - INFO - [ThreadPoolExecutor-6_1] - ℹ️ Driver khởi tạo thành công
2025-11-21 11:23:05,522 - INFO - [ThreadPoolExecutor-6_2] - ℹ️ Driver khởi tạo thành công
2025-11-21 11:23:05,538 - INFO - [ThreadPoolExecutor-6_0] - ℹ️ Driver khởi tạo thành công
2025-11-21 11:23:05,631 - INFO - [ThreadPoolExecutor-6_7] - ℹ️ Driver khởi tạo thành công
2025-11-21 11:23:05,634 - INFO - [ThreadPoolExecutor-6_4] - ℹ️ Driver khởi tạo thành công
2025-11-21 11:23:05,636 - INFO - [ThreadPoolExecutor-6_6] - ℹ️ Driver khởi tạo thành công
2025-11-21 11:23:05,649 - INFO - [ThreadPoolExecutor-6_3] - ℹ️ Driver khởi tạo thành công
2025-11-21 11:23:16,668 - INFO - [ThreadPoolExecutor-6_0] - ✅ [B5R1-INV-02] BỎ QUA: Đã ở trạng thái mong muốn
2025-11-21 11:23:17,172 - INFO - [ThreadPoolExecutor-6_5] - ✅ [B5R1-INV-07] BỎ QUA: Đã ở trạng thái mong muốn
2025-11-21 11:23:17,395 - INFO - [ThreadPoolExecutor-6_3] - ✅ [B5R1-INV-05] BỎ QUA: Đã ở trạng thái mong muốn
2025-11-21 11:23:17,786 - INFO - [ThreadPoolExecutor-6_1] - ✅ [B5R1-INV-03] BỎ QUA: Đã ở trạng thái mong muốn
2025-11-21 11:23:17,945 - INFO - [ThreadPoolExecutor-6_7] - ✅ [B5R1-INV-09] BỎ QUA: Đã ở trạng thái mong muốn
2025-11-21 11:23:18,291 - INFO - [ThreadPoolExecutor-6_2] - ✅ [B5R1-INV-04] BỎ QUA: Đã ở trạng thái mong muốn
2025-11-21 11:23:18,450 - INFO - [ThreadPoolExecutor-6_6] - ✅ [B5R1-INV-08] BỎ QUA: Đã ở trạng thái mong muốn
2025-11-21 11:23:18,464 - INFO - [ThreadPoolExecutor-6_4] - ✅ [B5R1-INV-06] BỎ QUA: Đã ở trạng thái mong muốn
2025-11-21 11:23:18,529 - INFO - [MainThread] - ℹ️ 📦 Batch 7: Hoàn thành 8, Retry 0, Thất bại 0
2025-11-21 11:23:18,529 - INFO - [MainThread] - ℹ️ 📈 Tiến trình: 47/132 (35.6%)
2025-11-21 11:23:20,279 - INFO - [ThreadPoolExecutor-7_2] - ℹ️ Driver khởi tạo thành công
2025-11-21 11:23:20,340 - INFO - [ThreadPoolExecutor-7_3] - ℹ️ Driver khởi tạo thành công
2025-11-21 11:23:20,340 - INFO - [ThreadPoolExecutor-7_6] - ℹ️ Driver khởi tạo thành công
2025-11-21 11:23:20,385 - INFO - [ThreadPoolExecutor-7_7] - ℹ️ Driver khởi tạo thành công
2025-11-21 11:23:20,450 - INFO - [ThreadPoolExecutor-7_1] - ℹ️ Driver khởi tạo thành công
2025-11-21 11:23:20,511 - INFO - [ThreadPoolExecutor-7_0] - ℹ️ Driver khởi tạo thành công
2025-11-21 11:23:20,522 - INFO - [ThreadPoolExecutor-7_5] - ℹ️ Driver khởi tạo thành công
2025-11-21 11:23:20,537 - INFO - [ThreadPoolExecutor-7_4] - ℹ️ Driver khởi tạo thành công
2025-11-21 11:23:30,447 - INFO - [ThreadPoolExecutor-7_6] - ✅ [B5R2-INV-06] BỎ QUA: Đã ở trạng thái mong muốn
2025-11-21 11:23:30,556 - INFO - [ThreadPoolExecutor-7_0] - ✅ [B5R1-INV-10] BỎ QUA: Đã ở trạng thái mong muốn
2025-11-21 11:23:31,032 - INFO - [ThreadPoolExecutor-7_5] - ✅ [B5R2-INV-05] BỎ QUA: Đã ở trạng thái mong muốn
2025-11-21 11:23:31,350 - INFO - [ThreadPoolExecutor-7_7] - ✅ [B5R2-INV-07] BỎ QUA: Đã ở trạng thái mong muốn
2025-11-21 11:23:31,528 - INFO - [ThreadPoolExecutor-7_2] - ✅ [B5R2-INV-02] BỎ QUA: Đã ở trạng thái mong muốn
2025-11-21 11:23:31,572 - INFO - [ThreadPoolExecutor-7_1] - ✅ [B5R2-INV-01] BỎ QUA: Đã ở trạng thái mong muốn
2025-11-21 11:23:31,608 - INFO - [ThreadPoolExecutor-7_4] - ✅ [B5R2-INV-04] BỎ QUA: Đã ở trạng thái mong muốn
2025-11-21 11:23:31,630 - INFO - [ThreadPoolExecutor-7_3] - ✅ [B5R2-INV-03] BỎ QUA: Đã ở trạng thái mong muốn
2025-11-21 11:23:31,700 - INFO - [MainThread] - ℹ️ 📦 Batch 8: Hoàn thành 8, Retry 0, Thất bại 0
2025-11-21 11:23:31,700 - INFO - [MainThread] - ℹ️ 📈 Tiến trình: 55/132 (41.7%)
2025-11-21 11:23:33,065 - INFO - [ThreadPoolExecutor-8_1] - ℹ️ Driver khởi tạo thành công
2025-11-21 11:23:33,258 - INFO - [ThreadPoolExecutor-8_6] - ℹ️ Driver khởi tạo thành công
2025-11-21 11:23:33,274 - INFO - [ThreadPoolExecutor-8_4] - ℹ️ Driver khởi tạo thành công
2025-11-21 11:23:33,368 - INFO - [ThreadPoolExecutor-8_0] - ℹ️ Driver khởi tạo thành công
2025-11-21 11:23:33,380 - INFO - [ThreadPoolExecutor-8_7] - ℹ️ Driver khởi tạo thành công
2025-11-21 11:23:33,454 - INFO - [ThreadPoolExecutor-8_2] - ℹ️ Driver khởi tạo thành công
2025-11-21 11:23:33,457 - INFO - [ThreadPoolExecutor-8_3] - ℹ️ Driver khởi tạo thành công
2025-11-21 11:23:33,536 - INFO - [ThreadPoolExecutor-8_5] - ℹ️ Driver khởi tạo thành công
2025-11-21 11:23:39,958 - INFO - [ThreadPoolExecutor-8_7] - ✅ [B6R1-INV-05] BỎ QUA: Đã ở trạng thái mong muốn
2025-11-21 11:23:41,357 - INFO - [ThreadPoolExecutor-8_2] - ✅ [B5R2-INV-10] BỎ QUA: Đã ở trạng thái mong muốn
2025-11-21 11:23:41,393 - INFO - [ThreadPoolExecutor-8_0] - ✅ [B5R2-INV-08] BỎ QUA: Đã ở trạng thái mong muốn
2025-11-21 11:23:41,617 - INFO - [ThreadPoolExecutor-8_1] - ✅ [B5R2-INV-09] BỎ QUA: Đã ở trạng thái mong muốn
2025-11-21 11:23:41,974 - INFO - [ThreadPoolExecutor-8_6] - ✅ [B6R1-INV-04] BỎ QUA: Đã ở trạng thái mong muốn
2025-11-21 11:23:42,294 - INFO - [ThreadPoolExecutor-8_3] - ✅ [B6R1-INV-01] BỎ QUA: Đã ở trạng thái mong muốn
2025-11-21 11:23:42,297 - INFO - [ThreadPoolExecutor-8_4] - ✅ [B6R1-INV-02] BỎ QUA: Đã ở trạng thái mong muốn
2025-11-21 11:23:43,159 - INFO - [ThreadPoolExecutor-8_5] - ✅ [B6R1-INV-03] BỎ QUA: Đã ở trạng thái mong muốn
2025-11-21 11:23:43,225 - INFO - [MainThread] - ℹ️ 📦 Batch 9: Hoàn thành 8, Retry 0, Thất bại 0
2025-11-21 11:23:43,225 - INFO - [MainThread] - ℹ️ 📈 Tiến trình: 63/132 (47.7%)
2025-11-21 11:23:44,689 - INFO - [ThreadPoolExecutor-9_6] - ℹ️ Driver khởi tạo thành công
2025-11-21 11:23:44,698 - INFO - [ThreadPoolExecutor-9_1] - ℹ️ Driver khởi tạo thành công
2025-11-21 11:23:44,743 - INFO - [ThreadPoolExecutor-9_2] - ℹ️ Driver khởi tạo thành công
2025-11-21 11:23:44,771 - INFO - [ThreadPoolExecutor-9_4] - ℹ️ Driver khởi tạo thành công
2025-11-21 11:23:44,780 - INFO - [ThreadPoolExecutor-9_3] - ℹ️ Driver khởi tạo thành công
2025-11-21 11:23:44,798 - INFO - [ThreadPoolExecutor-9_5] - ℹ️ Driver khởi tạo thành công
2025-11-21 11:23:44,901 - INFO - [ThreadPoolExecutor-9_0] - ℹ️ Driver khởi tạo thành công
2025-11-21 11:23:44,908 - INFO - [ThreadPoolExecutor-9_7] - ℹ️ Driver khởi tạo thành công
2025-11-21 11:23:55,882 - INFO - [ThreadPoolExecutor-9_4] - ✅ [B6R1-INV-10] BỎ QUA: Đã ở trạng thái mong muốn
2025-11-21 11:23:56,345 - INFO - [ThreadPoolExecutor-9_1] - ✅ [B6R1-INV-07] BỎ QUA: Đã ở trạng thái mong muốn
2025-11-21 11:23:56,810 - INFO - [ThreadPoolExecutor-9_0] - ✅ [B6R1-INV-06] BỎ QUA: Đã ở trạng thái mong muốn
2025-11-21 11:23:56,956 - INFO - [ThreadPoolExecutor-9_6] - ✅ [B6R2-INV-02] BỎ QUA: Đã ở trạng thái mong muốn
2025-11-21 11:23:57,130 - INFO - [ThreadPoolExecutor-9_3] - ✅ [B6R1-INV-09] BỎ QUA: Đã ở trạng thái mong muốn
2025-11-21 11:23:57,137 - INFO - [ThreadPoolExecutor-9_5] - ✅ [B6R2-INV-01] BỎ QUA: Đã ở trạng thái mong muốn
2025-11-21 11:23:57,166 - INFO - [ThreadPoolExecutor-9_2] - ✅ [B6R1-INV-08] BỎ QUA: Đã ở trạng thái mong muốn
2025-11-21 11:23:57,231 - INFO - [ThreadPoolExecutor-9_7] - ✅ [B6R2-INV-03] BỎ QUA: Đã ở trạng thái mong muốn
2025-11-21 11:23:57,298 - INFO - [MainThread] - ℹ️ 📦 Batch 10: Hoàn thành 8, Retry 0, Thất bại 0
2025-11-21 11:23:57,299 - INFO - [MainThread] - ℹ️ 📈 Tiến trình: 71/132 (53.8%)
2025-11-21 11:23:58,852 - INFO - [ThreadPoolExecutor-10_0] - ℹ️ Driver khởi tạo thành công
2025-11-21 11:23:59,049 - INFO - [ThreadPoolExecutor-10_2] - ℹ️ Driver khởi tạo thành công
2025-11-21 11:23:59,066 - INFO - [ThreadPoolExecutor-10_4] - ℹ️ Driver khởi tạo thành công
2025-11-21 11:23:59,083 - INFO - [ThreadPoolExecutor-10_6] - ℹ️ Driver khởi tạo thành công
2025-11-21 11:23:59,135 - INFO - [ThreadPoolExecutor-10_3] - ℹ️ Driver khởi tạo thành công
2025-11-21 11:23:59,143 - INFO - [ThreadPoolExecutor-10_5] - ℹ️ Driver khởi tạo thành công
2025-11-21 11:23:59,189 - INFO - [ThreadPoolExecutor-10_7] - ℹ️ Driver khởi tạo thành công
2025-11-21 11:23:59,195 - INFO - [ThreadPoolExecutor-10_1] - ℹ️ Driver khởi tạo thành công
2025-11-21 11:24:07,047 - INFO - [ThreadPoolExecutor-10_7] - ✅ [B7-INV-01] BỎ QUA: Đã ở trạng thái mong muốn
2025-11-21 11:24:07,803 - INFO - [ThreadPoolExecutor-10_6] - ✅ [B6R2-INV-10] BỎ QUA: Đã ở trạng thái mong muốn
2025-11-21 11:24:08,605 - INFO - [ThreadPoolExecutor-10_1] - ✅ [B6R2-INV-05] BỎ QUA: Đã ở trạng thái mong muốn
2025-11-21 11:24:08,992 - INFO - [ThreadPoolExecutor-10_0] - ✅ [B6R2-INV-04] BỎ QUA: Đã ở trạng thái mong muốn
2025-11-21 11:24:09,331 - INFO - [ThreadPoolExecutor-10_5] - ✅ [B6R2-INV-09] BỎ QUA: Đã ở trạng thái mong muốn
2025-11-21 11:24:09,354 - INFO - [ThreadPoolExecutor-10_2] - ✅ [B6R2-INV-06] BỎ QUA: Đã ở trạng thái mong muốn
2025-11-21 11:24:09,701 - INFO - [ThreadPoolExecutor-10_3] - ✅ [B6R2-INV-07] BỎ QUA: Đã ở trạng thái mong muốn
2025-11-21 11:24:09,875 - INFO - [ThreadPoolExecutor-10_4] - ✅ [B6R2-INV-08] BỎ QUA: Đã ở trạng thái mong muốn
2025-11-21 11:24:09,940 - INFO - [MainThread] - ℹ️ 📦 Batch 11: Hoàn thành 8, Retry 0, Thất bại 0
2025-11-21 11:24:09,940 - INFO - [MainThread] - ℹ️ 📈 Tiến trình: 79/132 (59.8%)
2025-11-21 11:24:11,393 - INFO - [ThreadPoolExecutor-11_1] - ℹ️ Driver khởi tạo thành công
2025-11-21 11:24:11,458 - INFO - [ThreadPoolExecutor-11_4] - ℹ️ Driver khởi tạo thành công
2025-11-21 11:24:11,585 - INFO - [ThreadPoolExecutor-11_6] - ℹ️ Driver khởi tạo thành công
2025-11-21 11:24:11,630 - INFO - [ThreadPoolExecutor-11_3] - ℹ️ Driver khởi tạo thành công
2025-11-21 11:24:11,642 - INFO - [ThreadPoolExecutor-11_5] - ℹ️ Driver khởi tạo thành công
2025-11-21 11:24:11,681 - INFO - [ThreadPoolExecutor-11_7] - ℹ️ Driver khởi tạo thành công
2025-11-21 11:24:11,759 - INFO - [ThreadPoolExecutor-11_2] - ℹ️ Driver khởi tạo thành công
2025-11-21 11:24:11,788 - INFO - [ThreadPoolExecutor-11_0] - ℹ️ Driver khởi tạo thành công
2025-11-21 11:24:18,002 - INFO - [ThreadPoolExecutor-11_0] - ✅ [B7-INV-02] BỎ QUA: Đã ở trạng thái mong muốn
2025-11-21 11:24:19,485 - INFO - [ThreadPoolExecutor-11_1] - ✅ [B7-INV-03] BỎ QUA: Đã ở trạng thái mong muốn
2025-11-21 11:24:21,017 - INFO - [ThreadPoolExecutor-11_6] - ✅ [B7-INV-08] BỎ QUA: Đã ở trạng thái mong muốn
2025-11-21 11:24:21,069 - INFO - [ThreadPoolExecutor-11_7] - ✅ [B7-INV-09] BỎ QUA: Đã ở trạng thái mong muốn
2025-11-21 11:24:21,104 - INFO - [ThreadPoolExecutor-11_3] - ✅ [B7-INV-05] BỎ QUA: Đã ở trạng thái mong muốn
2025-11-21 11:24:21,111 - INFO - [ThreadPoolExecutor-11_4] - ✅ [B7-INV-06] BỎ QUA: Đã ở trạng thái mong muốn
2025-11-21 11:24:21,249 - INFO - [ThreadPoolExecutor-11_5] - ✅ [B7-INV-07] BỎ QUA: Đã ở trạng thái mong muốn
2025-11-21 11:24:21,579 - INFO - [ThreadPoolExecutor-11_2] - ✅ [B7-INV-04] BỎ QUA: Đã ở trạng thái mong muốn
2025-11-21 11:24:21,644 - INFO - [MainThread] - ℹ️ 📦 Batch 12: Hoàn thành 8, Retry 0, Thất bại 0
2025-11-21 11:24:21,645 - INFO - [MainThread] - ℹ️ 📈 Tiến trình: 87/132 (65.9%)
2025-11-21 11:24:23,115 - INFO - [ThreadPoolExecutor-12_5] - ℹ️ Driver khởi tạo thành công
2025-11-21 11:24:23,117 - INFO - [ThreadPoolExecutor-12_0] - ℹ️ Driver khởi tạo thành công
2025-11-21 11:24:23,168 - INFO - [ThreadPoolExecutor-12_3] - ℹ️ Driver khởi tạo thành công
2025-11-21 11:24:23,285 - INFO - [ThreadPoolExecutor-12_7] - ℹ️ Driver khởi tạo thành công
2025-11-21 11:24:23,370 - INFO - [ThreadPoolExecutor-12_1] - ℹ️ Driver khởi tạo thành công
2025-11-21 11:24:23,372 - INFO - [ThreadPoolExecutor-12_6] - ℹ️ Driver khởi tạo thành công
2025-11-21 11:24:23,382 - INFO - [ThreadPoolExecutor-12_2] - ℹ️ Driver khởi tạo thành công
2025-11-21 11:24:23,384 - INFO - [ThreadPoolExecutor-12_4] - ℹ️ Driver khởi tạo thành công
2025-11-21 11:24:30,810 - INFO - [ThreadPoolExecutor-12_3] - ✅ [B8-INV-03] BỎ QUA: Đã ở trạng thái mong muốn
2025-11-21 11:24:31,336 - INFO - [ThreadPoolExecutor-12_0] - ✅ [B7-INV-10] BỎ QUA: Đã ở trạng thái mong muốn
2025-11-21 11:24:31,343 - INFO - [ThreadPoolExecutor-12_5] - ✅ [B8-INV-05] BỎ QUA: Đã ở trạng thái mong muốn
2025-11-21 11:24:31,485 - INFO - [ThreadPoolExecutor-12_7] - ✅ [B11-INV-02] BỎ QUA: Đã ở trạng thái mong muốn
2025-11-21 11:24:31,550 - INFO - [ThreadPoolExecutor-12_6] - ✅ [B11-INV-01] BỎ QUA: Đã ở trạng thái mong muốn
2025-11-21 11:24:31,559 - INFO - [ThreadPoolExecutor-12_2] - ✅ [B8-INV-02] BỎ QUA: Đã ở trạng thái mong muốn
2025-11-21 11:24:31,577 - INFO - [ThreadPoolExecutor-12_1] - ✅ [B8-INV-01] BỎ QUA: Đã ở trạng thái mong muốn
2025-11-21 11:24:31,666 - INFO - [ThreadPoolExecutor-12_4] - ✅ [B8-INV-04] BỎ QUA: Đã ở trạng thái mong muốn
2025-11-21 11:24:31,732 - INFO - [MainThread] - ℹ️ 📦 Batch 13: Hoàn thành 8, Retry 0, Thất bại 0
2025-11-21 11:24:31,732 - INFO - [MainThread] - ℹ️ 📈 Tiến trình: 95/132 (72.0%)
2025-11-21 11:24:33,254 - INFO - [ThreadPoolExecutor-13_6] - ℹ️ Driver khởi tạo thành công
2025-11-21 11:24:33,342 - INFO - [ThreadPoolExecutor-13_0] - ℹ️ Driver khởi tạo thành công
2025-11-21 11:24:33,362 - INFO - [ThreadPoolExecutor-13_7] - ℹ️ Driver khởi tạo thành công
2025-11-21 11:24:33,384 - INFO - [ThreadPoolExecutor-13_1] - ℹ️ Driver khởi tạo thành công
2025-11-21 11:24:33,447 - INFO - [ThreadPoolExecutor-13_4] - ℹ️ Driver khởi tạo thành công
2025-11-21 11:24:33,456 - INFO - [ThreadPoolExecutor-13_3] - ℹ️ Driver khởi tạo thành công
2025-11-21 11:24:33,464 - INFO - [ThreadPoolExecutor-13_2] - ℹ️ Driver khởi tạo thành công
2025-11-21 11:24:33,464 - INFO - [ThreadPoolExecutor-13_5] - ℹ️ Driver khởi tạo thành công
2025-11-21 11:24:39,566 - INFO - [ThreadPoolExecutor-13_0] - ✅ [B11-INV-03] BỎ QUA: Đã ở trạng thái mong muốn
2025-11-21 11:24:41,144 - INFO - [ThreadPoolExecutor-13_6] - ✅ [B11-INV-09] BỎ QUA: Đã ở trạng thái mong muốn
2025-11-21 11:24:41,395 - INFO - [ThreadPoolExecutor-13_3] - ✅ [B11-INV-06] BỎ QUA: Đã ở trạng thái mong muốn
2025-11-21 11:24:41,417 - INFO - [ThreadPoolExecutor-13_2] - ✅ [B11-INV-05] BỎ QUA: Đã ở trạng thái mong muốn
2025-11-21 11:24:41,427 - INFO - [ThreadPoolExecutor-13_7] - ✅ [B11-INV-10] BỎ QUA: Đã ở trạng thái mong muốn
2025-11-21 11:24:41,472 - INFO - [ThreadPoolExecutor-13_5] - ✅ [B11-INV-08] BỎ QUA: Đã ở trạng thái mong muốn
2025-11-21 11:24:41,845 - INFO - [ThreadPoolExecutor-13_4] - ✅ [B11-INV-07] BỎ QUA: Đã ở trạng thái mong muốn
2025-11-21 11:24:41,952 - INFO - [ThreadPoolExecutor-13_1] - ✅ [B11-INV-04] BỎ QUA: Đã ở trạng thái mong muốn
2025-11-21 11:24:42,018 - INFO - [MainThread] - ℹ️ 📦 Batch 14: Hoàn thành 8, Retry 0, Thất bại 0
2025-11-21 11:24:42,018 - INFO - [MainThread] - ℹ️ 📈 Tiến trình: 103/132 (78.0%)
2025-11-21 11:24:43,596 - INFO - [ThreadPoolExecutor-14_1] - ℹ️ Driver khởi tạo thành công
2025-11-21 11:24:43,710 - INFO - [ThreadPoolExecutor-14_6] - ℹ️ Driver khởi tạo thành công
2025-11-21 11:24:43,726 - INFO - [ThreadPoolExecutor-14_0] - ℹ️ Driver khởi tạo thành công
2025-11-21 11:24:43,785 - INFO - [ThreadPoolExecutor-14_4] - ℹ️ Driver khởi tạo thành công
2025-11-21 11:24:43,789 - INFO - [ThreadPoolExecutor-14_5] - ℹ️ Driver khởi tạo thành công
2025-11-21 11:24:43,791 - INFO - [ThreadPoolExecutor-14_2] - ℹ️ Driver khởi tạo thành công
2025-11-21 11:24:43,894 - INFO - [ThreadPoolExecutor-14_7] - ℹ️ Driver khởi tạo thành công
2025-11-21 11:24:43,926 - INFO - [ThreadPoolExecutor-14_3] - ℹ️ Driver khởi tạo thành công
2025-11-21 11:24:50,847 - INFO - [ThreadPoolExecutor-14_7] - ✅ [B12-INV-08] BỎ QUA: Đã ở trạng thái mong muốn
2025-11-21 11:24:51,800 - INFO - [ThreadPoolExecutor-14_0] - ✅ [B12-INV-01] BỎ QUA: Đã ở trạng thái mong muốn
2025-11-21 11:24:51,937 - INFO - [ThreadPoolExecutor-14_6] - ✅ [B12-INV-07] BỎ QUA: Đã ở trạng thái mong muốn
2025-11-21 11:24:51,968 - INFO - [ThreadPoolExecutor-14_3] - ✅ [B12-INV-04] BỎ QUA: Đã ở trạng thái mong muốn
2025-11-21 11:24:52,015 - INFO - [ThreadPoolExecutor-14_5] - ✅ [B12-INV-06] BỎ QUA: Đã ở trạng thái mong muốn
2025-11-21 11:24:52,045 - INFO - [ThreadPoolExecutor-14_1] - ✅ [B12-INV-02] BỎ QUA: Đã ở trạng thái mong muốn
2025-11-21 11:24:52,085 - INFO - [ThreadPoolExecutor-14_4] - ✅ [B12-INV-05] BỎ QUA: Đã ở trạng thái mong muốn
2025-11-21 11:24:52,182 - INFO - [ThreadPoolExecutor-14_2] - ✅ [B12-INV-03] BỎ QUA: Đã ở trạng thái mong muốn
2025-11-21 11:24:52,247 - INFO - [MainThread] - ℹ️ 📦 Batch 15: Hoàn thành 8, Retry 0, Thất bại 0
2025-11-21 11:24:52,247 - INFO - [MainThread] - ℹ️ 📈 Tiến trình: 111/132 (84.1%)
2025-11-21 11:24:55,180 - INFO - [ThreadPoolExecutor-15_6] - ℹ️ Driver khởi tạo thành công
2025-11-21 11:24:55,208 - INFO - [ThreadPoolExecutor-15_3] - ℹ️ Driver khởi tạo thành công
2025-11-21 11:24:55,282 - INFO - [ThreadPoolExecutor-15_7] - ℹ️ Driver khởi tạo thành công
2025-11-21 11:24:55,284 - INFO - [ThreadPoolExecutor-15_1] - ℹ️ Driver khởi tạo thành công
2025-11-21 11:24:55,387 - INFO - [ThreadPoolExecutor-15_0] - ℹ️ Driver khởi tạo thành công
2025-11-21 11:24:55,436 - INFO - [ThreadPoolExecutor-15_5] - ℹ️ Driver khởi tạo thành công
2025-11-21 11:24:55,498 - INFO - [ThreadPoolExecutor-15_2] - ℹ️ Driver khởi tạo thành công
2025-11-21 11:24:55,570 - INFO - [ThreadPoolExecutor-15_4] - ℹ️ Driver khởi tạo thành công
2025-11-21 11:25:02,873 - INFO - [ThreadPoolExecutor-15_7] - ✅ [B13-14-INV-06] BỎ QUA: Đã ở trạng thái mong muốn
2025-11-21 11:25:03,154 - INFO - [ThreadPoolExecutor-15_3] - ✅ [B13-14-INV-02] BỎ QUA: Đã ở trạng thái mong muốn
2025-11-21 11:25:03,164 - INFO - [ThreadPoolExecutor-15_6] - ✅ [B13-14-INV-05] BỎ QUA: Đã ở trạng thái mong muốn
2025-11-21 11:25:03,321 - INFO - [ThreadPoolExecutor-15_1] - ✅ [B12-INV-10] BỎ QUA: Đã ở trạng thái mong muốn
2025-11-21 11:25:03,468 - INFO - [ThreadPoolExecutor-15_5] - ✅ [B13-14-INV-04] BỎ QUA: Đã ở trạng thái mong muốn
2025-11-21 11:25:03,477 - INFO - [ThreadPoolExecutor-15_2] - ✅ [B13-14-INV-01] BỎ QUA: Đã ở trạng thái mong muốn
2025-11-21 11:25:03,533 - INFO - [ThreadPoolExecutor-15_0] - ✅ [B12-INV-09] BỎ QUA: Đã ở trạng thái mong muốn
2025-11-21 11:25:03,986 - INFO - [ThreadPoolExecutor-15_4] - ✅ [B13-14-INV-03] BỎ QUA: Đã ở trạng thái mong muốn
2025-11-21 11:25:04,050 - INFO - [MainThread] - ℹ️ 📦 Batch 16: Hoàn thành 8, Retry 0, Thất bại 0
2025-11-21 11:25:04,050 - INFO - [MainThread] - ℹ️ 📈 Tiến trình: 119/132 (90.2%)
2025-11-21 11:25:04,050 - INFO - [MainThread] - ℹ️ Lấy task từ retry queue: B2-INV-01 (retry 1)
2025-11-21 11:25:04,051 - INFO - [MainThread] - ℹ️ Lấy task từ retry queue: B2-INV-06 (retry 1)
2025-11-21 11:25:04,051 - INFO - [MainThread] - ℹ️ Lấy task từ retry queue: B2-INV-08 (retry 1)
2025-11-21 11:25:04,051 - INFO - [MainThread] - ℹ️ Lấy task từ retry queue: B2-INV-02 (retry 1)
2025-11-21 11:25:04,071 - ERROR - [ThreadPoolExecutor-16_7] - ❌ Khởi tạo Driver thất bại: ('Connection aborted.', ConnectionResetError(104, 'Connection reset by peer'))
2025-11-21 11:25:04,072 - WARNING - [MainThread] - ⚠️ Đã chuyển B2-INV-02 sang retry queue (lần 2)
2025-11-21 11:25:05,716 - INFO - [ThreadPoolExecutor-16_2] - ℹ️ Driver khởi tạo thành công
2025-11-21 11:25:05,733 - INFO - [ThreadPoolExecutor-16_6] - ℹ️ Driver khởi tạo thành công
2025-11-21 11:25:05,760 - INFO - [ThreadPoolExecutor-16_1] - ℹ️ Driver khởi tạo thành công
2025-11-21 11:25:05,782 - INFO - [ThreadPoolExecutor-16_5] - ℹ️ Driver khởi tạo thành công
2025-11-21 11:25:05,807 - INFO - [ThreadPoolExecutor-16_3] - ℹ️ Driver khởi tạo thành công
2025-11-21 11:25:05,859 - INFO - [ThreadPoolExecutor-16_4] - ℹ️ Driver khởi tạo thành công
2025-11-21 11:25:05,867 - INFO - [ThreadPoolExecutor-16_0] - ℹ️ Driver khởi tạo thành công
2025-11-21 11:25:11,335 - INFO - [ThreadPoolExecutor-16_1] - ✅ [B13-14-INV-08] BỎ QUA: Đã ở trạng thái mong muốn
2025-11-21 11:25:13,590 - INFO - [ThreadPoolExecutor-16_0] - ✅ [B13-14-INV-07] BỎ QUA: Đã ở trạng thái mong muốn
2025-11-21 11:25:13,604 - INFO - [ThreadPoolExecutor-16_2] - ✅ [B13-14-INV-09] BỎ QUA: Đã ở trạng thái mong muốn
2025-11-21 11:25:13,688 - INFO - [ThreadPoolExecutor-16_3] - ✅ [B13-14-INV-10] BỎ QUA: Đã ở trạng thái mong muốn
2025-11-21 11:25:17,916 - WARNING - [MainThread] - ⚠️ Đã chuyển B2-INV-08 sang retry queue (lần 2)
2025-11-21 11:25:17,917 - WARNING - [MainThread] - ⚠️ Đã chuyển B2-INV-01 sang retry queue (lần 2)
2025-11-21 11:25:18,206 - WARNING - [MainThread] - ⚠️ Đã chuyển B2-INV-06 sang retry queue (lần 2)
2025-11-21 11:25:18,207 - INFO - [MainThread] - ℹ️ 📦 Batch 17: Hoàn thành 4, Retry 4, Thất bại 0
2025-11-21 11:25:18,208 - INFO - [MainThread] - ℹ️ 📈 Tiến trình: 123/132 (93.2%)
2025-11-21 11:25:18,208 - INFO - [MainThread] - ℹ️ Lấy task từ retry queue: B2-INV-07 (retry 1)
2025-11-21 11:25:18,208 - INFO - [MainThread] - ℹ️ Lấy task từ retry queue: B2-INV-04 (retry 1)
2025-11-21 11:25:18,208 - INFO - [MainThread] - ℹ️ Lấy task từ retry queue: B2-INV-05 (retry 1)
2025-11-21 11:25:18,208 - INFO - [MainThread] - ℹ️ Lấy task từ retry queue: B2-INV-03 (retry 1)
2025-11-21 11:25:18,208 - INFO - [MainThread] - ℹ️ Lấy task từ retry queue: B2-INV-09 (retry 1)
2025-11-21 11:25:18,208 - INFO - [MainThread] - ℹ️ Lấy task từ retry queue: B2-INV-02 (retry 2)
2025-11-21 11:25:18,208 - INFO - [MainThread] - ℹ️ Lấy task từ retry queue: B2-INV-08 (retry 2)
2025-11-21 11:25:18,208 - INFO - [MainThread] - ℹ️ Lấy task từ retry queue: B2-INV-01 (retry 2)
2025-11-21 11:25:19,589 - INFO - [ThreadPoolExecutor-17_4] - ℹ️ Driver khởi tạo thành công
2025-11-21 11:25:19,672 - INFO - [ThreadPoolExecutor-17_5] - ℹ️ Driver khởi tạo thành công
2025-11-21 11:25:19,707 - INFO - [ThreadPoolExecutor-17_2] - ℹ️ Driver khởi tạo thành công
2025-11-21 11:25:19,709 - INFO - [ThreadPoolExecutor-17_3] - ℹ️ Driver khởi tạo thành công
2025-11-21 11:25:19,710 - INFO - [ThreadPoolExecutor-17_7] - ℹ️ Driver khởi tạo thành công
2025-11-21 11:25:19,739 - INFO - [ThreadPoolExecutor-17_1] - ℹ️ Driver khởi tạo thành công
2025-11-21 11:25:19,742 - INFO - [ThreadPoolExecutor-17_0] - ℹ️ Driver khởi tạo thành công
2025-11-21 11:25:19,840 - INFO - [ThreadPoolExecutor-17_6] - ℹ️ Driver khởi tạo thành công
2025-11-21 11:25:33,403 - WARNING - [MainThread] - ⚠️ Đã chuyển B2-INV-03 sang retry queue (lần 2)
2025-11-21 11:25:33,404 - WARNING - [MainThread] - ⚠️ Đã chuyển B2-INV-07 sang retry queue (lần 2)
2025-11-21 11:25:33,405 - WARNING - [MainThread] - ⚠️ Đã chuyển B2-INV-09 sang retry queue (lần 2)
2025-11-21 11:25:33,405 - ERROR - [MainThread] - ❌ Task B2-INV-08 đã vượt quá số lần retry tối đa
2025-11-21 11:25:33,405 - WARNING - [MainThread] - ⚠️ Đã chuyển B2-INV-04 sang retry queue (lần 2)
2025-11-21 11:25:33,406 - WARNING - [MainThread] - ⚠️ Đã chuyển B2-INV-05 sang retry queue (lần 2)
2025-11-21 11:25:33,409 - ERROR - [MainThread] - ❌ Task B2-INV-01 đã vượt quá số lần retry tối đa
2025-11-21 11:25:33,756 - ERROR - [MainThread] - ❌ Task B2-INV-02 đã vượt quá số lần retry tối đa
2025-11-21 11:25:33,757 - INFO - [MainThread] - ℹ️ 📦 Batch 18: Hoàn thành 0, Retry 5, Thất bại 3
2025-11-21 11:25:33,757 - INFO - [MainThread] - ℹ️ 📈 Tiến trình: 123/132 (93.2%)
2025-11-21 11:25:33,757 - INFO - [MainThread] - ℹ️ Lấy task từ retry queue: B2-INV-06 (retry 2)
2025-11-21 11:25:33,757 - INFO - [MainThread] - ℹ️ Lấy task từ retry queue: B2-INV-03 (retry 2)
2025-11-21 11:25:33,757 - INFO - [MainThread] - ℹ️ Lấy task từ retry queue: B2-INV-07 (retry 2)
2025-11-21 11:25:33,757 - INFO - [MainThread] - ℹ️ Lấy task từ retry queue: B2-INV-09 (retry 2)
2025-11-21 11:25:33,757 - INFO - [MainThread] - ℹ️ Lấy task từ retry queue: B2-INV-04 (retry 2)
2025-11-21 11:25:33,757 - INFO - [MainThread] - ℹ️ Lấy task từ retry queue: B2-INV-05 (retry 2)
2025-11-21 11:25:34,561 - INFO - [ThreadPoolExecutor-18_1] - ℹ️ Driver khởi tạo thành công
2025-11-21 11:25:34,901 - INFO - [ThreadPoolExecutor-18_2] - ℹ️ Driver khởi tạo thành công
2025-11-21 11:25:34,949 - INFO - [ThreadPoolExecutor-18_3] - ℹ️ Driver khởi tạo thành công
2025-11-21 11:25:34,951 - INFO - [ThreadPoolExecutor-18_4] - ℹ️ Driver khởi tạo thành công
2025-11-21 11:25:34,992 - INFO - [ThreadPoolExecutor-18_5] - ℹ️ Driver khởi tạo thành công
2025-11-21 11:25:35,015 - INFO - [ThreadPoolExecutor-18_0] - ℹ️ Driver khởi tạo thành công
2025-11-21 11:25:47,122 - ERROR - [MainThread] - ❌ Task B2-INV-03 đã vượt quá số lần retry tối đa
2025-11-21 11:25:47,228 - ERROR - [MainThread] - ❌ Task B2-INV-09 đã vượt quá số lần retry tối đa
2025-11-21 11:25:47,229 - ERROR - [MainThread] - ❌ Task B2-INV-07 đã vượt quá số lần retry tối đa
2025-11-21 11:25:47,230 - ERROR - [MainThread] - ❌ Task B2-INV-05 đã vượt quá số lần retry tối đa
2025-11-21 11:25:47,439 - ERROR - [MainThread] - ❌ Task B2-INV-04 đã vượt quá số lần retry tối đa
2025-11-21 11:25:47,440 - ERROR - [MainThread] - ❌ Task B2-INV-06 đã vượt quá số lần retry tối đa
2025-11-21 11:25:47,440 - INFO - [MainThread] - ℹ️ 📦 Batch 19: Hoàn thành 0, Retry 0, Thất bại 6
2025-11-21 11:25:47,440 - INFO - [MainThread] - ℹ️ 📈 Tiến trình: 123/132 (93.2%)
2025-11-21 11:25:47,441 - INFO - [MainThread] - ℹ️ ⏹️  Chỉ còn ít tasks retry, kết thúc sớm
2025-11-21 11:25:47,441 - INFO - [MainThread] - ℹ️ ============================================================
2025-11-21 11:25:47,441 - INFO - [MainThread] - ℹ️ 🎯 BÁO CÁO TỔNG KẾT - PHIÊN BẢN 0.3.1 (TỐI ƯU)
2025-11-21 11:25:47,441 - INFO - [MainThread] - ℹ️ ============================================================
2025-11-21 11:25:47,441 - INFO - [MainThread] - ℹ️ 📦 Tổng số tác vụ: 132
2025-11-21 11:25:47,441 - INFO - [MainThread] - ℹ️ ✅ Thành công: 123
2025-11-21 11:25:47,441 - INFO - [MainThread] - ℹ️ ❌ Thất bại: 9
2025-11-21 11:25:47,441 - INFO - [MainThread] - ℹ️ ⏭️ Bỏ qua: 0
2025-11-21 11:25:47,441 - INFO - [MainThread] - ℹ️ 📊 Tỷ lệ thành công: 93.2%
2025-11-21 11:25:47,442 - INFO - [MainThread] - ℹ️ ⏱️ Thời gian trung bình/task: 1.85s
2025-11-21 11:25:47,442 - INFO - [MainThread] - ℹ️ 🕒 Tổng thời gian: 0:04:04.313011
2025-11-21 12:43:13,160 - INFO - [MainThread] - ℹ️ 🚀 Bắt đầu xử lý 14 yêu cầu - Phiên bản 0.3.1 (Tối Ưu)
2025-11-21 12:43:13,162 - INFO - [MainThread] - ℹ️ Đã thêm 132 tasks vào hàng đợi chính
2025-11-21 12:43:13,163 - INFO - [MainThread] - ℹ️ 📊 Tổng số tác vụ: 132
2025-11-21 12:43:17,164 - INFO - [ThreadPoolExecutor-0_4] - ℹ️ Driver khởi tạo thành công
2025-11-21 12:43:17,165 - INFO - [ThreadPoolExecutor-0_5] - ℹ️ Driver khởi tạo thành công
2025-11-21 12:43:17,165 - INFO - [ThreadPoolExecutor-0_0] - ℹ️ Driver khởi tạo thành công
2025-11-21 12:43:17,166 - INFO - [ThreadPoolExecutor-0_2] - ℹ️ Driver khởi tạo thành công
2025-11-21 12:43:17,167 - INFO - [ThreadPoolExecutor-0_6] - ℹ️ Driver khởi tạo thành công
2025-11-21 12:43:17,167 - INFO - [ThreadPoolExecutor-0_7] - ℹ️ Driver khởi tạo thành công
2025-11-21 12:43:17,168 - INFO - [ThreadPoolExecutor-0_3] - ℹ️ Driver khởi tạo thành công
2025-11-21 12:43:17,169 - INFO - [ThreadPoolExecutor-0_1] - ℹ️ Driver khởi tạo thành công
2025-11-21 12:43:31,118 - WARNING - [MainThread] - ⚠️ Đã chuyển B2-INV-06 sang retry queue (lần 1)
2025-11-21 12:43:31,124 - WARNING - [MainThread] - ⚠️ Đã chuyển B2-INV-04 sang retry queue (lần 1)
2025-11-21 12:43:31,141 - WARNING - [MainThread] - ⚠️ Đã chuyển B2-INV-05 sang retry queue (lần 1)
2025-11-21 12:43:31,146 - WARNING - [MainThread] - ⚠️ Đã chuyển B2-INV-02 sang retry queue (lần 1)
2025-11-21 12:43:31,146 - WARNING - [MainThread] - ⚠️ Đã chuyển B2-INV-01 sang retry queue (lần 1)
2025-11-21 12:43:31,147 - WARNING - [MainThread] - ⚠️ Đã chuyển B2-INV-03 sang retry queue (lần 1)
2025-11-21 12:43:31,148 - WARNING - [MainThread] - ⚠️ Đã chuyển B2-INV-08 sang retry queue (lần 1)
2025-11-21 12:43:31,153 - WARNING - [MainThread] - ⚠️ Đã chuyển B2-INV-07 sang retry queue (lần 1)
2025-11-21 12:43:31,154 - INFO - [MainThread] - ℹ️ 📦 Batch 1: Hoàn thành 0, Retry 8, Thất bại 0
2025-11-21 12:43:31,154 - INFO - [MainThread] - ℹ️ 📈 Tiến trình: 0/132 (0.0%)
2025-11-21 12:43:31,972 - INFO - [ThreadPoolExecutor-1_6] - ℹ️ Driver khởi tạo thành công
2025-11-21 12:43:32,470 - INFO - [ThreadPoolExecutor-1_7] - ℹ️ Driver khởi tạo thành công
2025-11-21 12:43:32,481 - INFO - [ThreadPoolExecutor-1_2] - ℹ️ Driver khởi tạo thành công
2025-11-21 12:43:32,519 - INFO - [ThreadPoolExecutor-1_4] - ℹ️ Driver khởi tạo thành công
2025-11-21 12:43:32,523 - INFO - [ThreadPoolExecutor-1_0] - ℹ️ Driver khởi tạo thành công
2025-11-21 12:43:32,529 - INFO - [ThreadPoolExecutor-1_5] - ℹ️ Driver khởi tạo thành công
2025-11-21 12:43:32,563 - INFO - [ThreadPoolExecutor-1_1] - ℹ️ Driver khởi tạo thành công
2025-11-21 12:43:32,583 - INFO - [ThreadPoolExecutor-1_3] - ℹ️ Driver khởi tạo thành công
2025-11-21 12:43:40,103 - INFO - [ThreadPoolExecutor-1_6] - ✅ [B3R1-INV-06] BỎ QUA: Đã ở trạng thái mong muốn
2025-11-21 12:43:40,630 - INFO - [ThreadPoolExecutor-1_7] - ✅ [B3R1-INV-07] BỎ QUA: Đã ở trạng thái mong muốn
2025-11-21 12:43:40,641 - INFO - [ThreadPoolExecutor-1_3] - ✅ [B3R1-INV-03] BỎ QUA: Đã ở trạng thái mong muốn
2025-11-21 12:43:40,650 - INFO - [ThreadPoolExecutor-1_1] - ✅ [B3R1-INV-01] BỎ QUA: Đã ở trạng thái mong muốn
2025-11-21 12:43:40,715 - INFO - [ThreadPoolExecutor-1_4] - ✅ [B3R1-INV-04] BỎ QUA: Đã ở trạng thái mong muốn
2025-11-21 12:43:40,731 - INFO - [ThreadPoolExecutor-1_2] - ✅ [B3R1-INV-02] BỎ QUA: Đã ở trạng thái mong muốn
2025-11-21 12:43:41,235 - INFO - [ThreadPoolExecutor-1_5] - ✅ [B3R1-INV-05] BỎ QUA: Đã ở trạng thái mong muốn
2025-11-21 12:43:44,862 - WARNING - [MainThread] - ⚠️ Đã chuyển B2-INV-09 sang retry queue (lần 1)
2025-11-21 12:43:44,864 - INFO - [MainThread] - ℹ️ 📦 Batch 2: Hoàn thành 7, Retry 1, Thất bại 0
2025-11-21 12:43:44,864 - INFO - [MainThread] - ℹ️ 📈 Tiến trình: 7/132 (5.3%)
2025-11-21 12:43:46,188 - INFO - [ThreadPoolExecutor-2_1] - ℹ️ Driver khởi tạo thành công
2025-11-21 12:43:46,287 - INFO - [ThreadPoolExecutor-2_2] - ℹ️ Driver khởi tạo thành công
2025-11-21 12:43:46,336 - INFO - [ThreadPoolExecutor-2_5] - ℹ️ Driver khởi tạo thành công
2025-11-21 12:43:46,337 - INFO - [ThreadPoolExecutor-2_6] - ℹ️ Driver khởi tạo thành công
2025-11-21 12:43:46,345 - INFO - [ThreadPoolExecutor-2_3] - ℹ️ Driver khởi tạo thành công
2025-11-21 12:43:46,346 - INFO - [ThreadPoolExecutor-2_7] - ℹ️ Driver khởi tạo thành công
2025-11-21 12:43:46,363 - INFO - [ThreadPoolExecutor-2_0] - ℹ️ Driver khởi tạo thành công
2025-11-21 12:43:46,422 - INFO - [ThreadPoolExecutor-2_4] - ℹ️ Driver khởi tạo thành công
2025-11-21 12:43:53,825 - INFO - [ThreadPoolExecutor-2_1] - ✅ [B3R1-INV-09] BỎ QUA: Đã ở trạng thái mong muốn
2025-11-21 12:43:54,138 - INFO - [ThreadPoolExecutor-2_0] - ✅ [B3R1-INV-08] BỎ QUA: Đã ở trạng thái mong muốn
2025-11-21 12:43:54,689 - INFO - [ThreadPoolExecutor-2_2] - ✅ [B3R2-INV-01] BỎ QUA: Đã ở trạng thái mong muốn
2025-11-21 12:43:55,517 - INFO - [ThreadPoolExecutor-2_3] - ✅ [B3R2-INV-02] BỎ QUA: Đã ở trạng thái mong muốn
2025-11-21 12:43:55,945 - INFO - [ThreadPoolExecutor-2_5] - ✅ [B3R2-INV-04] BỎ QUA: Đã ở trạng thái mong muốn
2025-11-21 12:43:55,978 - INFO - [ThreadPoolExecutor-2_4] - ✅ [B3R2-INV-03] BỎ QUA: Đã ở trạng thái mong muốn
2025-11-21 12:43:56,541 - INFO - [ThreadPoolExecutor-2_7] - ✅ [B3R2-INV-06] BỎ QUA: Đã ở trạng thái mong muốn
2025-11-21 12:43:56,611 - INFO - [ThreadPoolExecutor-2_6] - ✅ [B3R2-INV-05] BỎ QUA: Đã ở trạng thái mong muốn
2025-11-21 12:43:56,675 - INFO - [MainThread] - ℹ️ 📦 Batch 3: Hoàn thành 8, Retry 0, Thất bại 0
2025-11-21 12:43:56,676 - INFO - [MainThread] - ℹ️ 📈 Tiến trình: 15/132 (11.4%)
2025-11-21 12:43:58,037 - INFO - [ThreadPoolExecutor-3_5] - ℹ️ Driver khởi tạo thành công
2025-11-21 12:43:58,121 - INFO - [ThreadPoolExecutor-3_1] - ℹ️ Driver khởi tạo thành công
2025-11-21 12:43:58,199 - INFO - [ThreadPoolExecutor-3_4] - ℹ️ Driver khởi tạo thành công
2025-11-21 12:43:58,333 - INFO - [ThreadPoolExecutor-3_7] - ℹ️ Driver khởi tạo thành công
2025-11-21 12:43:58,346 - INFO - [ThreadPoolExecutor-3_6] - ℹ️ Driver khởi tạo thành công
2025-11-21 12:43:58,351 - INFO - [ThreadPoolExecutor-3_2] - ℹ️ Driver khởi tạo thành công
2025-11-21 12:43:58,380 - INFO - [ThreadPoolExecutor-3_0] - ℹ️ Driver khởi tạo thành công
2025-11-21 12:43:58,382 - INFO - [ThreadPoolExecutor-3_3] - ℹ️ Driver khởi tạo thành công
2025-11-21 12:44:08,344 - INFO - [ThreadPoolExecutor-3_1] - ✅ [B3R2-INV-08] BỎ QUA: Đã ở trạng thái mong muốn
2025-11-21 12:44:08,394 - INFO - [ThreadPoolExecutor-3_2] - ✅ [B3R2-INV-09] BỎ QUA: Đã ở trạng thái mong muốn
2025-11-21 12:44:08,653 - INFO - [ThreadPoolExecutor-3_0] - ✅ [B3R2-INV-07] BỎ QUA: Đã ở trạng thái mong muốn
2025-11-21 12:44:09,205 - INFO - [ThreadPoolExecutor-3_7] - ✅ [B4R1-INV-05] BỎ QUA: Đã ở trạng thái mong muốn
2025-11-21 12:44:09,229 - INFO - [ThreadPoolExecutor-3_5] - ✅ [B4R1-INV-03] BỎ QUA: Đã ở trạng thái mong muốn
2025-11-21 12:44:09,327 - INFO - [ThreadPoolExecutor-3_4] - ✅ [B4R1-INV-02] BỎ QUA: Đã ở trạng thái mong muốn
2025-11-21 12:44:09,343 - INFO - [ThreadPoolExecutor-3_6] - ✅ [B4R1-INV-04] BỎ QUA: Đã ở trạng thái mong muốn
2025-11-21 12:44:11,381 - INFO - [ThreadPoolExecutor-3_3] - ✅ [B4R1-INV-01] BỎ QUA: Đã ở trạng thái mong muốn
2025-11-21 12:44:11,448 - INFO - [MainThread] - ℹ️ 📦 Batch 4: Hoàn thành 8, Retry 0, Thất bại 0
2025-11-21 12:44:11,448 - INFO - [MainThread] - ℹ️ 📈 Tiến trình: 23/132 (17.4%)
2025-11-21 12:44:12,845 - INFO - [ThreadPoolExecutor-4_2] - ℹ️ Driver khởi tạo thành công
2025-11-21 12:44:12,852 - INFO - [ThreadPoolExecutor-4_4] - ℹ️ Driver khởi tạo thành công
2025-11-21 12:44:12,897 - INFO - [ThreadPoolExecutor-4_0] - ℹ️ Driver khởi tạo thành công
2025-11-21 12:44:12,932 - INFO - [ThreadPoolExecutor-4_7] - ℹ️ Driver khởi tạo thành công
2025-11-21 12:44:12,936 - INFO - [ThreadPoolExecutor-4_6] - ℹ️ Driver khởi tạo thành công
2025-11-21 12:44:12,961 - INFO - [ThreadPoolExecutor-4_3] - ℹ️ Driver khởi tạo thành công
2025-11-21 12:44:12,967 - INFO - [ThreadPoolExecutor-4_1] - ℹ️ Driver khởi tạo thành công
2025-11-21 12:44:12,970 - INFO - [ThreadPoolExecutor-4_5] - ℹ️ Driver khởi tạo thành công
2025-11-21 12:44:21,901 - INFO - [ThreadPoolExecutor-4_2] - ✅ [B4R1-INV-08] BỎ QUA: Đã ở trạng thái mong muốn
2025-11-21 12:44:21,922 - INFO - [ThreadPoolExecutor-4_1] - ✅ [B4R1-INV-07] BỎ QUA: Đã ở trạng thái mong muốn
2025-11-21 12:44:22,728 - INFO - [ThreadPoolExecutor-4_3] - ✅ [B4R1-INV-09] BỎ QUA: Đã ở trạng thái mong muốn
2025-11-21 12:44:22,745 - INFO - [ThreadPoolExecutor-4_0] - ✅ [B4R1-INV-06] BỎ QUA: Đã ở trạng thái mong muốn
2025-11-21 12:44:22,756 - INFO - [ThreadPoolExecutor-4_4] - ✅ [B4R1-INV-10] BỎ QUA: Đã ở trạng thái mong muốn
2025-11-21 12:44:23,122 - INFO - [ThreadPoolExecutor-4_6] - ✅ [B4R2-INV-02] BỎ QUA: Đã ở trạng thái mong muốn
2025-11-21 12:44:24,077 - INFO - [ThreadPoolExecutor-4_7] - ✅ [B4R2-INV-03] BỎ QUA: Đã ở trạng thái mong muốn
2025-11-21 12:44:24,101 - INFO - [ThreadPoolExecutor-4_5] - ✅ [B4R2-INV-01] BỎ QUA: Đã ở trạng thái mong muốn
2025-11-21 12:44:24,166 - INFO - [MainThread] - ℹ️ 📦 Batch 5: Hoàn thành 8, Retry 0, Thất bại 0
2025-11-21 12:44:24,167 - INFO - [MainThread] - ℹ️ 📈 Tiến trình: 31/132 (23.5%)
2025-11-21 12:44:25,603 - INFO - [ThreadPoolExecutor-5_2] - ℹ️ Driver khởi tạo thành công
2025-11-21 12:44:25,623 - INFO - [ThreadPoolExecutor-5_4] - ℹ️ Driver khởi tạo thành công
2025-11-21 12:44:25,641 - INFO - [ThreadPoolExecutor-5_3] - ℹ️ Driver khởi tạo thành công
2025-11-21 12:44:25,660 - INFO - [ThreadPoolExecutor-5_6] - ℹ️ Driver khởi tạo thành công
2025-11-21 12:44:25,711 - INFO - [ThreadPoolExecutor-5_5] - ℹ️ Driver khởi tạo thành công
2025-11-21 12:44:25,713 - INFO - [ThreadPoolExecutor-5_0] - ℹ️ Driver khởi tạo thành công
2025-11-21 12:44:25,731 - INFO - [ThreadPoolExecutor-5_7] - ℹ️ Driver khởi tạo thành công
2025-11-21 12:44:25,789 - INFO - [ThreadPoolExecutor-5_1] - ℹ️ Driver khởi tạo thành công
2025-11-21 12:44:37,948 - INFO - [ThreadPoolExecutor-5_7] - ✅ [B5R1-INV-01] BỎ QUA: Đã ở trạng thái mong muốn
2025-11-21 12:44:40,107 - INFO - [ThreadPoolExecutor-5_0] - ✅ [B4R2-INV-04] BỎ QUA: Đã ở trạng thái mong muốn
2025-11-21 12:44:40,407 - INFO - [ThreadPoolExecutor-5_3] - ✅ [B4R2-INV-07] BỎ QUA: Đã ở trạng thái mong muốn
2025-11-21 12:44:40,767 - INFO - [ThreadPoolExecutor-5_4] - ✅ [B4R2-INV-08] BỎ QUA: Đã ở trạng thái mong muốn
2025-11-21 12:44:40,942 - INFO - [ThreadPoolExecutor-5_6] - ✅ [B4R2-INV-10] BỎ QUA: Đã ở trạng thái mong muốn
2025-11-21 12:44:40,957 - INFO - [ThreadPoolExecutor-5_5] - ✅ [B4R2-INV-09] BỎ QUA: Đã ở trạng thái mong muốn
2025-11-21 12:44:41,033 - INFO - [ThreadPoolExecutor-5_1] - ✅ [B4R2-INV-05] BỎ QUA: Đã ở trạng thái mong muốn
2025-11-21 12:44:41,043 - INFO - [ThreadPoolExecutor-5_2] - ✅ [B4R2-INV-06] BỎ QUA: Đã ở trạng thái mong muốn
2025-11-21 12:44:41,109 - INFO - [MainThread] - ℹ️ 📦 Batch 6: Hoàn thành 8, Retry 0, Thất bại 0
2025-11-21 12:44:41,109 - INFO - [MainThread] - ℹ️ 📈 Tiến trình: 39/132 (29.5%)
2025-11-21 12:44:42,003 - INFO - [ThreadPoolExecutor-6_5] - ℹ️ Driver khởi tạo thành công
2025-11-21 12:44:42,515 - INFO - [ThreadPoolExecutor-6_4] - ℹ️ Driver khởi tạo thành công
2025-11-21 12:44:42,524 - INFO - [ThreadPoolExecutor-6_7] - ℹ️ Driver khởi tạo thành công
2025-11-21 12:44:42,545 - INFO - [ThreadPoolExecutor-6_0] - ℹ️ Driver khởi tạo thành công
2025-11-21 12:44:42,575 - INFO - [ThreadPoolExecutor-6_2] - ℹ️ Driver khởi tạo thành công
2025-11-21 12:44:42,590 - INFO - [ThreadPoolExecutor-6_3] - ℹ️ Driver khởi tạo thành công
2025-11-21 12:44:42,601 - INFO - [ThreadPoolExecutor-6_1] - ℹ️ Driver khởi tạo thành công
2025-11-21 12:44:42,656 - INFO - [ThreadPoolExecutor-6_6] - ℹ️ Driver khởi tạo thành công
2025-11-21 12:44:52,277 - INFO - [ThreadPoolExecutor-6_5] - ✅ [B5R1-INV-07] BỎ QUA: Đã ở trạng thái mong muốn
2025-11-21 12:44:53,087 - INFO - [ThreadPoolExecutor-6_4] - ✅ [B5R1-INV-06] BỎ QUA: Đã ở trạng thái mong muốn
2025-11-21 12:44:53,228 - INFO - [ThreadPoolExecutor-6_7] - ✅ [B5R1-INV-09] BỎ QUA: Đã ở trạng thái mong muốn
2025-11-21 12:44:53,885 - INFO - [ThreadPoolExecutor-6_6] - ✅ [B5R1-INV-08] BỎ QUA: Đã ở trạng thái mong muốn
2025-11-21 12:44:53,991 - INFO - [ThreadPoolExecutor-6_2] - ✅ [B5R1-INV-04] BỎ QUA: Đã ở trạng thái mong muốn
2025-11-21 12:44:54,110 - INFO - [ThreadPoolExecutor-6_3] - ✅ [B5R1-INV-05] BỎ QUA: Đã ở trạng thái mong muốn
2025-11-21 12:44:54,160 - INFO - [ThreadPoolExecutor-6_1] - ✅ [B5R1-INV-03] BỎ QUA: Đã ở trạng thái mong muốn
2025-11-21 12:44:54,443 - INFO - [ThreadPoolExecutor-6_0] - ✅ [B5R1-INV-02] BỎ QUA: Đã ở trạng thái mong muốn
2025-11-21 12:44:54,513 - INFO - [MainThread] - ℹ️ 📦 Batch 7: Hoàn thành 8, Retry 0, Thất bại 0
2025-11-21 12:44:54,513 - INFO - [MainThread] - ℹ️ 📈 Tiến trình: 47/132 (35.6%)
2025-11-21 12:44:55,915 - INFO - [ThreadPoolExecutor-7_4] - ℹ️ Driver khởi tạo thành công
2025-11-21 12:44:55,917 - INFO - [ThreadPoolExecutor-7_6] - ℹ️ Driver khởi tạo thành công
2025-11-21 12:44:55,927 - INFO - [ThreadPoolExecutor-7_0] - ℹ️ Driver khởi tạo thành công
2025-11-21 12:44:55,985 - INFO - [ThreadPoolExecutor-7_2] - ℹ️ Driver khởi tạo thành công
2025-11-21 12:44:55,999 - INFO - [ThreadPoolExecutor-7_7] - ℹ️ Driver khởi tạo thành công
2025-11-21 12:44:56,056 - INFO - [ThreadPoolExecutor-7_5] - ℹ️ Driver khởi tạo thành công
2025-11-21 12:44:56,095 - INFO - [ThreadPoolExecutor-7_3] - ℹ️ Driver khởi tạo thành công
2025-11-21 12:44:56,099 - INFO - [ThreadPoolExecutor-7_1] - ℹ️ Driver khởi tạo thành công
2025-11-21 12:45:10,784 - INFO - [ThreadPoolExecutor-7_0] - ✅ [B5R1-INV-10] BỎ QUA: Đã ở trạng thái mong muốn
2025-11-21 12:45:11,418 - INFO - [ThreadPoolExecutor-7_5] - ✅ [B5R2-INV-05] BỎ QUA: Đã ở trạng thái mong muốn
2025-11-21 12:45:11,465 - INFO - [ThreadPoolExecutor-7_6] - ✅ [B5R2-INV-06] BỎ QUA: Đã ở trạng thái mong muốn
2025-11-21 12:45:12,129 - INFO - [ThreadPoolExecutor-7_4] - ✅ [B5R2-INV-04] BỎ QUA: Đã ở trạng thái mong muốn
2025-11-21 12:45:12,133 - INFO - [ThreadPoolExecutor-7_3] - ✅ [B5R2-INV-03] BỎ QUA: Đã ở trạng thái mong muốn
2025-11-21 12:45:12,385 - INFO - [ThreadPoolExecutor-7_7] - ✅ [B5R2-INV-07] BỎ QUA: Đã ở trạng thái mong muốn
2025-11-21 12:45:12,453 - INFO - [ThreadPoolExecutor-7_2] - ✅ [B5R2-INV-02] BỎ QUA: Đã ở trạng thái mong muốn
2025-11-21 12:45:12,928 - INFO - [ThreadPoolExecutor-7_1] - ✅ [B5R2-INV-01] BỎ QUA: Đã ở trạng thái mong muốn
2025-11-21 12:45:13,001 - INFO - [MainThread] - ℹ️ 📦 Batch 8: Hoàn thành 8, Retry 0, Thất bại 0
2025-11-21 12:45:13,001 - INFO - [MainThread] - ℹ️ 📈 Tiến trình: 55/132 (41.7%)
2025-11-21 12:45:14,399 - INFO - [ThreadPoolExecutor-8_0] - ℹ️ Driver khởi tạo thành công
2025-11-21 12:45:14,406 - INFO - [ThreadPoolExecutor-8_1] - ℹ️ Driver khởi tạo thành công
2025-11-21 12:45:14,486 - INFO - [ThreadPoolExecutor-8_3] - ℹ️ Driver khởi tạo thành công
2025-11-21 12:45:14,500 - INFO - [ThreadPoolExecutor-8_7] - ℹ️ Driver khởi tạo thành công
2025-11-21 12:45:14,527 - INFO - [ThreadPoolExecutor-8_2] - ℹ️ Driver khởi tạo thành công
2025-11-21 12:45:14,527 - INFO - [ThreadPoolExecutor-8_5] - ℹ️ Driver khởi tạo thành công
2025-11-21 12:45:14,610 - INFO - [ThreadPoolExecutor-8_4] - ℹ️ Driver khởi tạo thành công
2025-11-21 12:45:14,669 - INFO - [ThreadPoolExecutor-8_6] - ℹ️ Driver khởi tạo thành công
2025-11-21 12:45:21,592 - INFO - [ThreadPoolExecutor-8_7] - ✅ [B6R1-INV-05] BỎ QUA: Đã ở trạng thái mong muốn
2025-11-21 12:45:22,543 - INFO - [ThreadPoolExecutor-8_0] - ✅ [B5R2-INV-08] BỎ QUA: Đã ở trạng thái mong muốn
2025-11-21 12:45:22,548 - INFO - [ThreadPoolExecutor-8_2] - ✅ [B5R2-INV-10] BỎ QUA: Đã ở trạng thái mong muốn
2025-11-21 12:45:23,075 - INFO - [ThreadPoolExecutor-8_1] - ✅ [B5R2-INV-09] BỎ QUA: Đã ở trạng thái mong muốn
2025-11-21 12:45:23,491 - INFO - [ThreadPoolExecutor-8_5] - ✅ [B6R1-INV-03] BỎ QUA: Đã ở trạng thái mong muốn
2025-11-21 12:45:23,763 - INFO - [ThreadPoolExecutor-8_3] - ✅ [B6R1-INV-01] BỎ QUA: Đã ở trạng thái mong muốn
2025-11-21 12:45:23,842 - INFO - [ThreadPoolExecutor-8_6] - ✅ [B6R1-INV-04] BỎ QUA: Đã ở trạng thái mong muốn
2025-11-21 12:45:23,850 - INFO - [ThreadPoolExecutor-8_4] - ✅ [B6R1-INV-02] BỎ QUA: Đã ở trạng thái mong muốn
2025-11-21 12:45:23,916 - INFO - [MainThread] - ℹ️ 📦 Batch 9: Hoàn thành 8, Retry 0, Thất bại 0
2025-11-21 12:45:23,917 - INFO - [MainThread] - ℹ️ 📈 Tiến trình: 63/132 (47.7%)
2025-11-21 12:45:25,426 - INFO - [ThreadPoolExecutor-9_7] - ℹ️ Driver khởi tạo thành công
2025-11-21 12:45:25,439 - INFO - [ThreadPoolExecutor-9_1] - ℹ️ Driver khởi tạo thành công
2025-11-21 12:45:25,463 - INFO - [ThreadPoolExecutor-9_0] - ℹ️ Driver khởi tạo thành công
2025-11-21 12:45:25,472 - INFO - [ThreadPoolExecutor-9_4] - ℹ️ Driver khởi tạo thành công
2025-11-21 12:45:25,485 - INFO - [ThreadPoolExecutor-9_2] - ℹ️ Driver khởi tạo thành công
2025-11-21 12:45:25,524 - INFO - [ThreadPoolExecutor-9_3] - ℹ️ Driver khởi tạo thành công
2025-11-21 12:45:25,552 - INFO - [ThreadPoolExecutor-9_6] - ℹ️ Driver khởi tạo thành công
2025-11-21 12:45:25,579 - INFO - [ThreadPoolExecutor-9_5] - ℹ️ Driver khởi tạo thành công
2025-11-21 12:45:35,696 - INFO - [ThreadPoolExecutor-9_7] - ✅ [B6R2-INV-03] BỎ QUA: Đã ở trạng thái mong muốn
2025-11-21 12:45:35,703 - INFO - [ThreadPoolExecutor-9_4] - ✅ [B6R1-INV-10] BỎ QUA: Đã ở trạng thái mong muốn
2025-11-21 12:45:36,122 - INFO - [ThreadPoolExecutor-9_6] - ✅ [B6R2-INV-02] BỎ QUA: Đã ở trạng thái mong muốn
2025-11-21 12:45:36,180 - INFO - [ThreadPoolExecutor-9_1] - ✅ [B6R1-INV-07] BỎ QUA: Đã ở trạng thái mong muốn
2025-11-21 12:45:36,199 - INFO - [ThreadPoolExecutor-9_5] - ✅ [B6R2-INV-01] BỎ QUA: Đã ở trạng thái mong muốn
2025-11-21 12:45:36,684 - INFO - [ThreadPoolExecutor-9_0] - ✅ [B6R1-INV-06] BỎ QUA: Đã ở trạng thái mong muốn
2025-11-21 12:45:36,785 - INFO - [ThreadPoolExecutor-9_2] - ✅ [B6R1-INV-08] BỎ QUA: Đã ở trạng thái mong muốn
2025-11-21 12:45:36,907 - INFO - [ThreadPoolExecutor-9_3] - ✅ [B6R1-INV-09] BỎ QUA: Đã ở trạng thái mong muốn
2025-11-21 12:45:36,975 - INFO - [MainThread] - ℹ️ 📦 Batch 10: Hoàn thành 8, Retry 0, Thất bại 0
2025-11-21 12:45:36,975 - INFO - [MainThread] - ℹ️ 📈 Tiến trình: 71/132 (53.8%)
2025-11-21 12:45:38,333 - INFO - [ThreadPoolExecutor-10_5] - ℹ️ Driver khởi tạo thành công
2025-11-21 12:45:38,422 - INFO - [ThreadPoolExecutor-10_0] - ℹ️ Driver khởi tạo thành công
2025-11-21 12:45:38,521 - INFO - [ThreadPoolExecutor-10_4] - ℹ️ Driver khởi tạo thành công
2025-11-21 12:45:38,561 - INFO - [ThreadPoolExecutor-10_6] - ℹ️ Driver khởi tạo thành công
2025-11-21 12:45:38,574 - INFO - [ThreadPoolExecutor-10_7] - ℹ️ Driver khởi tạo thành công
2025-11-21 12:45:38,617 - INFO - [ThreadPoolExecutor-10_1] - ℹ️ Driver khởi tạo thành công
2025-11-21 12:45:38,648 - INFO - [ThreadPoolExecutor-10_3] - ℹ️ Driver khởi tạo thành công
2025-11-21 12:45:38,648 - INFO - [ThreadPoolExecutor-10_2] - ℹ️ Driver khởi tạo thành công
2025-11-21 12:45:48,344 - INFO - [ThreadPoolExecutor-10_7] - ✅ [B7-INV-01] BỎ QUA: Đã ở trạng thái mong muốn
2025-11-21 12:45:50,239 - INFO - [ThreadPoolExecutor-10_5] - ✅ [B6R2-INV-09] BỎ QUA: Đã ở trạng thái mong muốn
2025-11-21 12:45:50,255 - INFO - [ThreadPoolExecutor-10_2] - ✅ [B6R2-INV-06] BỎ QUA: Đã ở trạng thái mong muốn
2025-11-21 12:45:50,261 - INFO - [ThreadPoolExecutor-10_6] - ✅ [B6R2-INV-10] BỎ QUA: Đã ở trạng thái mong muốn
2025-11-21 12:45:50,380 - INFO - [ThreadPoolExecutor-10_0] - ✅ [B6R2-INV-04] BỎ QUA: Đã ở trạng thái mong muốn
2025-11-21 12:45:50,415 - INFO - [ThreadPoolExecutor-10_4] - ✅ [B6R2-INV-08] BỎ QUA: Đã ở trạng thái mong muốn
2025-11-21 12:45:50,505 - INFO - [ThreadPoolExecutor-10_3] - ✅ [B6R2-INV-07] BỎ QUA: Đã ở trạng thái mong muốn
2025-11-21 12:45:51,166 - INFO - [ThreadPoolExecutor-10_1] - ✅ [B6R2-INV-05] BỎ QUA: Đã ở trạng thái mong muốn
2025-11-21 12:45:51,231 - INFO - [MainThread] - ℹ️ 📦 Batch 11: Hoàn thành 8, Retry 0, Thất bại 0
2025-11-21 12:45:51,231 - INFO - [MainThread] - ℹ️ 📈 Tiến trình: 79/132 (59.8%)
2025-11-21 12:45:52,565 - INFO - [ThreadPoolExecutor-11_1] - ℹ️ Driver khởi tạo thành công
2025-11-21 12:45:52,591 - INFO - [ThreadPoolExecutor-11_0] - ℹ️ Driver khởi tạo thành công
2025-11-21 12:45:52,673 - INFO - [ThreadPoolExecutor-11_2] - ℹ️ Driver khởi tạo thành công
2025-11-21 12:45:52,673 - INFO - [ThreadPoolExecutor-11_5] - ℹ️ Driver khởi tạo thành công
2025-11-21 12:45:52,748 - INFO - [ThreadPoolExecutor-11_6] - ℹ️ Driver khởi tạo thành công
2025-11-21 12:45:52,757 - INFO - [ThreadPoolExecutor-11_4] - ℹ️ Driver khởi tạo thành công
2025-11-21 12:45:52,781 - INFO - [ThreadPoolExecutor-11_3] - ℹ️ Driver khởi tạo thành công
2025-11-21 12:45:52,801 - INFO - [ThreadPoolExecutor-11_7] - ℹ️ Driver khởi tạo thành công
2025-11-21 12:45:57,937 - INFO - [ThreadPoolExecutor-11_0] - ✅ [B7-INV-02] BỎ QUA: Đã ở trạng thái mong muốn
2025-11-21 12:46:00,547 - INFO - [ThreadPoolExecutor-11_5] - ✅ [B7-INV-07] BỎ QUA: Đã ở trạng thái mong muốn
2025-11-21 12:46:00,578 - INFO - [ThreadPoolExecutor-11_2] - ✅ [B7-INV-04] BỎ QUA: Đã ở trạng thái mong muốn
2025-11-21 12:46:00,579 - INFO - [ThreadPoolExecutor-11_7] - ✅ [B7-INV-09] BỎ QUA: Đã ở trạng thái mong muốn
2025-11-21 12:46:00,905 - INFO - [ThreadPoolExecutor-11_1] - ✅ [B7-INV-03] BỎ QUA: Đã ở trạng thái mong muốn
2025-11-21 12:46:01,079 - INFO - [ThreadPoolExecutor-11_3] - ✅ [B7-INV-05] BỎ QUA: Đã ở trạng thái mong muốn
2025-11-21 12:46:01,090 - INFO - [ThreadPoolExecutor-11_4] - ✅ [B7-INV-06] BỎ QUA: Đã ở trạng thái mong muốn
2025-11-21 12:46:01,122 - INFO - [ThreadPoolExecutor-11_6] - ✅ [B7-INV-08] BỎ QUA: Đã ở trạng thái mong muốn
2025-11-21 12:46:01,189 - INFO - [MainThread] - ℹ️ 📦 Batch 12: Hoàn thành 8, Retry 0, Thất bại 0
2025-11-21 12:46:01,189 - INFO - [MainThread] - ℹ️ 📈 Tiến trình: 87/132 (65.9%)
2025-11-21 12:46:02,075 - INFO - [ThreadPoolExecutor-12_2] - ℹ️ Driver khởi tạo thành công
2025-11-21 12:46:02,609 - INFO - [ThreadPoolExecutor-12_3] - ℹ️ Driver khởi tạo thành công
2025-11-21 12:46:02,619 - INFO - [ThreadPoolExecutor-12_7] - ℹ️ Driver khởi tạo thành công
2025-11-21 12:46:02,655 - INFO - [ThreadPoolExecutor-12_5] - ℹ️ Driver khởi tạo thành công
2025-11-21 12:46:02,659 - INFO - [ThreadPoolExecutor-12_1] - ℹ️ Driver khởi tạo thành công
2025-11-21 12:46:02,670 - INFO - [ThreadPoolExecutor-12_6] - ℹ️ Driver khởi tạo thành công
2025-11-21 12:46:02,690 - INFO - [ThreadPoolExecutor-12_4] - ℹ️ Driver khởi tạo thành công
2025-11-21 12:46:02,726 - INFO - [ThreadPoolExecutor-12_0] - ℹ️ Driver khởi tạo thành công
2025-11-21 12:46:09,522 - INFO - [ThreadPoolExecutor-12_2] - ✅ [B8-INV-02] BỎ QUA: Đã ở trạng thái mong muốn
2025-11-21 12:46:10,507 - INFO - [ThreadPoolExecutor-12_3] - ✅ [B8-INV-03] BỎ QUA: Đã ở trạng thái mong muốn
2025-11-21 12:46:10,777 - INFO - [ThreadPoolExecutor-12_4] - ✅ [B8-INV-04] BỎ QUA: Đã ở trạng thái mong muốn
2025-11-21 12:46:10,826 - INFO - [ThreadPoolExecutor-12_0] - ✅ [B7-INV-10] BỎ QUA: Đã ở trạng thái mong muốn
2025-11-21 12:46:10,995 - INFO - [ThreadPoolExecutor-12_5] - ✅ [B8-INV-05] BỎ QUA: Đã ở trạng thái mong muốn
2025-11-21 12:46:11,000 - INFO - [ThreadPoolExecutor-12_6] - ✅ [B11-INV-01] BỎ QUA: Đã ở trạng thái mong muốn
2025-11-21 12:46:11,052 - INFO - [ThreadPoolExecutor-12_1] - ✅ [B8-INV-01] BỎ QUA: Đã ở trạng thái mong muốn
2025-11-21 12:46:11,120 - INFO - [ThreadPoolExecutor-12_7] - ✅ [B11-INV-02] BỎ QUA: Đã ở trạng thái mong muốn
2025-11-21 12:46:11,184 - INFO - [MainThread] - ℹ️ 📦 Batch 13: Hoàn thành 8, Retry 0, Thất bại 0
2025-11-21 12:46:11,184 - INFO - [MainThread] - ℹ️ 📈 Tiến trình: 95/132 (72.0%)
2025-11-21 12:46:12,700 - INFO - [ThreadPoolExecutor-13_4] - ℹ️ Driver khởi tạo thành công
2025-11-21 12:46:12,757 - INFO - [ThreadPoolExecutor-13_0] - ℹ️ Driver khởi tạo thành công
2025-11-21 12:46:12,784 - INFO - [ThreadPoolExecutor-13_2] - ℹ️ Driver khởi tạo thành công
2025-11-21 12:46:12,788 - INFO - [ThreadPoolExecutor-13_6] - ℹ️ Driver khởi tạo thành công
2025-11-21 12:46:12,813 - INFO - [ThreadPoolExecutor-13_1] - ℹ️ Driver khởi tạo thành công
2025-11-21 12:46:12,876 - INFO - [ThreadPoolExecutor-13_5] - ℹ️ Driver khởi tạo thành công
2025-11-21 12:46:12,924 - INFO - [ThreadPoolExecutor-13_7] - ℹ️ Driver khởi tạo thành công
2025-11-21 12:46:12,944 - INFO - [ThreadPoolExecutor-13_3] - ℹ️ Driver khởi tạo thành công
2025-11-21 12:46:20,731 - INFO - [ThreadPoolExecutor-13_0] - ✅ [B11-INV-03] BỎ QUA: Đã ở trạng thái mong muốn
2025-11-21 12:46:22,487 - INFO - [ThreadPoolExecutor-13_1] - ✅ [B11-INV-04] BỎ QUA: Đã ở trạng thái mong muốn
2025-11-21 12:46:22,560 - INFO - [ThreadPoolExecutor-13_6] - ✅ [B11-INV-09] BỎ QUA: Đã ở trạng thái mong muốn
2025-11-21 12:46:22,563 - INFO - [ThreadPoolExecutor-13_5] - ✅ [B11-INV-08] BỎ QUA: Đã ở trạng thái mong muốn
2025-11-21 12:46:22,569 - INFO - [ThreadPoolExecutor-13_4] - ✅ [B11-INV-07] BỎ QUA: Đã ở trạng thái mong muốn
2025-11-21 12:46:23,004 - INFO - [ThreadPoolExecutor-13_2] - ✅ [B11-INV-05] BỎ QUA: Đã ở trạng thái mong muốn
2025-11-21 12:46:23,024 - INFO - [ThreadPoolExecutor-13_3] - ✅ [B11-INV-06] BỎ QUA: Đã ở trạng thái mong muốn
2025-11-21 12:46:23,077 - INFO - [ThreadPoolExecutor-13_7] - ✅ [B11-INV-10] BỎ QUA: Đã ở trạng thái mong muốn
2025-11-21 12:46:23,142 - INFO - [MainThread] - ℹ️ 📦 Batch 14: Hoàn thành 8, Retry 0, Thất bại 0
2025-11-21 12:46:23,142 - INFO - [MainThread] - ℹ️ 📈 Tiến trình: 103/132 (78.0%)
2025-11-21 12:46:24,561 - INFO - [ThreadPoolExecutor-14_4] - ℹ️ Driver khởi tạo thành công
2025-11-21 12:46:24,587 - INFO - [ThreadPoolExecutor-14_7] - ℹ️ Driver khởi tạo thành công
2025-11-21 12:46:24,605 - INFO - [ThreadPoolExecutor-14_0] - ℹ️ Driver khởi tạo thành công
2025-11-21 12:46:24,636 - INFO - [ThreadPoolExecutor-14_2] - ℹ️ Driver khởi tạo thành công
2025-11-21 12:46:24,657 - INFO - [ThreadPoolExecutor-14_6] - ℹ️ Driver khởi tạo thành công
2025-11-21 12:46:24,675 - INFO - [ThreadPoolExecutor-14_1] - ℹ️ Driver khởi tạo thành công
2025-11-21 12:46:24,682 - INFO - [ThreadPoolExecutor-14_3] - ℹ️ Driver khởi tạo thành công
2025-11-21 12:46:24,751 - INFO - [ThreadPoolExecutor-14_5] - ℹ️ Driver khởi tạo thành công
2025-11-21 12:46:30,353 - INFO - [ThreadPoolExecutor-14_7] - ✅ [B12-INV-08] BỎ QUA: Đã ở trạng thái mong muốn
2025-11-21 12:46:32,437 - INFO - [ThreadPoolExecutor-14_1] - ✅ [B12-INV-02] BỎ QUA: Đã ở trạng thái mong muốn
2025-11-21 12:46:32,453 - INFO - [ThreadPoolExecutor-14_6] - ✅ [B12-INV-07] BỎ QUA: Đã ở trạng thái mong muốn
2025-11-21 12:46:32,631 - INFO - [ThreadPoolExecutor-14_3] - ✅ [B12-INV-04] BỎ QUA: Đã ở trạng thái mong muốn
2025-11-21 12:46:32,659 - INFO - [ThreadPoolExecutor-14_5] - ✅ [B12-INV-06] BỎ QUA: Đã ở trạng thái mong muốn
2025-11-21 12:46:32,690 - INFO - [ThreadPoolExecutor-14_0] - ✅ [B12-INV-01] BỎ QUA: Đã ở trạng thái mong muốn
2025-11-21 12:46:32,851 - INFO - [ThreadPoolExecutor-14_2] - ✅ [B12-INV-03] BỎ QUA: Đã ở trạng thái mong muốn
2025-11-21 12:46:33,236 - INFO - [ThreadPoolExecutor-14_4] - ✅ [B12-INV-05] BỎ QUA: Đã ở trạng thái mong muốn
2025-11-21 12:46:33,313 - INFO - [MainThread] - ℹ️ 📦 Batch 15: Hoàn thành 8, Retry 0, Thất bại 0
2025-11-21 12:46:33,314 - INFO - [MainThread] - ℹ️ 📈 Tiến trình: 111/132 (84.1%)
2025-11-21 12:46:34,799 - INFO - [ThreadPoolExecutor-15_1] - ℹ️ Driver khởi tạo thành công
2025-11-21 12:46:34,828 - INFO - [ThreadPoolExecutor-15_0] - ℹ️ Driver khởi tạo thành công
2025-11-21 12:46:34,874 - INFO - [ThreadPoolExecutor-15_4] - ℹ️ Driver khởi tạo thành công
2025-11-21 12:46:34,914 - INFO - [ThreadPoolExecutor-15_3] - ℹ️ Driver khởi tạo thành công
2025-11-21 12:46:34,975 - INFO - [ThreadPoolExecutor-15_5] - ℹ️ Driver khởi tạo thành công
2025-11-21 12:46:34,978 - INFO - [ThreadPoolExecutor-15_2] - ℹ️ Driver khởi tạo thành công
2025-11-21 12:46:34,980 - INFO - [ThreadPoolExecutor-15_6] - ℹ️ Driver khởi tạo thành công
2025-11-21 12:46:35,005 - INFO - [ThreadPoolExecutor-15_7] - ℹ️ Driver khởi tạo thành công
2025-11-21 12:46:42,648 - INFO - [ThreadPoolExecutor-15_3] - ✅ [B13-14-INV-02] BỎ QUA: Đã ở trạng thái mong muốn
2025-11-21 12:46:42,809 - INFO - [ThreadPoolExecutor-15_4] - ✅ [B13-14-INV-03] BỎ QUA: Đã ở trạng thái mong muốn
2025-11-21 12:46:42,814 - INFO - [ThreadPoolExecutor-15_0] - ✅ [B12-INV-09] BỎ QUA: Đã ở trạng thái mong muốn
2025-11-21 12:46:42,897 - INFO - [ThreadPoolExecutor-15_5] - ✅ [B13-14-INV-04] BỎ QUA: Đã ở trạng thái mong muốn
2025-11-21 12:46:42,898 - INFO - [ThreadPoolExecutor-15_7] - ✅ [B13-14-INV-06] BỎ QUA: Đã ở trạng thái mong muốn
2025-11-21 12:46:42,978 - INFO - [ThreadPoolExecutor-15_1] - ✅ [B12-INV-10] BỎ QUA: Đã ở trạng thái mong muốn
2025-11-21 12:46:43,146 - INFO - [ThreadPoolExecutor-15_2] - ✅ [B13-14-INV-01] BỎ QUA: Đã ở trạng thái mong muốn
2025-11-21 12:46:43,173 - INFO - [ThreadPoolExecutor-15_6] - ✅ [B13-14-INV-05] BỎ QUA: Đã ở trạng thái mong muốn
2025-11-21 12:46:43,973 - INFO - [MainThread] - ℹ️ 📦 Batch 16: Hoàn thành 8, Retry 0, Thất bại 0
2025-11-21 12:46:43,974 - INFO - [MainThread] - ℹ️ 📈 Tiến trình: 119/132 (90.2%)
2025-11-21 12:46:43,974 - INFO - [MainThread] - ℹ️ Lấy task từ retry queue: B2-INV-06 (retry 1)
2025-11-21 12:46:43,974 - INFO - [MainThread] - ℹ️ Lấy task từ retry queue: B2-INV-04 (retry 1)
2025-11-21 12:46:43,975 - INFO - [MainThread] - ℹ️ Lấy task từ retry queue: B2-INV-05 (retry 1)
2025-11-21 12:46:43,975 - INFO - [MainThread] - ℹ️ Lấy task từ retry queue: B2-INV-02 (retry 1)
2025-11-21 12:46:45,449 - INFO - [ThreadPoolExecutor-16_0] - ℹ️ Driver khởi tạo thành công
2025-11-21 12:46:45,542 - INFO - [ThreadPoolExecutor-16_6] - ℹ️ Driver khởi tạo thành công
2025-11-21 12:46:45,575 - INFO - [ThreadPoolExecutor-16_1] - ℹ️ Driver khởi tạo thành công
2025-11-21 12:46:45,591 - INFO - [ThreadPoolExecutor-16_2] - ℹ️ Driver khởi tạo thành công
2025-11-21 12:46:45,615 - INFO - [ThreadPoolExecutor-16_5] - ℹ️ Driver khởi tạo thành công
2025-11-21 12:46:45,645 - INFO - [ThreadPoolExecutor-16_7] - ℹ️ Driver khởi tạo thành công
2025-11-21 12:46:45,646 - INFO - [ThreadPoolExecutor-16_3] - ℹ️ Driver khởi tạo thành công
2025-11-21 12:46:45,653 - INFO - [ThreadPoolExecutor-16_4] - ℹ️ Driver khởi tạo thành công
2025-11-21 12:46:52,304 - INFO - [ThreadPoolExecutor-16_1] - ✅ [B13-14-INV-08] BỎ QUA: Đã ở trạng thái mong muốn
2025-11-21 12:46:54,680 - INFO - [ThreadPoolExecutor-16_0] - ✅ [B13-14-INV-07] BỎ QUA: Đã ở trạng thái mong muốn
2025-11-21 12:46:54,853 - INFO - [ThreadPoolExecutor-16_3] - ✅ [B13-14-INV-10] BỎ QUA: Đã ở trạng thái mong muốn
2025-11-21 12:46:55,200 - INFO - [ThreadPoolExecutor-16_2] - ✅ [B13-14-INV-09] BỎ QUA: Đã ở trạng thái mong muốn
2025-11-21 12:46:59,413 - WARNING - [MainThread] - ⚠️ Đã chuyển B2-INV-04 sang retry queue (lần 2)
2025-11-21 12:46:59,415 - WARNING - [MainThread] - ⚠️ Đã chuyển B2-INV-02 sang retry queue (lần 2)
2025-11-21 12:46:59,415 - WARNING - [MainThread] - ⚠️ Đã chuyển B2-INV-06 sang retry queue (lần 2)
2025-11-21 12:46:59,415 - WARNING - [MainThread] - ⚠️ Đã chuyển B2-INV-05 sang retry queue (lần 2)
2025-11-21 12:46:59,416 - INFO - [MainThread] - ℹ️ 📦 Batch 17: Hoàn thành 4, Retry 4, Thất bại 0
2025-11-21 12:46:59,416 - INFO - [MainThread] - ℹ️ 📈 Tiến trình: 123/132 (93.2%)
2025-11-21 12:46:59,416 - INFO - [MainThread] - ℹ️ Lấy task từ retry queue: B2-INV-01 (retry 1)
2025-11-21 12:46:59,417 - INFO - [MainThread] - ℹ️ Lấy task từ retry queue: B2-INV-03 (retry 1)
2025-11-21 12:46:59,417 - INFO - [MainThread] - ℹ️ Lấy task từ retry queue: B2-INV-08 (retry 1)
2025-11-21 12:46:59,417 - INFO - [MainThread] - ℹ️ Lấy task từ retry queue: B2-INV-07 (retry 1)
2025-11-21 12:46:59,417 - INFO - [MainThread] - ℹ️ Lấy task từ retry queue: B2-INV-09 (retry 1)
2025-11-21 12:46:59,417 - INFO - [MainThread] - ℹ️ Lấy task từ retry queue: B2-INV-04 (retry 2)
2025-11-21 12:46:59,417 - INFO - [MainThread] - ℹ️ Lấy task từ retry queue: B2-INV-02 (retry 2)
2025-11-21 12:46:59,417 - INFO - [MainThread] - ℹ️ Lấy task từ retry queue: B2-INV-06 (retry 2)
2025-11-21 12:47:00,270 - INFO - [ThreadPoolExecutor-17_2] - ℹ️ Driver khởi tạo thành công
2025-11-21 12:47:00,804 - INFO - [ThreadPoolExecutor-17_1] - ℹ️ Driver khởi tạo thành công
2025-11-21 12:47:00,819 - INFO - [ThreadPoolExecutor-17_7] - ℹ️ Driver khởi tạo thành công
2025-11-21 12:47:00,823 - INFO - [ThreadPoolExecutor-17_3] - ℹ️ Driver khởi tạo thành công
2025-11-21 12:47:00,918 - INFO - [ThreadPoolExecutor-17_4] - ℹ️ Driver khởi tạo thành công
2025-11-21 12:47:00,933 - INFO - [ThreadPoolExecutor-17_5] - ℹ️ Driver khởi tạo thành công
2025-11-21 12:47:00,943 - INFO - [ThreadPoolExecutor-17_6] - ℹ️ Driver khởi tạo thành công
2025-11-21 12:47:00,950 - INFO - [ThreadPoolExecutor-17_0] - ℹ️ Driver khởi tạo thành công
2025-11-21 12:47:12,792 - WARNING - [MainThread] - ⚠️ Đã chuyển B2-INV-08 sang retry queue (lần 2)
2025-11-21 12:47:13,208 - ERROR - [MainThread] - ❌ Task B2-INV-06 đã vượt quá số lần retry tối đa
2025-11-21 12:47:13,208 - WARNING - [MainThread] - ⚠️ Đã chuyển B2-INV-03 sang retry queue (lần 2)
2025-11-21 12:47:13,209 - WARNING - [MainThread] - ⚠️ Đã chuyển B2-INV-07 sang retry queue (lần 2)
2025-11-21 12:47:13,210 - ERROR - [MainThread] - ❌ Task B2-INV-04 đã vượt quá số lần retry tối đa
2025-11-21 12:47:13,214 - WARNING - [MainThread] - ⚠️ Đã chuyển B2-INV-09 sang retry queue (lần 2)
2025-11-21 12:47:13,216 - ERROR - [MainThread] - ❌ Task B2-INV-02 đã vượt quá số lần retry tối đa
2025-11-21 12:47:13,294 - WARNING - [MainThread] - ⚠️ Đã chuyển B2-INV-01 sang retry queue (lần 2)
2025-11-21 12:47:13,295 - INFO - [MainThread] - ℹ️ 📦 Batch 18: Hoàn thành 0, Retry 5, Thất bại 3
2025-11-21 12:47:13,295 - INFO - [MainThread] - ℹ️ 📈 Tiến trình: 123/132 (93.2%)
2025-11-21 12:47:13,296 - INFO - [MainThread] - ℹ️ Lấy task từ retry queue: B2-INV-05 (retry 2)
2025-11-21 12:47:13,296 - INFO - [MainThread] - ℹ️ Lấy task từ retry queue: B2-INV-08 (retry 2)
2025-11-21 12:47:13,296 - INFO - [MainThread] - ℹ️ Lấy task từ retry queue: B2-INV-03 (retry 2)
2025-11-21 12:47:13,296 - INFO - [MainThread] - ℹ️ Lấy task từ retry queue: B2-INV-07 (retry 2)
2025-11-21 12:47:13,296 - INFO - [MainThread] - ℹ️ Lấy task từ retry queue: B2-INV-09 (retry 2)
2025-11-21 12:47:13,296 - INFO - [MainThread] - ℹ️ Lấy task từ retry queue: B2-INV-01 (retry 2)
2025-11-21 12:47:14,566 - INFO - [ThreadPoolExecutor-18_2] - ℹ️ Driver khởi tạo thành công
2025-11-21 12:47:14,572 - INFO - [ThreadPoolExecutor-18_3] - ℹ️ Driver khởi tạo thành công
2025-11-21 12:47:14,584 - INFO - [ThreadPoolExecutor-18_1] - ℹ️ Driver khởi tạo thành công
2025-11-21 12:47:14,585 - INFO - [ThreadPoolExecutor-18_0] - ℹ️ Driver khởi tạo thành công
2025-11-21 12:47:14,606 - INFO - [ThreadPoolExecutor-18_4] - ℹ️ Driver khởi tạo thành công
2025-11-21 12:47:14,607 - INFO - [ThreadPoolExecutor-18_5] - ℹ️ Driver khởi tạo thành công
2025-11-21 12:47:28,410 - ERROR - [MainThread] - ❌ Task B2-INV-03 đã vượt quá số lần retry tối đa
2025-11-21 12:47:28,411 - ERROR - [MainThread] - ❌ Task B2-INV-09 đã vượt quá số lần retry tối đa
2025-11-21 12:47:28,411 - ERROR - [MainThread] - ❌ Task B2-INV-01 đã vượt quá số lần retry tối đa
2025-11-21 12:47:28,413 - ERROR - [MainThread] - ❌ Task B2-INV-08 đã vượt quá số lần retry tối đa
2025-11-21 12:47:28,416 - ERROR - [MainThread] - ❌ Task B2-INV-05 đã vượt quá số lần retry tối đa
2025-11-21 12:47:28,419 - ERROR - [MainThread] - ❌ Task B2-INV-07 đã vượt quá số lần retry tối đa
2025-11-21 12:47:28,421 - INFO - [MainThread] - ℹ️ 📦 Batch 19: Hoàn thành 0, Retry 0, Thất bại 6
2025-11-21 12:47:28,421 - INFO - [MainThread] - ℹ️ 📈 Tiến trình: 123/132 (93.2%)
2025-11-21 12:47:28,421 - INFO - [MainThread] - ℹ️ ⏹️  Chỉ còn ít tasks retry, kết thúc sớm
2025-11-21 12:47:28,421 - INFO - [MainThread] - ℹ️ ============================================================
2025-11-21 12:47:28,421 - INFO - [MainThread] - ℹ️ 🎯 BÁO CÁO TỔNG KẾT - PHIÊN BẢN 0.3.1 (TỐI ƯU)
2025-11-21 12:47:28,422 - INFO - [MainThread] - ℹ️ ============================================================
2025-11-21 12:47:28,422 - INFO - [MainThread] - ℹ️ 📦 Tổng số tác vụ: 132
2025-11-21 12:47:28,422 - INFO - [MainThread] - ℹ️ ✅ Thành công: 123
2025-11-21 12:47:28,422 - INFO - [MainThread] - ℹ️ ❌ Thất bại: 9
2025-11-21 12:47:28,422 - INFO - [MainThread] - ℹ️ ⏭️ Bỏ qua: 0
2025-11-21 12:47:28,422 - INFO - [MainThread] - ℹ️ 📊 Tỷ lệ thành công: 93.2%
2025-11-21 12:47:28,422 - INFO - [MainThread] - ℹ️ ⏱️ Thời gian trung bình/task: 1.93s
2025-11-21 12:47:28,423 - INFO - [MainThread] - ℹ️ 🕒 Tổng thời gian: 0:04:15.261471
