2025-11-21 13:09:27,366 - INFO - [MainThread] - ℹ️ 🔄 Khởi tạo driver pool với 8 drivers
2025-11-21 13:09:36,064 - INFO - [MainThread] - ℹ️ ✅ Đã khởi tạo thành công 8/8 drivers
2025-11-21 13:10:03,910 - INFO - [MainThread] - ℹ️ 🚀 Bắt đầu xử lý 0 yêu cầu - Phiên bản 0.4 (Driver Pool)
2025-11-21 13:10:03,910 - INFO - [MainThread] - ℹ️ 📥 Đã thêm 0 tasks vào hàng đợi chính
2025-11-21 13:10:03,910 - INFO - [MainThread] - ℹ️ 📊 Tổng số tác vụ: 0
2025-11-21 13:10:03,910 - WARNING - [MainThread] - ⚠️ ⚠️ Không có tác vụ nào để xử lý!
2025-11-21 13:10:03,910 - INFO - [MainThread] - ℹ️ 🧹 Đang dọn dẹp driver pool...
2025-11-21 13:10:04,495 - INFO - [MainThread] - ℹ️ ✅ Đã đóng 8 drivers
2025-11-21 13:10:06,301 - INFO - [MainThread] - ℹ️ 🔄 Khởi tạo driver pool với 8 drivers
2025-11-21 13:10:11,946 - INFO - [MainThread] - ℹ️ ✅ Đã khởi tạo thành công 8/8 drivers
2025-11-21 13:10:20,799 - INFO - [MainThread] - ℹ️ 🚀 Bắt đầu xử lý 14 yêu cầu - Phiên bản 0.4 (Driver Pool)
2025-11-21 13:10:20,799 - INFO - [MainThread] - ℹ️ 📥 Đã thêm 132 tasks vào hàng đợi chính
2025-11-21 13:10:20,800 - INFO - [MainThread] - ℹ️ 📊 Tổng số tác vụ: 132
2025-11-21 13:10:20,800 - INFO - [MainThread] - ℹ️ 🔄 Xử lý batch 1 với 8 tasks
2025-11-21 13:10:20,800 - INFO - [ThreadPoolExecutor-0_0] - ℹ️ [B2-INV-01] Bắt đầu xử lý ON
2025-11-21 13:10:20,801 - INFO - [ThreadPoolExecutor-0_1] - ℹ️ [B2-INV-02] Bắt đầu xử lý ON
2025-11-21 13:10:20,802 - INFO - [ThreadPoolExecutor-0_2] - ℹ️ [B2-INV-03] Bắt đầu xử lý ON
2025-11-21 13:10:20,803 - INFO - [ThreadPoolExecutor-0_3] - ℹ️ [B2-INV-04] Bắt đầu xử lý ON
2025-11-21 13:10:20,805 - INFO - [ThreadPoolExecutor-0_4] - ℹ️ [B2-INV-05] Bắt đầu xử lý ON
2025-11-21 13:10:20,808 - INFO - [ThreadPoolExecutor-0_5] - ℹ️ [B2-INV-06] Bắt đầu xử lý ON
2025-11-21 13:10:20,813 - INFO - [ThreadPoolExecutor-0_6] - ℹ️ [B2-INV-07] Bắt đầu xử lý ON
2025-11-21 13:10:20,814 - INFO - [ThreadPoolExecutor-0_7] - ℹ️ [B2-INV-08] Bắt đầu xử lý ON
2025-11-21 13:10:35,031 - WARNING - [ThreadPoolExecutor-0_4] - ⚠️ [B2-INV-05] Không thể xác định trạng thái hiện tại
2025-11-21 13:10:35,032 - WARNING - [ThreadPoolExecutor-0_7] - ⚠️ [B2-INV-08] Không thể xác định trạng thái hiện tại
2025-11-21 13:10:35,033 - WARNING - [ThreadPoolExecutor-0_3] - ⚠️ [B2-INV-04] Không thể xác định trạng thái hiện tại
2025-11-21 13:10:35,033 - WARNING - [ThreadPoolExecutor-0_1] - ⚠️ [B2-INV-02] Không thể xác định trạng thái hiện tại
2025-11-21 13:10:35,034 - WARNING - [ThreadPoolExecutor-0_6] - ⚠️ [B2-INV-07] Không thể xác định trạng thái hiện tại
2025-11-21 13:10:35,035 - WARNING - [ThreadPoolExecutor-0_2] - ⚠️ [B2-INV-03] Không thể xác định trạng thái hiện tại
2025-11-21 13:10:35,137 - WARNING - [MainThread] - ⚠️ ⏳ Đã chuyển B2-INV-02 sang retry queue (lần 1)
2025-11-21 13:10:35,148 - WARNING - [MainThread] - ⚠️ ⏳ Đã chuyển B2-INV-05 sang retry queue (lần 1)
2025-11-21 13:10:35,150 - WARNING - [MainThread] - ⚠️ ⏳ Đã chuyển B2-INV-04 sang retry queue (lần 1)
2025-11-21 13:10:35,155 - WARNING - [MainThread] - ⚠️ ⏳ Đã chuyển B2-INV-08 sang retry queue (lần 1)
2025-11-21 13:10:35,160 - WARNING - [MainThread] - ⚠️ ⏳ Đã chuyển B2-INV-07 sang retry queue (lần 1)
2025-11-21 13:10:35,165 - WARNING - [MainThread] - ⚠️ ⏳ Đã chuyển B2-INV-03 sang retry queue (lần 1)
2025-11-21 13:10:35,200 - WARNING - [ThreadPoolExecutor-0_5] - ⚠️ [B2-INV-06] Không thể xác định trạng thái hiện tại
2025-11-21 13:10:35,251 - WARNING - [MainThread] - ⚠️ ⏳ Đã chuyển B2-INV-06 sang retry queue (lần 1)
2025-11-21 13:10:35,416 - WARNING - [ThreadPoolExecutor-0_0] - ⚠️ [B2-INV-01] Không thể xác định trạng thái hiện tại
2025-11-21 13:10:35,482 - WARNING - [MainThread] - ⚠️ ⏳ Đã chuyển B2-INV-01 sang retry queue (lần 1)
2025-11-21 13:10:35,483 - INFO - [MainThread] - ℹ️ 📦 Batch 1: Hoàn thành 0, Retry 8, Thất bại 0
2025-11-21 13:10:35,483 - INFO - [MainThread] - 📊 Hàng đợi - Chính: 124, Retry: 8, Hoàn thành: 0, Thất bại: 0
2025-11-21 13:10:35,484 - INFO - [MainThread] - ℹ️ 📈 Tiến trình tổng: 0/132 (0.0%)
2025-11-21 13:10:35,484 - INFO - [MainThread] - ℹ️ 🔄 Xử lý batch 2 với 8 tasks
2025-11-21 13:10:35,484 - INFO - [ThreadPoolExecutor-1_0] - ℹ️ [B2-INV-09] Bắt đầu xử lý ON
2025-11-21 13:10:35,484 - INFO - [ThreadPoolExecutor-1_1] - ℹ️ [B3R1-INV-01] Bắt đầu xử lý ON
2025-11-21 13:10:35,485 - INFO - [ThreadPoolExecutor-1_2] - ℹ️ [B3R1-INV-02] Bắt đầu xử lý ON
2025-11-21 13:10:35,485 - INFO - [ThreadPoolExecutor-1_3] - ℹ️ [B3R1-INV-03] Bắt đầu xử lý ON
2025-11-21 13:10:35,487 - INFO - [ThreadPoolExecutor-1_4] - ℹ️ [B3R1-INV-04] Bắt đầu xử lý ON
2025-11-21 13:10:35,488 - INFO - [ThreadPoolExecutor-1_5] - ℹ️ [B3R1-INV-05] Bắt đầu xử lý ON
2025-11-21 13:10:35,489 - INFO - [ThreadPoolExecutor-1_6] - ℹ️ [B3R1-INV-06] Bắt đầu xử lý ON
2025-11-21 13:10:35,492 - INFO - [ThreadPoolExecutor-1_7] - ℹ️ [B3R1-INV-07] Bắt đầu xử lý ON
2025-11-21 13:10:43,580 - INFO - [ThreadPoolExecutor-1_1] - ✅ [B3R1-INV-01] BỎ QUA: Đã ở trạng thái mong muốn (Disconnect Grid)
2025-11-21 13:10:43,623 - INFO - [ThreadPoolExecutor-1_4] - ✅ [B3R1-INV-04] BỎ QUA: Đã ở trạng thái mong muốn (Disconnect Grid)
2025-11-21 13:10:43,809 - INFO - [ThreadPoolExecutor-1_7] - ✅ [B3R1-INV-07] BỎ QUA: Đã ở trạng thái mong muốn (Disconnect Grid)
2025-11-21 13:10:43,822 - INFO - [ThreadPoolExecutor-1_5] - ✅ [B3R1-INV-05] BỎ QUA: Đã ở trạng thái mong muốn (Disconnect Grid)
2025-11-21 13:10:43,985 - INFO - [ThreadPoolExecutor-1_6] - ✅ [B3R1-INV-06] BỎ QUA: Đã ở trạng thái mong muốn (Disconnect Grid)
2025-11-21 13:10:44,109 - INFO - [ThreadPoolExecutor-1_3] - ✅ [B3R1-INV-03] BỎ QUA: Đã ở trạng thái mong muốn (Disconnect Grid)
2025-11-21 13:10:44,322 - INFO - [ThreadPoolExecutor-1_2] - ✅ [B3R1-INV-02] BỎ QUA: Đã ở trạng thái mong muốn (Disconnect Grid)
2025-11-21 13:10:47,486 - WARNING - [ThreadPoolExecutor-1_0] - ⚠️ [B2-INV-09] Không thể xác định trạng thái hiện tại
2025-11-21 13:10:47,533 - WARNING - [MainThread] - ⚠️ ⏳ Đã chuyển B2-INV-09 sang retry queue (lần 1)
2025-11-21 13:10:47,534 - INFO - [MainThread] - ℹ️ 📦 Batch 2: Hoàn thành 7, Retry 1, Thất bại 0
2025-11-21 13:10:47,534 - INFO - [MainThread] - 📊 Hàng đợi - Chính: 116, Retry: 9, Hoàn thành: 7, Thất bại: 0
2025-11-21 13:10:47,534 - INFO - [MainThread] - ℹ️ 📈 Tiến trình tổng: 7/132 (5.3%)
2025-11-21 13:10:47,535 - INFO - [MainThread] - ℹ️ 🔄 Xử lý batch 3 với 8 tasks
2025-11-21 13:10:47,535 - INFO - [ThreadPoolExecutor-2_0] - ℹ️ [B3R1-INV-08] Bắt đầu xử lý ON
2025-11-21 13:10:47,535 - INFO - [ThreadPoolExecutor-2_1] - ℹ️ [B3R1-INV-09] Bắt đầu xử lý ON
2025-11-21 13:10:47,536 - INFO - [ThreadPoolExecutor-2_2] - ℹ️ [B3R2-INV-01] Bắt đầu xử lý ON
2025-11-21 13:10:47,536 - INFO - [ThreadPoolExecutor-2_3] - ℹ️ [B3R2-INV-02] Bắt đầu xử lý ON
2025-11-21 13:10:47,537 - INFO - [ThreadPoolExecutor-2_4] - ℹ️ [B3R2-INV-03] Bắt đầu xử lý ON
2025-11-21 13:10:47,538 - INFO - [ThreadPoolExecutor-2_5] - ℹ️ [B3R2-INV-04] Bắt đầu xử lý ON
2025-11-21 13:10:47,539 - INFO - [ThreadPoolExecutor-2_6] - ℹ️ [B3R2-INV-05] Bắt đầu xử lý ON
2025-11-21 13:10:47,540 - INFO - [ThreadPoolExecutor-2_7] - ℹ️ [B3R2-INV-06] Bắt đầu xử lý ON
2025-11-21 13:10:54,824 - INFO - [ThreadPoolExecutor-2_1] - ✅ [B3R1-INV-09] BỎ QUA: Đã ở trạng thái mong muốn (Disconnect Grid)
2025-11-21 13:10:55,104 - INFO - [ThreadPoolExecutor-2_0] - ✅ [B3R1-INV-08] BỎ QUA: Đã ở trạng thái mong muốn (Disconnect Grid)
2025-11-21 13:10:55,178 - INFO - [ThreadPoolExecutor-2_2] - ✅ [B3R2-INV-01] BỎ QUA: Đã ở trạng thái mong muốn (Disconnect Grid)
2025-11-21 13:10:56,564 - INFO - [ThreadPoolExecutor-2_4] - ✅ [B3R2-INV-03] BỎ QUA: Đã ở trạng thái mong muốn (Disconnect Grid)
2025-11-21 13:10:56,736 - INFO - [ThreadPoolExecutor-2_5] - ✅ [B3R2-INV-04] BỎ QUA: Đã ở trạng thái mong muốn (Disconnect Grid)
2025-11-21 13:10:56,779 - INFO - [ThreadPoolExecutor-2_7] - ✅ [B3R2-INV-06] BỎ QUA: Đã ở trạng thái mong muốn (Disconnect Grid)
2025-11-21 13:10:56,925 - INFO - [ThreadPoolExecutor-2_3] - ✅ [B3R2-INV-02] BỎ QUA: Đã ở trạng thái mong muốn (Disconnect Grid)
2025-11-21 13:10:57,432 - INFO - [ThreadPoolExecutor-2_6] - ✅ [B3R2-INV-05] BỎ QUA: Đã ở trạng thái mong muốn (Disconnect Grid)
2025-11-21 13:10:57,460 - INFO - [MainThread] - ℹ️ 📦 Batch 3: Hoàn thành 8, Retry 0, Thất bại 0
2025-11-21 13:10:57,460 - INFO - [MainThread] - 📊 Hàng đợi - Chính: 108, Retry: 9, Hoàn thành: 15, Thất bại: 0
2025-11-21 13:10:57,460 - INFO - [MainThread] - ℹ️ 📈 Tiến trình tổng: 15/132 (11.4%)
2025-11-21 13:10:57,460 - INFO - [MainThread] - ℹ️ 🔄 Xử lý batch 4 với 8 tasks
2025-11-21 13:10:57,461 - INFO - [ThreadPoolExecutor-3_0] - ℹ️ [B3R2-INV-07] Bắt đầu xử lý ON
2025-11-21 13:10:57,461 - INFO - [ThreadPoolExecutor-3_1] - ℹ️ [B3R2-INV-08] Bắt đầu xử lý ON
2025-11-21 13:10:57,461 - INFO - [ThreadPoolExecutor-3_2] - ℹ️ [B3R2-INV-09] Bắt đầu xử lý ON
2025-11-21 13:10:57,462 - INFO - [ThreadPoolExecutor-3_3] - ℹ️ [B4R1-INV-01] Bắt đầu xử lý ON
2025-11-21 13:10:57,464 - INFO - [ThreadPoolExecutor-3_4] - ℹ️ [B4R1-INV-02] Bắt đầu xử lý ON
2025-11-21 13:10:57,464 - INFO - [ThreadPoolExecutor-3_5] - ℹ️ [B4R1-INV-03] Bắt đầu xử lý ON
2025-11-21 13:10:57,465 - INFO - [ThreadPoolExecutor-3_6] - ℹ️ [B4R1-INV-04] Bắt đầu xử lý ON
2025-11-21 13:10:57,467 - INFO - [ThreadPoolExecutor-3_7] - ℹ️ [B4R1-INV-05] Bắt đầu xử lý ON
2025-11-21 13:11:05,401 - INFO - [ThreadPoolExecutor-3_2] - ✅ [B3R2-INV-09] BỎ QUA: Đã ở trạng thái mong muốn (Disconnect Grid)
2025-11-21 13:11:05,446 - INFO - [ThreadPoolExecutor-3_0] - ✅ [B3R2-INV-07] BỎ QUA: Đã ở trạng thái mong muốn (Disconnect Grid)
2025-11-21 13:11:05,932 - INFO - [ThreadPoolExecutor-3_1] - ✅ [B3R2-INV-08] BỎ QUA: Đã ở trạng thái mong muốn (Disconnect Grid)
2025-11-21 13:11:06,050 - INFO - [ThreadPoolExecutor-3_6] - ✅ [B4R1-INV-04] BỎ QUA: Đã ở trạng thái mong muốn (Disconnect Grid)
2025-11-21 13:11:06,117 - INFO - [ThreadPoolExecutor-3_4] - ✅ [B4R1-INV-02] BỎ QUA: Đã ở trạng thái mong muốn (Disconnect Grid)
2025-11-21 13:11:06,665 - INFO - [ThreadPoolExecutor-3_5] - ✅ [B4R1-INV-03] BỎ QUA: Đã ở trạng thái mong muốn (Disconnect Grid)
2025-11-21 13:11:06,666 - INFO - [ThreadPoolExecutor-3_7] - ✅ [B4R1-INV-05] BỎ QUA: Đã ở trạng thái mong muốn (Disconnect Grid)
2025-11-21 13:11:06,820 - INFO - [ThreadPoolExecutor-3_3] - ✅ [B4R1-INV-01] BỎ QUA: Đã ở trạng thái mong muốn (Disconnect Grid)
2025-11-21 13:11:06,848 - INFO - [MainThread] - ℹ️ 📦 Batch 4: Hoàn thành 8, Retry 0, Thất bại 0
2025-11-21 13:11:06,848 - INFO - [MainThread] - 📊 Hàng đợi - Chính: 100, Retry: 9, Hoàn thành: 23, Thất bại: 0
2025-11-21 13:11:06,848 - INFO - [MainThread] - ℹ️ 📈 Tiến trình tổng: 23/132 (17.4%)
2025-11-21 13:11:06,848 - INFO - [MainThread] - ℹ️ 🔄 Xử lý batch 5 với 8 tasks
2025-11-21 13:11:06,849 - INFO - [ThreadPoolExecutor-4_0] - ℹ️ [B4R1-INV-06] Bắt đầu xử lý ON
2025-11-21 13:11:06,849 - INFO - [ThreadPoolExecutor-4_1] - ℹ️ [B4R1-INV-07] Bắt đầu xử lý ON
2025-11-21 13:11:06,850 - INFO - [ThreadPoolExecutor-4_2] - ℹ️ [B4R1-INV-08] Bắt đầu xử lý ON
2025-11-21 13:11:06,851 - INFO - [ThreadPoolExecutor-4_3] - ℹ️ [B4R1-INV-09] Bắt đầu xử lý ON
2025-11-21 13:11:06,852 - INFO - [ThreadPoolExecutor-4_4] - ℹ️ [B4R1-INV-10] Bắt đầu xử lý ON
2025-11-21 13:11:06,854 - INFO - [ThreadPoolExecutor-4_5] - ℹ️ [B4R2-INV-01] Bắt đầu xử lý ON
2025-11-21 13:11:06,855 - INFO - [ThreadPoolExecutor-4_6] - ℹ️ [B4R2-INV-02] Bắt đầu xử lý ON
2025-11-21 13:11:06,857 - INFO - [ThreadPoolExecutor-4_7] - ℹ️ [B4R2-INV-03] Bắt đầu xử lý ON
2025-11-21 13:11:16,809 - INFO - [ThreadPoolExecutor-4_0] - ✅ [B4R1-INV-06] BỎ QUA: Đã ở trạng thái mong muốn (Disconnect Grid)
2025-11-21 13:11:17,178 - INFO - [ThreadPoolExecutor-4_1] - ✅ [B4R1-INV-07] BỎ QUA: Đã ở trạng thái mong muốn (Disconnect Grid)
2025-11-21 13:11:17,508 - INFO - [ThreadPoolExecutor-4_2] - ✅ [B4R1-INV-08] BỎ QUA: Đã ở trạng thái mong muốn (Disconnect Grid)
2025-11-21 13:11:17,706 - INFO - [ThreadPoolExecutor-4_4] - ✅ [B4R1-INV-10] BỎ QUA: Đã ở trạng thái mong muốn (Disconnect Grid)
2025-11-21 13:11:17,837 - INFO - [ThreadPoolExecutor-4_3] - ✅ [B4R1-INV-09] BỎ QUA: Đã ở trạng thái mong muốn (Disconnect Grid)
2025-11-21 13:11:19,805 - INFO - [ThreadPoolExecutor-4_7] - ✅ [B4R2-INV-03] BỎ QUA: Đã ở trạng thái mong muốn (Disconnect Grid)
2025-11-21 13:11:19,996 - INFO - [ThreadPoolExecutor-4_6] - ✅ [B4R2-INV-02] BỎ QUA: Đã ở trạng thái mong muốn (Disconnect Grid)
2025-11-21 13:11:20,250 - INFO - [ThreadPoolExecutor-4_5] - ✅ [B4R2-INV-01] BỎ QUA: Đã ở trạng thái mong muốn (Disconnect Grid)
2025-11-21 13:11:20,278 - INFO - [MainThread] - ℹ️ 📦 Batch 5: Hoàn thành 8, Retry 0, Thất bại 0
2025-11-21 13:11:20,278 - INFO - [MainThread] - 📊 Hàng đợi - Chính: 92, Retry: 9, Hoàn thành: 31, Thất bại: 0
2025-11-21 13:11:20,278 - INFO - [MainThread] - ℹ️ 📈 Tiến trình tổng: 31/132 (23.5%)
2025-11-21 13:11:20,279 - INFO - [MainThread] - ℹ️ 🔄 Xử lý batch 6 với 8 tasks
2025-11-21 13:11:20,279 - INFO - [ThreadPoolExecutor-5_0] - ℹ️ [B4R2-INV-04] Bắt đầu xử lý ON
2025-11-21 13:11:20,279 - INFO - [ThreadPoolExecutor-5_1] - ℹ️ [B4R2-INV-05] Bắt đầu xử lý ON
2025-11-21 13:11:20,279 - INFO - [ThreadPoolExecutor-5_2] - ℹ️ [B4R2-INV-06] Bắt đầu xử lý ON
2025-11-21 13:11:20,280 - INFO - [ThreadPoolExecutor-5_3] - ℹ️ [B4R2-INV-07] Bắt đầu xử lý ON
2025-11-21 13:11:20,282 - INFO - [ThreadPoolExecutor-5_4] - ℹ️ [B4R2-INV-08] Bắt đầu xử lý ON
2025-11-21 13:11:20,283 - INFO - [ThreadPoolExecutor-5_5] - ℹ️ [B4R2-INV-09] Bắt đầu xử lý ON
2025-11-21 13:11:20,284 - INFO - [ThreadPoolExecutor-5_6] - ℹ️ [B4R2-INV-10] Bắt đầu xử lý ON
2025-11-21 13:11:20,284 - INFO - [ThreadPoolExecutor-5_7] - ℹ️ [B5R1-INV-01] Bắt đầu xử lý ON
2025-11-21 13:11:30,229 - INFO - [ThreadPoolExecutor-5_7] - ✅ [B5R1-INV-01] BỎ QUA: Đã ở trạng thái mong muốn (Disconnect Grid)
2025-11-21 13:11:31,471 - INFO - [ThreadPoolExecutor-5_6] - ✅ [B4R2-INV-10] BỎ QUA: Đã ở trạng thái mong muốn (Disconnect Grid)
2025-11-21 13:11:32,270 - INFO - [ThreadPoolExecutor-5_4] - ✅ [B4R2-INV-08] BỎ QUA: Đã ở trạng thái mong muốn (Disconnect Grid)
2025-11-21 13:11:32,437 - INFO - [ThreadPoolExecutor-5_5] - ✅ [B4R2-INV-09] BỎ QUA: Đã ở trạng thái mong muốn (Disconnect Grid)
2025-11-21 13:11:32,486 - INFO - [ThreadPoolExecutor-5_2] - ✅ [B4R2-INV-06] BỎ QUA: Đã ở trạng thái mong muốn (Disconnect Grid)
2025-11-21 13:11:32,499 - INFO - [ThreadPoolExecutor-5_1] - ✅ [B4R2-INV-05] BỎ QUA: Đã ở trạng thái mong muốn (Disconnect Grid)
2025-11-21 13:11:32,571 - INFO - [ThreadPoolExecutor-5_3] - ✅ [B4R2-INV-07] BỎ QUA: Đã ở trạng thái mong muốn (Disconnect Grid)
2025-11-21 13:11:32,592 - INFO - [ThreadPoolExecutor-5_0] - ✅ [B4R2-INV-04] BỎ QUA: Đã ở trạng thái mong muốn (Disconnect Grid)
2025-11-21 13:11:32,631 - INFO - [MainThread] - ℹ️ 📦 Batch 6: Hoàn thành 8, Retry 0, Thất bại 0
2025-11-21 13:11:32,631 - INFO - [MainThread] - 📊 Hàng đợi - Chính: 84, Retry: 9, Hoàn thành: 39, Thất bại: 0
2025-11-21 13:11:32,631 - INFO - [MainThread] - ℹ️ 📈 Tiến trình tổng: 39/132 (29.5%)
2025-11-21 13:11:32,631 - INFO - [MainThread] - ℹ️ 🔄 Xử lý batch 7 với 8 tasks
2025-11-21 13:11:32,632 - INFO - [ThreadPoolExecutor-6_0] - ℹ️ [B5R1-INV-02] Bắt đầu xử lý ON
2025-11-21 13:11:32,632 - INFO - [ThreadPoolExecutor-6_1] - ℹ️ [B5R1-INV-03] Bắt đầu xử lý ON
2025-11-21 13:11:32,632 - INFO - [ThreadPoolExecutor-6_2] - ℹ️ [B5R1-INV-04] Bắt đầu xử lý ON
2025-11-21 13:11:32,633 - INFO - [ThreadPoolExecutor-6_3] - ℹ️ [B5R1-INV-05] Bắt đầu xử lý ON
2025-11-21 13:11:32,634 - INFO - [ThreadPoolExecutor-6_4] - ℹ️ [B5R1-INV-06] Bắt đầu xử lý ON
2025-11-21 13:11:32,635 - INFO - [ThreadPoolExecutor-6_5] - ℹ️ [B5R1-INV-07] Bắt đầu xử lý ON
2025-11-21 13:11:32,638 - INFO - [ThreadPoolExecutor-6_6] - ℹ️ [B5R1-INV-08] Bắt đầu xử lý ON
2025-11-21 13:11:32,644 - INFO - [ThreadPoolExecutor-6_7] - ℹ️ [B5R1-INV-09] Bắt đầu xử lý ON
2025-11-21 13:11:43,893 - INFO - [ThreadPoolExecutor-6_7] - ✅ [B5R1-INV-09] BỎ QUA: Đã ở trạng thái mong muốn (Disconnect Grid)
2025-11-21 13:11:44,103 - INFO - [ThreadPoolExecutor-6_5] - ✅ [B5R1-INV-07] BỎ QUA: Đã ở trạng thái mong muốn (Disconnect Grid)
2025-11-21 13:11:44,436 - INFO - [ThreadPoolExecutor-6_4] - ✅ [B5R1-INV-06] BỎ QUA: Đã ở trạng thái mong muốn (Disconnect Grid)
2025-11-21 13:11:44,721 - INFO - [ThreadPoolExecutor-6_6] - ✅ [B5R1-INV-08] BỎ QUA: Đã ở trạng thái mong muốn (Disconnect Grid)
2025-11-21 13:11:44,730 - INFO - [ThreadPoolExecutor-6_0] - ✅ [B5R1-INV-02] BỎ QUA: Đã ở trạng thái mong muốn (Disconnect Grid)
2025-11-21 13:11:45,021 - INFO - [ThreadPoolExecutor-6_2] - ✅ [B5R1-INV-04] BỎ QUA: Đã ở trạng thái mong muốn (Disconnect Grid)
2025-11-21 13:11:45,165 - INFO - [ThreadPoolExecutor-6_3] - ✅ [B5R1-INV-05] BỎ QUA: Đã ở trạng thái mong muốn (Disconnect Grid)
2025-11-21 13:11:45,613 - INFO - [ThreadPoolExecutor-6_1] - ✅ [B5R1-INV-03] BỎ QUA: Đã ở trạng thái mong muốn (Disconnect Grid)
2025-11-21 13:11:45,638 - INFO - [MainThread] - ℹ️ 📦 Batch 7: Hoàn thành 8, Retry 0, Thất bại 0
2025-11-21 13:11:45,638 - INFO - [MainThread] - 📊 Hàng đợi - Chính: 76, Retry: 9, Hoàn thành: 47, Thất bại: 0
2025-11-21 13:11:45,639 - INFO - [MainThread] - ℹ️ 📈 Tiến trình tổng: 47/132 (35.6%)
2025-11-21 13:11:45,639 - INFO - [MainThread] - ℹ️ 🔄 Xử lý batch 8 với 8 tasks
2025-11-21 13:11:45,639 - INFO - [ThreadPoolExecutor-7_0] - ℹ️ [B5R1-INV-10] Bắt đầu xử lý ON
2025-11-21 13:11:45,639 - INFO - [ThreadPoolExecutor-7_1] - ℹ️ [B5R2-INV-01] Bắt đầu xử lý ON
2025-11-21 13:11:45,640 - INFO - [ThreadPoolExecutor-7_2] - ℹ️ [B5R2-INV-02] Bắt đầu xử lý ON
2025-11-21 13:11:45,641 - INFO - [ThreadPoolExecutor-7_3] - ℹ️ [B5R2-INV-03] Bắt đầu xử lý ON
2025-11-21 13:11:45,642 - INFO - [ThreadPoolExecutor-7_4] - ℹ️ [B5R2-INV-04] Bắt đầu xử lý ON
2025-11-21 13:11:45,643 - INFO - [ThreadPoolExecutor-7_5] - ℹ️ [B5R2-INV-05] Bắt đầu xử lý ON
2025-11-21 13:11:45,645 - INFO - [ThreadPoolExecutor-7_6] - ℹ️ [B5R2-INV-06] Bắt đầu xử lý ON
2025-11-21 13:11:45,646 - INFO - [ThreadPoolExecutor-7_7] - ℹ️ [B5R2-INV-07] Bắt đầu xử lý ON
2025-11-21 13:11:55,509 - INFO - [ThreadPoolExecutor-7_6] - ✅ [B5R2-INV-06] BỎ QUA: Đã ở trạng thái mong muốn (Disconnect Grid)
2025-11-21 13:11:56,318 - INFO - [ThreadPoolExecutor-7_0] - ✅ [B5R1-INV-10] BỎ QUA: Đã ở trạng thái mong muốn (Disconnect Grid)
2025-11-21 13:11:56,664 - INFO - [ThreadPoolExecutor-7_7] - ✅ [B5R2-INV-07] BỎ QUA: Đã ở trạng thái mong muốn (Disconnect Grid)
2025-11-21 13:11:56,744 - INFO - [ThreadPoolExecutor-7_1] - ✅ [B5R2-INV-01] BỎ QUA: Đã ở trạng thái mong muốn (Disconnect Grid)
2025-11-21 13:11:56,998 - INFO - [ThreadPoolExecutor-7_2] - ✅ [B5R2-INV-02] BỎ QUA: Đã ở trạng thái mong muốn (Disconnect Grid)
2025-11-21 13:11:57,095 - INFO - [ThreadPoolExecutor-7_4] - ✅ [B5R2-INV-04] BỎ QUA: Đã ở trạng thái mong muốn (Disconnect Grid)
2025-11-21 13:11:57,222 - INFO - [ThreadPoolExecutor-7_5] - ✅ [B5R2-INV-05] BỎ QUA: Đã ở trạng thái mong muốn (Disconnect Grid)
2025-11-21 13:11:57,793 - INFO - [ThreadPoolExecutor-7_3] - ✅ [B5R2-INV-03] BỎ QUA: Đã ở trạng thái mong muốn (Disconnect Grid)
2025-11-21 13:11:57,824 - INFO - [MainThread] - ℹ️ 📦 Batch 8: Hoàn thành 8, Retry 0, Thất bại 0
2025-11-21 13:11:57,824 - INFO - [MainThread] - 📊 Hàng đợi - Chính: 68, Retry: 9, Hoàn thành: 55, Thất bại: 0
2025-11-21 13:11:57,824 - INFO - [MainThread] - ℹ️ 📈 Tiến trình tổng: 55/132 (41.7%)
2025-11-21 13:11:57,824 - INFO - [MainThread] - ℹ️ 🔄 Xử lý batch 9 với 8 tasks
2025-11-21 13:11:57,825 - INFO - [ThreadPoolExecutor-8_0] - ℹ️ [B5R2-INV-08] Bắt đầu xử lý ON
2025-11-21 13:11:57,825 - INFO - [ThreadPoolExecutor-8_1] - ℹ️ [B5R2-INV-09] Bắt đầu xử lý ON
2025-11-21 13:11:57,826 - INFO - [ThreadPoolExecutor-8_2] - ℹ️ [B5R2-INV-10] Bắt đầu xử lý ON
2025-11-21 13:11:57,827 - INFO - [ThreadPoolExecutor-8_3] - ℹ️ [B6R1-INV-01] Bắt đầu xử lý ON
2025-11-21 13:11:57,828 - INFO - [ThreadPoolExecutor-8_4] - ℹ️ [B6R1-INV-02] Bắt đầu xử lý ON
2025-11-21 13:11:57,829 - INFO - [ThreadPoolExecutor-8_5] - ℹ️ [B6R1-INV-03] Bắt đầu xử lý ON
2025-11-21 13:11:57,832 - INFO - [ThreadPoolExecutor-8_6] - ℹ️ [B6R1-INV-04] Bắt đầu xử lý ON
2025-11-21 13:11:57,846 - INFO - [ThreadPoolExecutor-8_7] - ℹ️ [B6R1-INV-05] Bắt đầu xử lý ON
2025-11-21 13:12:04,305 - INFO - [ThreadPoolExecutor-8_7] - ✅ [B6R1-INV-05] BỎ QUA: Đã ở trạng thái mong muốn (Disconnect Grid)
2025-11-21 13:12:05,886 - INFO - [ThreadPoolExecutor-8_2] - ✅ [B5R2-INV-10] BỎ QUA: Đã ở trạng thái mong muốn (Disconnect Grid)
2025-11-21 13:12:05,887 - INFO - [ThreadPoolExecutor-8_1] - ✅ [B5R2-INV-09] BỎ QUA: Đã ở trạng thái mong muốn (Disconnect Grid)
2025-11-21 13:12:05,968 - INFO - [ThreadPoolExecutor-8_0] - ✅ [B5R2-INV-08] BỎ QUA: Đã ở trạng thái mong muốn (Disconnect Grid)
2025-11-21 13:12:06,102 - INFO - [ThreadPoolExecutor-8_5] - ✅ [B6R1-INV-03] BỎ QUA: Đã ở trạng thái mong muốn (Disconnect Grid)
2025-11-21 13:12:06,793 - INFO - [ThreadPoolExecutor-8_6] - ✅ [B6R1-INV-04] BỎ QUA: Đã ở trạng thái mong muốn (Disconnect Grid)
2025-11-21 13:12:06,959 - INFO - [ThreadPoolExecutor-8_4] - ✅ [B6R1-INV-02] BỎ QUA: Đã ở trạng thái mong muốn (Disconnect Grid)
2025-11-21 13:12:07,137 - INFO - [ThreadPoolExecutor-8_3] - ✅ [B6R1-INV-01] BỎ QUA: Đã ở trạng thái mong muốn (Disconnect Grid)
2025-11-21 13:12:07,173 - INFO - [MainThread] - ℹ️ 📦 Batch 9: Hoàn thành 8, Retry 0, Thất bại 0
2025-11-21 13:12:07,173 - INFO - [MainThread] - 📊 Hàng đợi - Chính: 60, Retry: 9, Hoàn thành: 63, Thất bại: 0
2025-11-21 13:12:07,173 - INFO - [MainThread] - ℹ️ 📈 Tiến trình tổng: 63/132 (47.7%)
2025-11-21 13:12:07,173 - INFO - [MainThread] - ℹ️ 🔄 Xử lý batch 10 với 8 tasks
2025-11-21 13:12:07,174 - INFO - [ThreadPoolExecutor-9_0] - ℹ️ [B6R1-INV-06] Bắt đầu xử lý ON
2025-11-21 13:12:07,174 - INFO - [ThreadPoolExecutor-9_1] - ℹ️ [B6R1-INV-07] Bắt đầu xử lý ON
2025-11-21 13:12:07,175 - INFO - [ThreadPoolExecutor-9_2] - ℹ️ [B6R1-INV-08] Bắt đầu xử lý ON
2025-11-21 13:12:07,175 - INFO - [ThreadPoolExecutor-9_3] - ℹ️ [B6R1-INV-09] Bắt đầu xử lý ON
2025-11-21 13:12:07,177 - INFO - [ThreadPoolExecutor-9_4] - ℹ️ [B6R1-INV-10] Bắt đầu xử lý ON
2025-11-21 13:12:07,178 - INFO - [ThreadPoolExecutor-9_5] - ℹ️ [B6R2-INV-01] Bắt đầu xử lý ON
2025-11-21 13:12:07,179 - INFO - [ThreadPoolExecutor-9_6] - ℹ️ [B6R2-INV-02] Bắt đầu xử lý ON
2025-11-21 13:12:07,183 - INFO - [ThreadPoolExecutor-9_7] - ℹ️ [B6R2-INV-03] Bắt đầu xử lý ON
2025-11-21 13:12:18,395 - INFO - [ThreadPoolExecutor-9_7] - ✅ [B6R2-INV-03] BỎ QUA: Đã ở trạng thái mong muốn (Disconnect Grid)
2025-11-21 13:12:19,636 - INFO - [ThreadPoolExecutor-9_4] - ✅ [B6R1-INV-10] BỎ QUA: Đã ở trạng thái mong muốn (Disconnect Grid)
2025-11-21 13:12:19,691 - INFO - [ThreadPoolExecutor-9_0] - ✅ [B6R1-INV-06] BỎ QUA: Đã ở trạng thái mong muốn (Disconnect Grid)
2025-11-21 13:12:20,010 - INFO - [ThreadPoolExecutor-9_2] - ✅ [B6R1-INV-08] BỎ QUA: Đã ở trạng thái mong muốn (Disconnect Grid)
2025-11-21 13:12:20,031 - INFO - [ThreadPoolExecutor-9_6] - ✅ [B6R2-INV-02] BỎ QUA: Đã ở trạng thái mong muốn (Disconnect Grid)
2025-11-21 13:12:20,416 - INFO - [ThreadPoolExecutor-9_1] - ✅ [B6R1-INV-07] BỎ QUA: Đã ở trạng thái mong muốn (Disconnect Grid)
2025-11-21 13:12:20,561 - INFO - [ThreadPoolExecutor-9_5] - ✅ [B6R2-INV-01] BỎ QUA: Đã ở trạng thái mong muốn (Disconnect Grid)
2025-11-21 13:12:20,696 - INFO - [ThreadPoolExecutor-9_3] - ✅ [B6R1-INV-09] BỎ QUA: Đã ở trạng thái mong muốn (Disconnect Grid)
2025-11-21 13:12:20,723 - INFO - [MainThread] - ℹ️ 📦 Batch 10: Hoàn thành 8, Retry 0, Thất bại 0
2025-11-21 13:12:20,723 - INFO - [MainThread] - 📊 Hàng đợi - Chính: 52, Retry: 9, Hoàn thành: 71, Thất bại: 0
2025-11-21 13:12:20,723 - INFO - [MainThread] - ℹ️ 📈 Tiến trình tổng: 71/132 (53.8%)
2025-11-21 13:12:20,724 - INFO - [MainThread] - ℹ️ 🔄 Xử lý batch 11 với 8 tasks
2025-11-21 13:12:20,724 - INFO - [ThreadPoolExecutor-10_0] - ℹ️ [B6R2-INV-04] Bắt đầu xử lý ON
2025-11-21 13:12:20,724 - INFO - [ThreadPoolExecutor-10_1] - ℹ️ [B6R2-INV-05] Bắt đầu xử lý ON
2025-11-21 13:12:20,725 - INFO - [ThreadPoolExecutor-10_2] - ℹ️ [B6R2-INV-06] Bắt đầu xử lý ON
2025-11-21 13:12:20,726 - INFO - [ThreadPoolExecutor-10_3] - ℹ️ [B6R2-INV-07] Bắt đầu xử lý ON
2025-11-21 13:12:20,726 - INFO - [ThreadPoolExecutor-10_4] - ℹ️ [B6R2-INV-08] Bắt đầu xử lý ON
2025-11-21 13:12:20,727 - INFO - [ThreadPoolExecutor-10_5] - ℹ️ [B6R2-INV-09] Bắt đầu xử lý ON
2025-11-21 13:12:20,728 - INFO - [ThreadPoolExecutor-10_6] - ℹ️ [B6R2-INV-10] Bắt đầu xử lý ON
2025-11-21 13:12:20,730 - INFO - [ThreadPoolExecutor-10_7] - ℹ️ [B7-INV-01] Bắt đầu xử lý ON
2025-11-21 13:12:28,540 - INFO - [ThreadPoolExecutor-10_7] - ✅ [B7-INV-01] BỎ QUA: Đã ở trạng thái mong muốn (Disconnect Grid)
2025-11-21 13:12:30,263 - INFO - [ThreadPoolExecutor-10_3] - ✅ [B6R2-INV-07] BỎ QUA: Đã ở trạng thái mong muốn (Disconnect Grid)
2025-11-21 13:12:30,825 - INFO - [ThreadPoolExecutor-10_1] - ✅ [B6R2-INV-05] BỎ QUA: Đã ở trạng thái mong muốn (Disconnect Grid)
2025-11-21 13:12:30,919 - INFO - [ThreadPoolExecutor-10_0] - ✅ [B6R2-INV-04] BỎ QUA: Đã ở trạng thái mong muốn (Disconnect Grid)
2025-11-21 13:12:31,178 - INFO - [ThreadPoolExecutor-10_6] - ✅ [B6R2-INV-10] BỎ QUA: Đã ở trạng thái mong muốn (Disconnect Grid)
2025-11-21 13:12:31,369 - INFO - [ThreadPoolExecutor-10_4] - ✅ [B6R2-INV-08] BỎ QUA: Đã ở trạng thái mong muốn (Disconnect Grid)
2025-11-21 13:12:31,432 - INFO - [ThreadPoolExecutor-10_2] - ✅ [B6R2-INV-06] BỎ QUA: Đã ở trạng thái mong muốn (Disconnect Grid)
2025-11-21 13:12:31,749 - INFO - [ThreadPoolExecutor-10_5] - ✅ [B6R2-INV-09] BỎ QUA: Đã ở trạng thái mong muốn (Disconnect Grid)
2025-11-21 13:12:31,784 - INFO - [MainThread] - ℹ️ 📦 Batch 11: Hoàn thành 8, Retry 0, Thất bại 0
2025-11-21 13:12:31,784 - INFO - [MainThread] - 📊 Hàng đợi - Chính: 44, Retry: 9, Hoàn thành: 79, Thất bại: 0
2025-11-21 13:12:31,784 - INFO - [MainThread] - ℹ️ 📈 Tiến trình tổng: 79/132 (59.8%)
2025-11-21 13:12:31,785 - INFO - [MainThread] - ℹ️ 🔄 Xử lý batch 12 với 8 tasks
2025-11-21 13:12:31,785 - INFO - [ThreadPoolExecutor-11_0] - ℹ️ [B7-INV-02] Bắt đầu xử lý ON
2025-11-21 13:12:31,785 - INFO - [ThreadPoolExecutor-11_1] - ℹ️ [B7-INV-03] Bắt đầu xử lý ON
2025-11-21 13:12:31,786 - INFO - [ThreadPoolExecutor-11_2] - ℹ️ [B7-INV-04] Bắt đầu xử lý ON
2025-11-21 13:12:31,787 - INFO - [ThreadPoolExecutor-11_3] - ℹ️ [B7-INV-05] Bắt đầu xử lý ON
2025-11-21 13:12:31,787 - INFO - [ThreadPoolExecutor-11_4] - ℹ️ [B7-INV-06] Bắt đầu xử lý ON
2025-11-21 13:12:31,788 - INFO - [ThreadPoolExecutor-11_5] - ℹ️ [B7-INV-07] Bắt đầu xử lý ON
2025-11-21 13:12:31,789 - INFO - [ThreadPoolExecutor-11_6] - ℹ️ [B7-INV-08] Bắt đầu xử lý ON
2025-11-21 13:12:31,790 - INFO - [ThreadPoolExecutor-11_7] - ℹ️ [B7-INV-09] Bắt đầu xử lý ON
2025-11-21 13:12:37,578 - INFO - [ThreadPoolExecutor-11_0] - ✅ [B7-INV-02] BỎ QUA: Đã ở trạng thái mong muốn (Disconnect Grid)
2025-11-21 13:12:39,648 - INFO - [ThreadPoolExecutor-11_3] - ✅ [B7-INV-05] BỎ QUA: Đã ở trạng thái mong muốn (Disconnect Grid)
2025-11-21 13:12:39,757 - INFO - [ThreadPoolExecutor-11_7] - ✅ [B7-INV-09] BỎ QUA: Đã ở trạng thái mong muốn (Disconnect Grid)
2025-11-21 13:12:39,790 - INFO - [ThreadPoolExecutor-11_2] - ✅ [B7-INV-04] BỎ QUA: Đã ở trạng thái mong muốn (Disconnect Grid)
2025-11-21 13:12:40,159 - INFO - [ThreadPoolExecutor-11_5] - ✅ [B7-INV-07] BỎ QUA: Đã ở trạng thái mong muốn (Disconnect Grid)
2025-11-21 13:12:40,165 - INFO - [ThreadPoolExecutor-11_1] - ✅ [B7-INV-03] BỎ QUA: Đã ở trạng thái mong muốn (Disconnect Grid)
2025-11-21 13:12:40,203 - INFO - [ThreadPoolExecutor-11_4] - ✅ [B7-INV-06] BỎ QUA: Đã ở trạng thái mong muốn (Disconnect Grid)
2025-11-21 13:12:40,315 - INFO - [ThreadPoolExecutor-11_6] - ✅ [B7-INV-08] BỎ QUA: Đã ở trạng thái mong muốn (Disconnect Grid)
2025-11-21 13:12:40,357 - INFO - [MainThread] - ℹ️ 📦 Batch 12: Hoàn thành 8, Retry 0, Thất bại 0
2025-11-21 13:12:40,358 - INFO - [MainThread] - 📊 Hàng đợi - Chính: 36, Retry: 9, Hoàn thành: 87, Thất bại: 0
2025-11-21 13:12:40,358 - INFO - [MainThread] - ℹ️ 📈 Tiến trình tổng: 87/132 (65.9%)
2025-11-21 13:12:40,358 - INFO - [MainThread] - ℹ️ 🔄 Xử lý batch 13 với 8 tasks
2025-11-21 13:12:40,358 - INFO - [ThreadPoolExecutor-12_0] - ℹ️ [B7-INV-10] Bắt đầu xử lý ON
2025-11-21 13:12:40,359 - INFO - [ThreadPoolExecutor-12_1] - ℹ️ [B8-INV-01] Bắt đầu xử lý ON
2025-11-21 13:12:40,359 - INFO - [ThreadPoolExecutor-12_2] - ℹ️ [B8-INV-02] Bắt đầu xử lý ON
2025-11-21 13:12:40,360 - INFO - [ThreadPoolExecutor-12_3] - ℹ️ [B8-INV-03] Bắt đầu xử lý ON
2025-11-21 13:12:40,361 - INFO - [ThreadPoolExecutor-12_4] - ℹ️ [B8-INV-04] Bắt đầu xử lý ON
2025-11-21 13:12:40,362 - INFO - [ThreadPoolExecutor-12_5] - ℹ️ [B8-INV-05] Bắt đầu xử lý ON
2025-11-21 13:12:40,363 - INFO - [ThreadPoolExecutor-12_6] - ℹ️ [B11-INV-01] Bắt đầu xử lý ON
2025-11-21 13:12:40,364 - INFO - [ThreadPoolExecutor-12_7] - ℹ️ [B11-INV-02] Bắt đầu xử lý ON
2025-11-21 13:12:47,900 - INFO - [ThreadPoolExecutor-12_4] - ✅ [B8-INV-04] BỎ QUA: Đã ở trạng thái mong muốn (Disconnect Grid)
2025-11-21 13:12:47,914 - INFO - [ThreadPoolExecutor-12_2] - ✅ [B8-INV-02] BỎ QUA: Đã ở trạng thái mong muốn (Disconnect Grid)
2025-11-21 13:12:47,921 - INFO - [ThreadPoolExecutor-12_0] - ✅ [B7-INV-10] BỎ QUA: Đã ở trạng thái mong muốn (Disconnect Grid)
2025-11-21 13:12:48,078 - INFO - [ThreadPoolExecutor-12_1] - ✅ [B8-INV-01] BỎ QUA: Đã ở trạng thái mong muốn (Disconnect Grid)
2025-11-21 13:12:48,738 - INFO - [ThreadPoolExecutor-12_7] - ✅ [B11-INV-02] BỎ QUA: Đã ở trạng thái mong muốn (Disconnect Grid)
2025-11-21 13:12:48,739 - INFO - [ThreadPoolExecutor-12_5] - ✅ [B8-INV-05] BỎ QUA: Đã ở trạng thái mong muốn (Disconnect Grid)
2025-11-21 13:12:48,742 - INFO - [ThreadPoolExecutor-12_6] - ✅ [B11-INV-01] BỎ QUA: Đã ở trạng thái mong muốn (Disconnect Grid)
2025-11-21 13:12:48,787 - INFO - [ThreadPoolExecutor-12_3] - ✅ [B8-INV-03] BỎ QUA: Đã ở trạng thái mong muốn (Disconnect Grid)
2025-11-21 13:12:48,868 - INFO - [MainThread] - ℹ️ 📦 Batch 13: Hoàn thành 8, Retry 0, Thất bại 0
2025-11-21 13:12:48,868 - INFO - [MainThread] - 📊 Hàng đợi - Chính: 28, Retry: 9, Hoàn thành: 95, Thất bại: 0
2025-11-21 13:12:48,868 - INFO - [MainThread] - ℹ️ 📈 Tiến trình tổng: 95/132 (72.0%)
2025-11-21 13:12:48,868 - INFO - [MainThread] - ℹ️ 🔄 Xử lý batch 14 với 8 tasks
2025-11-21 13:12:48,869 - INFO - [ThreadPoolExecutor-13_0] - ℹ️ [B11-INV-03] Bắt đầu xử lý ON
2025-11-21 13:12:48,869 - INFO - [ThreadPoolExecutor-13_1] - ℹ️ [B11-INV-04] Bắt đầu xử lý ON
2025-11-21 13:12:48,870 - INFO - [ThreadPoolExecutor-13_2] - ℹ️ [B11-INV-05] Bắt đầu xử lý ON
2025-11-21 13:12:48,870 - INFO - [ThreadPoolExecutor-13_3] - ℹ️ [B11-INV-06] Bắt đầu xử lý ON
2025-11-21 13:12:48,872 - INFO - [ThreadPoolExecutor-13_4] - ℹ️ [B11-INV-07] Bắt đầu xử lý ON
2025-11-21 13:12:48,873 - INFO - [ThreadPoolExecutor-13_5] - ℹ️ [B11-INV-08] Bắt đầu xử lý ON
2025-11-21 13:12:48,874 - INFO - [ThreadPoolExecutor-13_6] - ℹ️ [B11-INV-09] Bắt đầu xử lý ON
2025-11-21 13:12:48,875 - INFO - [ThreadPoolExecutor-13_7] - ℹ️ [B11-INV-10] Bắt đầu xử lý ON
2025-11-21 13:12:56,389 - INFO - [ThreadPoolExecutor-13_0] - ✅ [B11-INV-03] BỎ QUA: Đã ở trạng thái mong muốn (Disconnect Grid)
2025-11-21 13:12:58,401 - INFO - [ThreadPoolExecutor-13_4] - ✅ [B11-INV-07] BỎ QUA: Đã ở trạng thái mong muốn (Disconnect Grid)
2025-11-21 13:12:58,444 - INFO - [ThreadPoolExecutor-13_1] - ✅ [B11-INV-04] BỎ QUA: Đã ở trạng thái mong muốn (Disconnect Grid)
2025-11-21 13:12:58,831 - INFO - [ThreadPoolExecutor-13_5] - ✅ [B11-INV-08] BỎ QUA: Đã ở trạng thái mong muốn (Disconnect Grid)
2025-11-21 13:12:58,943 - INFO - [ThreadPoolExecutor-13_3] - ✅ [B11-INV-06] BỎ QUA: Đã ở trạng thái mong muốn (Disconnect Grid)
2025-11-21 13:12:58,944 - INFO - [ThreadPoolExecutor-13_6] - ✅ [B11-INV-09] BỎ QUA: Đã ở trạng thái mong muốn (Disconnect Grid)
2025-11-21 13:12:58,972 - INFO - [ThreadPoolExecutor-13_7] - ✅ [B11-INV-10] BỎ QUA: Đã ở trạng thái mong muốn (Disconnect Grid)
2025-11-21 13:12:58,990 - INFO - [ThreadPoolExecutor-13_2] - ✅ [B11-INV-05] BỎ QUA: Đã ở trạng thái mong muốn (Disconnect Grid)
2025-11-21 13:12:59,038 - INFO - [MainThread] - ℹ️ 📦 Batch 14: Hoàn thành 8, Retry 0, Thất bại 0
2025-11-21 13:12:59,038 - INFO - [MainThread] - 📊 Hàng đợi - Chính: 20, Retry: 9, Hoàn thành: 103, Thất bại: 0
2025-11-21 13:12:59,038 - INFO - [MainThread] - ℹ️ 📈 Tiến trình tổng: 103/132 (78.0%)
2025-11-21 13:12:59,038 - INFO - [MainThread] - ℹ️ 🔄 Xử lý batch 15 với 8 tasks
2025-11-21 13:12:59,039 - INFO - [ThreadPoolExecutor-14_0] - ℹ️ [B12-INV-01] Bắt đầu xử lý ON
2025-11-21 13:12:59,039 - INFO - [ThreadPoolExecutor-14_1] - ℹ️ [B12-INV-02] Bắt đầu xử lý ON
2025-11-21 13:12:59,039 - INFO - [ThreadPoolExecutor-14_2] - ℹ️ [B12-INV-03] Bắt đầu xử lý ON
2025-11-21 13:12:59,040 - INFO - [ThreadPoolExecutor-14_3] - ℹ️ [B12-INV-04] Bắt đầu xử lý ON
2025-11-21 13:12:59,041 - INFO - [ThreadPoolExecutor-14_4] - ℹ️ [B12-INV-05] Bắt đầu xử lý ON
2025-11-21 13:12:59,042 - INFO - [ThreadPoolExecutor-14_5] - ℹ️ [B12-INV-06] Bắt đầu xử lý ON
2025-11-21 13:12:59,042 - INFO - [ThreadPoolExecutor-14_6] - ℹ️ [B12-INV-07] Bắt đầu xử lý ON
2025-11-21 13:12:59,043 - INFO - [ThreadPoolExecutor-14_7] - ℹ️ [B12-INV-08] Bắt đầu xử lý ON
2025-11-21 13:13:04,682 - INFO - [ThreadPoolExecutor-14_7] - ✅ [B12-INV-08] BỎ QUA: Đã ở trạng thái mong muốn (Disconnect Grid)
2025-11-21 13:13:06,560 - INFO - [ThreadPoolExecutor-14_5] - ✅ [B12-INV-06] BỎ QUA: Đã ở trạng thái mong muốn (Disconnect Grid)
2025-11-21 13:13:06,833 - INFO - [ThreadPoolExecutor-14_2] - ✅ [B12-INV-03] BỎ QUA: Đã ở trạng thái mong muốn (Disconnect Grid)
2025-11-21 13:13:07,081 - INFO - [ThreadPoolExecutor-14_6] - ✅ [B12-INV-07] BỎ QUA: Đã ở trạng thái mong muốn (Disconnect Grid)
2025-11-21 13:13:07,093 - INFO - [ThreadPoolExecutor-14_1] - ✅ [B12-INV-02] BỎ QUA: Đã ở trạng thái mong muốn (Disconnect Grid)
2025-11-21 13:13:07,122 - INFO - [ThreadPoolExecutor-14_3] - ✅ [B12-INV-04] BỎ QUA: Đã ở trạng thái mong muốn (Disconnect Grid)
2025-11-21 13:13:07,180 - INFO - [ThreadPoolExecutor-14_4] - ✅ [B12-INV-05] BỎ QUA: Đã ở trạng thái mong muốn (Disconnect Grid)
2025-11-21 13:13:07,183 - INFO - [ThreadPoolExecutor-14_0] - ✅ [B12-INV-01] BỎ QUA: Đã ở trạng thái mong muốn (Disconnect Grid)
2025-11-21 13:13:07,238 - INFO - [MainThread] - ℹ️ 📦 Batch 15: Hoàn thành 8, Retry 0, Thất bại 0
2025-11-21 13:13:07,238 - INFO - [MainThread] - 📊 Hàng đợi - Chính: 12, Retry: 9, Hoàn thành: 111, Thất bại: 0
2025-11-21 13:13:07,238 - INFO - [MainThread] - ℹ️ 📈 Tiến trình tổng: 111/132 (84.1%)
2025-11-21 13:13:07,238 - INFO - [MainThread] - ℹ️ 🔄 Xử lý batch 16 với 8 tasks
2025-11-21 13:13:07,239 - INFO - [ThreadPoolExecutor-15_0] - ℹ️ [B12-INV-09] Bắt đầu xử lý ON
2025-11-21 13:13:07,239 - INFO - [ThreadPoolExecutor-15_1] - ℹ️ [B12-INV-10] Bắt đầu xử lý ON
2025-11-21 13:13:07,239 - INFO - [ThreadPoolExecutor-15_2] - ℹ️ [B13-14-INV-01] Bắt đầu xử lý ON
2025-11-21 13:13:07,240 - INFO - [ThreadPoolExecutor-15_3] - ℹ️ [B13-14-INV-02] Bắt đầu xử lý ON
2025-11-21 13:13:07,241 - INFO - [ThreadPoolExecutor-15_4] - ℹ️ [B13-14-INV-03] Bắt đầu xử lý ON
2025-11-21 13:13:07,242 - INFO - [ThreadPoolExecutor-15_5] - ℹ️ [B13-14-INV-04] Bắt đầu xử lý ON
2025-11-21 13:13:07,245 - INFO - [ThreadPoolExecutor-15_6] - ℹ️ [B13-14-INV-05] Bắt đầu xử lý ON
2025-11-21 13:13:07,248 - INFO - [ThreadPoolExecutor-15_7] - ℹ️ [B13-14-INV-06] Bắt đầu xử lý ON
2025-11-21 13:13:14,581 - INFO - [ThreadPoolExecutor-15_1] - ✅ [B12-INV-10] BỎ QUA: Đã ở trạng thái mong muốn (Disconnect Grid)
2025-11-21 13:13:14,631 - INFO - [ThreadPoolExecutor-15_7] - ✅ [B13-14-INV-06] BỎ QUA: Đã ở trạng thái mong muốn (Disconnect Grid)
2025-11-21 13:13:15,048 - INFO - [ThreadPoolExecutor-15_3] - ✅ [B13-14-INV-02] BỎ QUA: Đã ở trạng thái mong muốn (Disconnect Grid)
2025-11-21 13:13:15,136 - INFO - [ThreadPoolExecutor-15_0] - ✅ [B12-INV-09] BỎ QUA: Đã ở trạng thái mong muốn (Disconnect Grid)
2025-11-21 13:13:15,206 - INFO - [ThreadPoolExecutor-15_2] - ✅ [B13-14-INV-01] BỎ QUA: Đã ở trạng thái mong muốn (Disconnect Grid)
2025-11-21 13:13:15,225 - INFO - [ThreadPoolExecutor-15_6] - ✅ [B13-14-INV-05] BỎ QUA: Đã ở trạng thái mong muốn (Disconnect Grid)
2025-11-21 13:13:15,717 - INFO - [ThreadPoolExecutor-15_4] - ✅ [B13-14-INV-03] BỎ QUA: Đã ở trạng thái mong muốn (Disconnect Grid)
2025-11-21 13:13:15,741 - INFO - [ThreadPoolExecutor-15_5] - ✅ [B13-14-INV-04] BỎ QUA: Đã ở trạng thái mong muốn (Disconnect Grid)
2025-11-21 13:13:15,790 - INFO - [MainThread] - ℹ️ 📦 Batch 16: Hoàn thành 8, Retry 0, Thất bại 0
2025-11-21 13:13:15,790 - INFO - [MainThread] - 📊 Hàng đợi - Chính: 4, Retry: 9, Hoàn thành: 119, Thất bại: 0
2025-11-21 13:13:15,790 - INFO - [MainThread] - ℹ️ 📈 Tiến trình tổng: 119/132 (90.2%)
2025-11-21 13:13:15,790 - INFO - [MainThread] - ℹ️ 🔄 Lấy task từ retry queue: B2-INV-02 (retry 1)
2025-11-21 13:13:15,790 - INFO - [MainThread] - ℹ️ 🔄 Lấy task từ retry queue: B2-INV-05 (retry 1)
2025-11-21 13:13:15,791 - INFO - [MainThread] - ℹ️ 🔄 Lấy task từ retry queue: B2-INV-04 (retry 1)
2025-11-21 13:13:15,791 - INFO - [MainThread] - ℹ️ 🔄 Lấy task từ retry queue: B2-INV-08 (retry 1)
2025-11-21 13:13:15,791 - INFO - [MainThread] - ℹ️ 🔄 Xử lý batch 17 với 8 tasks
2025-11-21 13:13:15,791 - INFO - [ThreadPoolExecutor-16_0] - ℹ️ [B13-14-INV-07] Bắt đầu xử lý ON
2025-11-21 13:13:15,791 - INFO - [ThreadPoolExecutor-16_1] - ℹ️ [B13-14-INV-08] Bắt đầu xử lý ON
2025-11-21 13:13:15,792 - INFO - [ThreadPoolExecutor-16_2] - ℹ️ [B13-14-INV-09] Bắt đầu xử lý ON
2025-11-21 13:13:15,793 - INFO - [ThreadPoolExecutor-16_3] - ℹ️ [B13-14-INV-10] Bắt đầu xử lý ON
2025-11-21 13:13:15,794 - INFO - [ThreadPoolExecutor-16_4] - ℹ️ [B2-INV-02] Bắt đầu xử lý ON
2025-11-21 13:13:15,795 - INFO - [ThreadPoolExecutor-16_5] - ℹ️ [B2-INV-05] Bắt đầu xử lý ON
2025-11-21 13:13:15,797 - INFO - [ThreadPoolExecutor-16_6] - ℹ️ [B2-INV-04] Bắt đầu xử lý ON
2025-11-21 13:13:15,798 - INFO - [ThreadPoolExecutor-16_7] - ℹ️ [B2-INV-08] Bắt đầu xử lý ON
2025-11-21 13:13:21,026 - INFO - [ThreadPoolExecutor-16_1] - ✅ [B13-14-INV-08] BỎ QUA: Đã ở trạng thái mong muốn (Disconnect Grid)
2025-11-21 13:13:23,125 - INFO - [ThreadPoolExecutor-16_0] - ✅ [B13-14-INV-07] BỎ QUA: Đã ở trạng thái mong muốn (Disconnect Grid)
2025-11-21 13:13:24,959 - INFO - [ThreadPoolExecutor-16_2] - ✅ [B13-14-INV-09] BỎ QUA: Đã ở trạng thái mong muốn (Disconnect Grid)
2025-11-21 13:13:25,478 - INFO - [ThreadPoolExecutor-16_3] - ✅ [B13-14-INV-10] BỎ QUA: Đã ở trạng thái mong muốn (Disconnect Grid)
2025-11-21 13:13:29,447 - WARNING - [ThreadPoolExecutor-16_5] - ⚠️ [B2-INV-05] Không thể xác định trạng thái hiện tại
2025-11-21 13:13:29,483 - WARNING - [ThreadPoolExecutor-16_7] - ⚠️ [B2-INV-08] Không thể xác định trạng thái hiện tại
2025-11-21 13:13:29,483 - WARNING - [ThreadPoolExecutor-16_6] - ⚠️ [B2-INV-04] Không thể xác định trạng thái hiện tại
2025-11-21 13:13:29,484 - WARNING - [ThreadPoolExecutor-16_4] - ⚠️ [B2-INV-02] Không thể xác định trạng thái hiện tại
2025-11-21 13:13:29,505 - WARNING - [MainThread] - ⚠️ ⏳ Đã chuyển B2-INV-05 sang retry queue (lần 2)
2025-11-21 13:13:29,555 - WARNING - [MainThread] - ⚠️ ⏳ Đã chuyển B2-INV-04 sang retry queue (lần 2)
2025-11-21 13:13:29,562 - WARNING - [MainThread] - ⚠️ ⏳ Đã chuyển B2-INV-02 sang retry queue (lần 2)
2025-11-21 13:13:29,567 - WARNING - [MainThread] - ⚠️ ⏳ Đã chuyển B2-INV-08 sang retry queue (lần 2)
2025-11-21 13:13:29,568 - INFO - [MainThread] - ℹ️ 📦 Batch 17: Hoàn thành 4, Retry 4, Thất bại 0
2025-11-21 13:13:29,568 - INFO - [MainThread] - 📊 Hàng đợi - Chính: 0, Retry: 9, Hoàn thành: 123, Thất bại: 0
2025-11-21 13:13:29,569 - INFO - [MainThread] - ℹ️ 📈 Tiến trình tổng: 123/132 (93.2%)
2025-11-21 13:13:29,569 - INFO - [MainThread] - ℹ️ 🔄 Lấy task từ retry queue: B2-INV-07 (retry 1)
2025-11-21 13:13:29,569 - INFO - [MainThread] - ℹ️ 🔄 Lấy task từ retry queue: B2-INV-03 (retry 1)
2025-11-21 13:13:29,569 - INFO - [MainThread] - ℹ️ 🔄 Lấy task từ retry queue: B2-INV-06 (retry 1)
2025-11-21 13:13:29,569 - INFO - [MainThread] - ℹ️ 🔄 Lấy task từ retry queue: B2-INV-01 (retry 1)
2025-11-21 13:13:29,570 - INFO - [MainThread] - ℹ️ 🔄 Lấy task từ retry queue: B2-INV-09 (retry 1)
2025-11-21 13:13:29,570 - INFO - [MainThread] - ℹ️ 🔄 Lấy task từ retry queue: B2-INV-05 (retry 2)
2025-11-21 13:13:29,570 - INFO - [MainThread] - ℹ️ 🔄 Lấy task từ retry queue: B2-INV-04 (retry 2)
2025-11-21 13:13:29,570 - INFO - [MainThread] - ℹ️ 🔄 Lấy task từ retry queue: B2-INV-02 (retry 2)
2025-11-21 13:13:29,570 - INFO - [MainThread] - ℹ️ 🔄 Xử lý batch 18 với 8 tasks
2025-11-21 13:13:29,570 - INFO - [ThreadPoolExecutor-17_0] - ℹ️ [B2-INV-07] Bắt đầu xử lý ON
2025-11-21 13:13:29,571 - INFO - [ThreadPoolExecutor-17_1] - ℹ️ [B2-INV-03] Bắt đầu xử lý ON
2025-11-21 13:13:29,571 - INFO - [ThreadPoolExecutor-17_2] - ℹ️ [B2-INV-06] Bắt đầu xử lý ON
2025-11-21 13:13:29,572 - INFO - [ThreadPoolExecutor-17_3] - ℹ️ [B2-INV-01] Bắt đầu xử lý ON
2025-11-21 13:13:29,573 - INFO - [ThreadPoolExecutor-17_4] - ℹ️ [B2-INV-09] Bắt đầu xử lý ON
2025-11-21 13:13:29,575 - INFO - [ThreadPoolExecutor-17_5] - ℹ️ [B2-INV-05] Bắt đầu xử lý ON
2025-11-21 13:13:29,580 - INFO - [ThreadPoolExecutor-17_6] - ℹ️ [B2-INV-04] Bắt đầu xử lý ON
2025-11-21 13:13:29,583 - INFO - [ThreadPoolExecutor-17_7] - ℹ️ [B2-INV-02] Bắt đầu xử lý ON
2025-11-21 13:13:41,722 - WARNING - [ThreadPoolExecutor-17_3] - ⚠️ [B2-INV-01] Không thể xác định trạng thái hiện tại
2025-11-21 13:13:41,723 - WARNING - [ThreadPoolExecutor-17_1] - ⚠️ [B2-INV-03] Không thể xác định trạng thái hiện tại
2025-11-21 13:13:41,723 - WARNING - [ThreadPoolExecutor-17_0] - ⚠️ [B2-INV-07] Không thể xác định trạng thái hiện tại
2025-11-21 13:13:41,724 - WARNING - [ThreadPoolExecutor-17_2] - ⚠️ [B2-INV-06] Không thể xác định trạng thái hiện tại
2025-11-21 13:13:41,796 - WARNING - [MainThread] - ⚠️ ⏳ Đã chuyển B2-INV-01 sang retry queue (lần 2)
2025-11-21 13:13:41,797 - WARNING - [MainThread] - ⚠️ ⏳ Đã chuyển B2-INV-06 sang retry queue (lần 2)
2025-11-21 13:13:41,798 - WARNING - [MainThread] - ⚠️ ⏳ Đã chuyển B2-INV-03 sang retry queue (lần 2)
2025-11-21 13:13:41,801 - WARNING - [MainThread] - ⚠️ ⏳ Đã chuyển B2-INV-07 sang retry queue (lần 2)
2025-11-21 13:13:44,610 - WARNING - [ThreadPoolExecutor-17_5] - ⚠️ [B2-INV-05] Không thể xác định trạng thái hiện tại
2025-11-21 13:13:44,610 - WARNING - [ThreadPoolExecutor-17_6] - ⚠️ [B2-INV-04] Không thể xác định trạng thái hiện tại
2025-11-21 13:13:44,610 - WARNING - [ThreadPoolExecutor-17_7] - ⚠️ [B2-INV-02] Không thể xác định trạng thái hiện tại
2025-11-21 13:13:44,669 - ERROR - [MainThread] - ❌ 💥 Task B2-INV-04 đã vượt quá số lần retry tối đa
2025-11-21 13:13:44,669 - ERROR - [MainThread] - ❌ 💥 Task B2-INV-05 đã vượt quá số lần retry tối đa
2025-11-21 13:13:44,679 - ERROR - [MainThread] - ❌ 💥 Task B2-INV-02 đã vượt quá số lần retry tối đa
2025-11-21 13:13:44,807 - WARNING - [ThreadPoolExecutor-17_4] - ⚠️ [B2-INV-09] Không thể xác định trạng thái hiện tại
2025-11-21 13:13:44,857 - WARNING - [MainThread] - ⚠️ ⏳ Đã chuyển B2-INV-09 sang retry queue (lần 2)
2025-11-21 13:13:44,859 - INFO - [MainThread] - ℹ️ 📦 Batch 18: Hoàn thành 0, Retry 5, Thất bại 3
2025-11-21 13:13:44,859 - INFO - [MainThread] - 📊 Hàng đợi - Chính: 0, Retry: 6, Hoàn thành: 123, Thất bại: 3
2025-11-21 13:13:44,859 - INFO - [MainThread] - ℹ️ 📈 Tiến trình tổng: 123/132 (93.2%)
2025-11-21 13:13:44,859 - INFO - [MainThread] - ℹ️ 🔄 Lấy task từ retry queue: B2-INV-08 (retry 2)
2025-11-21 13:13:44,859 - INFO - [MainThread] - ℹ️ 🔄 Lấy task từ retry queue: B2-INV-01 (retry 2)
2025-11-21 13:13:44,859 - INFO - [MainThread] - ℹ️ 🔄 Lấy task từ retry queue: B2-INV-06 (retry 2)
2025-11-21 13:13:44,859 - INFO - [MainThread] - ℹ️ 🔄 Lấy task từ retry queue: B2-INV-03 (retry 2)
2025-11-21 13:13:44,859 - INFO - [MainThread] - ℹ️ 🔄 Lấy task từ retry queue: B2-INV-07 (retry 2)
2025-11-21 13:13:44,859 - INFO - [MainThread] - ℹ️ 🔄 Lấy task từ retry queue: B2-INV-09 (retry 2)
2025-11-21 13:13:44,860 - INFO - [MainThread] - ℹ️ 🔄 Xử lý batch 19 với 6 tasks
2025-11-21 13:13:44,860 - INFO - [ThreadPoolExecutor-18_0] - ℹ️ [B2-INV-08] Bắt đầu xử lý ON
2025-11-21 13:13:44,860 - INFO - [ThreadPoolExecutor-18_1] - ℹ️ [B2-INV-01] Bắt đầu xử lý ON
2025-11-21 13:13:44,861 - INFO - [ThreadPoolExecutor-18_2] - ℹ️ [B2-INV-06] Bắt đầu xử lý ON
2025-11-21 13:13:44,861 - INFO - [ThreadPoolExecutor-18_3] - ℹ️ [B2-INV-03] Bắt đầu xử lý ON
2025-11-21 13:13:44,861 - INFO - [ThreadPoolExecutor-18_4] - ℹ️ [B2-INV-07] Bắt đầu xử lý ON
2025-11-21 13:13:44,863 - INFO - [ThreadPoolExecutor-18_5] - ℹ️ [B2-INV-09] Bắt đầu xử lý ON
2025-11-21 13:14:01,566 - WARNING - [ThreadPoolExecutor-18_4] - ⚠️ [B2-INV-07] Không thể xác định trạng thái hiện tại
2025-11-21 13:14:01,566 - WARNING - [ThreadPoolExecutor-18_2] - ⚠️ [B2-INV-06] Không thể xác định trạng thái hiện tại
2025-11-21 13:14:01,566 - WARNING - [ThreadPoolExecutor-18_3] - ⚠️ [B2-INV-03] Không thể xác định trạng thái hiện tại
2025-11-21 13:14:01,567 - WARNING - [ThreadPoolExecutor-18_5] - ⚠️ [B2-INV-09] Không thể xác định trạng thái hiện tại
2025-11-21 13:14:01,567 - WARNING - [ThreadPoolExecutor-18_1] - ⚠️ [B2-INV-01] Không thể xác định trạng thái hiện tại
2025-11-21 13:14:01,568 - WARNING - [ThreadPoolExecutor-18_0] - ⚠️ [B2-INV-08] Không thể xác định trạng thái hiện tại
2025-11-21 13:14:01,662 - ERROR - [MainThread] - ❌ 💥 Task B2-INV-03 đã vượt quá số lần retry tối đa
2025-11-21 13:14:01,676 - ERROR - [MainThread] - ❌ 💥 Task B2-INV-07 đã vượt quá số lần retry tối đa
2025-11-21 13:14:01,679 - ERROR - [MainThread] - ❌ 💥 Task B2-INV-06 đã vượt quá số lần retry tối đa
2025-11-21 13:14:01,679 - ERROR - [MainThread] - ❌ 💥 Task B2-INV-01 đã vượt quá số lần retry tối đa
2025-11-21 13:14:01,685 - ERROR - [MainThread] - ❌ 💥 Task B2-INV-09 đã vượt quá số lần retry tối đa
2025-11-21 13:14:01,693 - ERROR - [MainThread] - ❌ 💥 Task B2-INV-08 đã vượt quá số lần retry tối đa
2025-11-21 13:14:01,694 - INFO - [MainThread] - ℹ️ 📦 Batch 19: Hoàn thành 0, Retry 0, Thất bại 6
2025-11-21 13:14:01,694 - INFO - [MainThread] - 📊 Hàng đợi - Chính: 0, Retry: 0, Hoàn thành: 123, Thất bại: 9
2025-11-21 13:14:01,694 - INFO - [MainThread] - ℹ️ 📈 Tiến trình tổng: 123/132 (93.2%)
2025-11-21 13:14:01,694 - INFO - [MainThread] - ℹ️ ⏹️ Chỉ còn ít tasks retry, kết thúc sớm
2025-11-21 13:14:01,695 - INFO - [MainThread] - ℹ️ ============================================================
2025-11-21 13:14:01,695 - INFO - [MainThread] - ℹ️ 🎯 BÁO CÁO TỔNG KẾT - PHIÊN BẢN 0.4 (DRIVER POOL)
2025-11-21 13:14:01,695 - INFO - [MainThread] - ℹ️ ============================================================
2025-11-21 13:14:01,695 - INFO - [MainThread] - ℹ️ 📦 Tổng số tác vụ: 132
2025-11-21 13:14:01,695 - INFO - [MainThread] - ℹ️ ✅ Thành công: 123
2025-11-21 13:14:01,695 - INFO - [MainThread] - ℹ️ ❌ Thất bại: 9
2025-11-21 13:14:01,695 - INFO - [MainThread] - ℹ️ ⏭️ Bỏ qua: 0
2025-11-21 13:14:01,695 - INFO - [MainThread] - ℹ️ 🔄 Tổng số lần retry: 18
2025-11-21 13:14:01,695 - INFO - [MainThread] - ℹ️ 📊 Tỷ lệ thành công: 93.2%
2025-11-21 13:14:01,696 - INFO - [MainThread] - ℹ️ ⏱️ Thời gian trung bình/task: 1.67s
2025-11-21 13:14:01,696 - INFO - [MainThread] - ℹ️ 🕒 Tổng thời gian thực hiện: 0:03:40.895734
2025-11-21 13:14:01,696 - INFO - [MainThread] - ℹ️ 🔍 CHI TIẾT LỖI:
2025-11-21 13:14:01,696 - ERROR - [MainThread] - ❌ [B2-INV-04] Vượt quá số lần retry: Không thể xác định trạng thái hiện tại
2025-11-21 13:14:01,696 - ERROR - [MainThread] - ❌ [B2-INV-05] Vượt quá số lần retry: Không thể xác định trạng thái hiện tại
2025-11-21 13:14:01,696 - ERROR - [MainThread] - ❌ [B2-INV-02] Vượt quá số lần retry: Không thể xác định trạng thái hiện tại
2025-11-21 13:14:01,697 - ERROR - [MainThread] - ❌ [B2-INV-03] Vượt quá số lần retry: Không thể xác định trạng thái hiện tại
2025-11-21 13:14:01,697 - ERROR - [MainThread] - ❌ [B2-INV-07] Vượt quá số lần retry: Không thể xác định trạng thái hiện tại
2025-11-21 13:14:01,697 - ERROR - [MainThread] - ❌ [B2-INV-06] Vượt quá số lần retry: Không thể xác định trạng thái hiện tại
2025-11-21 13:14:01,697 - ERROR - [MainThread] - ❌ [B2-INV-01] Vượt quá số lần retry: Không thể xác định trạng thái hiện tại
2025-11-21 13:14:01,697 - ERROR - [MainThread] - ❌ [B2-INV-09] Vượt quá số lần retry: Không thể xác định trạng thái hiện tại
2025-11-21 13:14:01,697 - ERROR - [MainThread] - ❌ [B2-INV-08] Vượt quá số lần retry: Không thể xác định trạng thái hiện tại
2025-11-21 13:14:01,697 - INFO - [MainThread] - ℹ️ 🧹 Đang dọn dẹp driver pool...
2025-11-21 13:14:02,427 - INFO - [MainThread] - ℹ️ ✅ Đã đóng 8 drivers
