2025-11-21 17:24:05,231 - INFO - [MainThread] - v0.5.0 - ℹ️ 🚀 Bắt đầu xử lý 4 yêu cầu - Phiên bản 0.4.1 (Dynamic Driver Pool)
2025-11-21 17:24:05,231 - INFO - [MainThread] - v0.5.0 - ℹ️ 📊 Tổng số inverters cần xử lý: 33
2025-11-21 17:24:05,231 - INFO - [MainThread] - v0.5.0 - ℹ️ 📦 Tổng số tasks: 33
2025-11-21 17:24:05,231 - INFO - [MainThread] - v0.5.0 - ℹ️ 🔄 Đang khởi tạo driver pool...
2025-11-21 17:24:05,232 - INFO - [MainThread] - v0.5.0 - ℹ️ 📊 Tính toán pool size: 33 tasks / 5 tasks/driver = 7 drivers
2025-11-21 17:24:05,232 - INFO - [MainThread] - v0.5.0 - ℹ️ 🔄 Tính toán: 33 tasks → 7 drivers
2025-11-21 17:24:08,898 - INFO - [MainThread] - v0.5.0 - ℹ️ 🚀 Đã khởi tạo driver 1/7
2025-11-21 17:24:09,596 - INFO - [MainThread] - v0.5.0 - ℹ️ 🚀 Đã khởi tạo driver 2/7
2025-11-21 17:24:10,347 - INFO - [MainThread] - v0.5.0 - ℹ️ 🚀 Đã khởi tạo driver 3/7
2025-11-21 17:24:11,089 - INFO - [MainThread] - v0.5.0 - ℹ️ 🚀 Đã khởi tạo driver 4/7
2025-11-21 17:24:11,836 - INFO - [MainThread] - v0.5.0 - ℹ️ 🚀 Đã khởi tạo driver 5/7
2025-11-21 17:24:12,545 - INFO - [MainThread] - v0.5.0 - ℹ️ 🚀 Đã khởi tạo driver 6/7
2025-11-21 17:24:13,270 - INFO - [MainThread] - v0.5.0 - ℹ️ 🚀 Đã khởi tạo driver 7/7
2025-11-21 17:24:13,271 - INFO - [MainThread] - v0.5.0 - ℹ️ ✅ Đã khởi tạo thành công 7/7 drivers
2025-11-21 17:24:13,271 - INFO - [MainThread] - v0.5.0 - ℹ️ 🎯 Driver pool: 7 drivers (Available: 7, In Use: 0)
2025-11-21 17:24:13,271 - INFO - [MainThread] - v0.5.0 - ℹ️ 📥 Đã thêm 33 tasks vào hàng đợi chính
2025-11-21 17:24:13,271 - INFO - [MainThread] - v0.5.0 - ℹ️ 🔄 Xử lý batch 1 với 8 tasks
2025-11-21 17:24:13,271 - INFO - [ThreadPoolExecutor-0_0] - v0.5.0 - ℹ️ [B3R1-INV-01] Bắt đầu xử lý ON
2025-11-21 17:24:13,272 - INFO - [ThreadPoolExecutor-0_1] - v0.5.0 - ℹ️ [B3R1-INV-02] Bắt đầu xử lý ON
2025-11-21 17:24:13,273 - INFO - [ThreadPoolExecutor-0_2] - v0.5.0 - ℹ️ [B3R1-INV-03] Bắt đầu xử lý ON
2025-11-21 17:24:13,275 - INFO - [ThreadPoolExecutor-0_3] - v0.5.0 - ℹ️ [B3R1-INV-04] Bắt đầu xử lý ON
2025-11-21 17:24:13,276 - INFO - [ThreadPoolExecutor-0_4] - v0.5.0 - ℹ️ [B3R1-INV-05] Bắt đầu xử lý ON
2025-11-21 17:24:13,278 - INFO - [ThreadPoolExecutor-0_5] - v0.5.0 - ℹ️ [B3R1-INV-06] Bắt đầu xử lý ON
2025-11-21 17:24:13,281 - INFO - [ThreadPoolExecutor-0_6] - v0.5.0 - ℹ️ [B3R1-INV-07] Bắt đầu xử lý ON
2025-11-21 17:24:13,282 - INFO - [ThreadPoolExecutor-0_7] - v0.5.0 - ℹ️ [B3R1-INV-08] Bắt đầu xử lý ON
2025-11-21 17:24:21,147 - INFO - [ThreadPoolExecutor-0_3] - v0.5.0 - ✅ [B3R1-INV-04] BỎ QUA: Đã ở trạng thái mong muốn (Disconnect Grid)
2025-11-21 17:24:21,210 - INFO - [ThreadPoolExecutor-0_0] - v0.5.0 - ✅ [B3R1-INV-01] BỎ QUA: Đã ở trạng thái mong muốn (Disconnect Grid)
2025-11-21 17:24:21,334 - INFO - [ThreadPoolExecutor-0_2] - v0.5.0 - ✅ [B3R1-INV-03] BỎ QUA: Đã ở trạng thái mong muốn (Disconnect Grid)
2025-11-21 17:24:21,335 - INFO - [ThreadPoolExecutor-0_4] - v0.5.0 - ✅ [B3R1-INV-05] BỎ QUA: Đã ở trạng thái mong muốn (Disconnect Grid)
2025-11-21 17:24:21,362 - INFO - [ThreadPoolExecutor-0_1] - v0.5.0 - ✅ [B3R1-INV-02] BỎ QUA: Đã ở trạng thái mong muốn (Disconnect Grid)
2025-11-21 17:24:21,405 - INFO - [ThreadPoolExecutor-0_5] - v0.5.0 - ✅ [B3R1-INV-06] BỎ QUA: Đã ở trạng thái mong muốn (Disconnect Grid)
2025-11-21 17:24:21,526 - INFO - [ThreadPoolExecutor-0_6] - v0.5.0 - ✅ [B3R1-INV-07] BỎ QUA: Đã ở trạng thái mong muốn (Disconnect Grid)
2025-11-21 17:24:28,436 - INFO - [ThreadPoolExecutor-0_7] - v0.5.0 - ✅ [B3R1-INV-08] BỎ QUA: Đã ở trạng thái mong muốn (Disconnect Grid)
2025-11-21 17:24:28,462 - INFO - [MainThread] - v0.5.0 - ℹ️ 📦 Batch 1: Hoàn thành 8, Retry 0, Thất bại 0
2025-11-21 17:24:28,463 - INFO - [MainThread] - v0.5.0 - 📊 Hàng đợi - Chính: 25, Retry: 0, Hoàn thành: 8, Thất bại: 0
2025-11-21 17:24:28,463 - INFO - [MainThread] - v0.5.0 - ℹ️ 📈 Tiến trình tổng: 8/33 (24.2%)
2025-11-21 17:24:28,463 - INFO - [MainThread] - v0.5.0 - ℹ️ 🔄 Xử lý batch 2 với 8 tasks
2025-11-21 17:24:28,463 - INFO - [ThreadPoolExecutor-1_0] - v0.5.0 - ℹ️ [B3R1-INV-09] Bắt đầu xử lý ON
2025-11-21 17:24:28,463 - INFO - [ThreadPoolExecutor-1_1] - v0.5.0 - ℹ️ [B4R2-INV-01] Bắt đầu xử lý ON
2025-11-21 17:24:28,464 - INFO - [ThreadPoolExecutor-1_2] - v0.5.0 - ℹ️ [B4R2-INV-02] Bắt đầu xử lý ON
2025-11-21 17:24:28,465 - INFO - [ThreadPoolExecutor-1_3] - v0.5.0 - ℹ️ [B4R2-INV-03] Bắt đầu xử lý ON
2025-11-21 17:24:28,466 - INFO - [ThreadPoolExecutor-1_4] - v0.5.0 - ℹ️ [B4R2-INV-04] Bắt đầu xử lý ON
2025-11-21 17:24:28,467 - INFO - [ThreadPoolExecutor-1_5] - v0.5.0 - ℹ️ [B4R2-INV-05] Bắt đầu xử lý ON
2025-11-21 17:24:28,467 - INFO - [ThreadPoolExecutor-1_6] - v0.5.0 - ℹ️ [B4R2-INV-06] Bắt đầu xử lý ON
2025-11-21 17:24:28,469 - INFO - [ThreadPoolExecutor-1_7] - v0.5.0 - ℹ️ [B4R2-INV-07] Bắt đầu xử lý ON
2025-11-21 17:24:38,190 - INFO - [ThreadPoolExecutor-1_2] - v0.5.0 - ✅ [B4R2-INV-02] BỎ QUA: Đã ở trạng thái mong muốn (Disconnect Grid)
2025-11-21 17:24:38,280 - INFO - [ThreadPoolExecutor-1_0] - v0.5.0 - ✅ [B3R1-INV-09] BỎ QUA: Đã ở trạng thái mong muốn (Disconnect Grid)
2025-11-21 17:24:39,832 - INFO - [ThreadPoolExecutor-1_4] - v0.5.0 - ✅ [B4R2-INV-04] BỎ QUA: Đã ở trạng thái mong muốn (Disconnect Grid)
2025-11-21 17:24:40,056 - INFO - [ThreadPoolExecutor-1_1] - v0.5.0 - ✅ [B4R2-INV-01] BỎ QUA: Đã ở trạng thái mong muốn (Disconnect Grid)
2025-11-21 17:24:40,352 - INFO - [ThreadPoolExecutor-1_6] - v0.5.0 - ✅ [B4R2-INV-06] BỎ QUA: Đã ở trạng thái mong muốn (Disconnect Grid)
2025-11-21 17:24:40,465 - INFO - [ThreadPoolExecutor-1_3] - v0.5.0 - ✅ [B4R2-INV-03] BỎ QUA: Đã ở trạng thái mong muốn (Disconnect Grid)
2025-11-21 17:24:40,548 - INFO - [ThreadPoolExecutor-1_5] - v0.5.0 - ✅ [B4R2-INV-05] BỎ QUA: Đã ở trạng thái mong muốn (Disconnect Grid)
2025-11-21 17:24:46,222 - INFO - [ThreadPoolExecutor-1_7] - v0.5.0 - ✅ [B4R2-INV-07] BỎ QUA: Đã ở trạng thái mong muốn (Disconnect Grid)
2025-11-21 17:24:46,247 - INFO - [MainThread] - v0.5.0 - ℹ️ 📦 Batch 2: Hoàn thành 8, Retry 0, Thất bại 0
2025-11-21 17:24:46,247 - INFO - [MainThread] - v0.5.0 - 📊 Hàng đợi - Chính: 17, Retry: 0, Hoàn thành: 16, Thất bại: 0
2025-11-21 17:24:46,248 - INFO - [MainThread] - v0.5.0 - ℹ️ 📈 Tiến trình tổng: 16/33 (48.5%)
2025-11-21 17:24:46,248 - INFO - [MainThread] - v0.5.0 - ℹ️ 🔄 Xử lý batch 3 với 8 tasks
2025-11-21 17:24:46,248 - INFO - [ThreadPoolExecutor-2_0] - v0.5.0 - ℹ️ [B4R2-INV-08] Bắt đầu xử lý ON
2025-11-21 17:24:46,248 - INFO - [ThreadPoolExecutor-2_1] - v0.5.0 - ℹ️ [B4R2-INV-09] Bắt đầu xử lý ON
2025-11-21 17:24:46,249 - INFO - [ThreadPoolExecutor-2_2] - v0.5.0 - ℹ️ [B4R2-INV-10] Bắt đầu xử lý ON
2025-11-21 17:24:46,249 - INFO - [ThreadPoolExecutor-2_3] - v0.5.0 - ℹ️ [B5R2-INV-01] Bắt đầu xử lý ON
2025-11-21 17:24:46,251 - INFO - [ThreadPoolExecutor-2_4] - v0.5.0 - ℹ️ [B5R2-INV-02] Bắt đầu xử lý ON
2025-11-21 17:24:46,253 - INFO - [ThreadPoolExecutor-2_5] - v0.5.0 - ℹ️ [B5R2-INV-03] Bắt đầu xử lý ON
2025-11-21 17:24:46,257 - INFO - [ThreadPoolExecutor-2_6] - v0.5.0 - ℹ️ [B5R2-INV-04] Bắt đầu xử lý ON
2025-11-21 17:24:46,265 - INFO - [ThreadPoolExecutor-2_7] - v0.5.0 - ℹ️ [B5R2-INV-05] Bắt đầu xử lý ON
2025-11-21 17:24:53,977 - INFO - [ThreadPoolExecutor-2_0] - v0.5.0 - ✅ [B4R2-INV-08] BỎ QUA: Đã ở trạng thái mong muốn (Disconnect Grid)
2025-11-21 17:24:54,238 - INFO - [ThreadPoolExecutor-2_2] - v0.5.0 - ✅ [B4R2-INV-10] BỎ QUA: Đã ở trạng thái mong muốn (Disconnect Grid)
2025-11-21 17:24:54,701 - INFO - [ThreadPoolExecutor-2_4] - v0.5.0 - ✅ [B5R2-INV-02] BỎ QUA: Đã ở trạng thái mong muốn (Disconnect Grid)
2025-11-21 17:24:54,778 - INFO - [ThreadPoolExecutor-2_1] - v0.5.0 - ✅ [B4R2-INV-09] BỎ QUA: Đã ở trạng thái mong muốn (Disconnect Grid)
2025-11-21 17:24:54,816 - INFO - [ThreadPoolExecutor-2_5] - v0.5.0 - ✅ [B5R2-INV-03] BỎ QUA: Đã ở trạng thái mong muốn (Disconnect Grid)
2025-11-21 17:24:55,106 - INFO - [ThreadPoolExecutor-2_6] - v0.5.0 - ✅ [B5R2-INV-04] BỎ QUA: Đã ở trạng thái mong muốn (Disconnect Grid)
2025-11-21 17:24:55,482 - INFO - [ThreadPoolExecutor-2_3] - v0.5.0 - ✅ [B5R2-INV-01] BỎ QUA: Đã ở trạng thái mong muốn (Disconnect Grid)
2025-11-21 17:25:01,322 - INFO - [ThreadPoolExecutor-2_7] - v0.5.0 - ✅ [B5R2-INV-05] BỎ QUA: Đã ở trạng thái mong muốn (Disconnect Grid)
2025-11-21 17:25:01,371 - INFO - [MainThread] - v0.5.0 - ℹ️ 📦 Batch 3: Hoàn thành 8, Retry 0, Thất bại 0
2025-11-21 17:25:01,371 - INFO - [MainThread] - v0.5.0 - 📊 Hàng đợi - Chính: 9, Retry: 0, Hoàn thành: 24, Thất bại: 0
2025-11-21 17:25:01,371 - INFO - [MainThread] - v0.5.0 - ℹ️ 📈 Tiến trình tổng: 24/33 (72.7%)
2025-11-21 17:25:01,371 - INFO - [MainThread] - v0.5.0 - ℹ️ 🔄 Xử lý batch 4 với 8 tasks
2025-11-21 17:25:01,371 - INFO - [ThreadPoolExecutor-3_0] - v0.5.0 - ℹ️ [B5R2-INV-06] Bắt đầu xử lý ON
2025-11-21 17:25:01,372 - INFO - [ThreadPoolExecutor-3_1] - v0.5.0 - ℹ️ [B5R2-INV-07] Bắt đầu xử lý ON
2025-11-21 17:25:01,372 - INFO - [ThreadPoolExecutor-3_2] - v0.5.0 - ℹ️ [B5R2-INV-08] Bắt đầu xử lý ON
2025-11-21 17:25:01,373 - INFO - [ThreadPoolExecutor-3_3] - v0.5.0 - ℹ️ [B5R2-INV-09] Bắt đầu xử lý ON
2025-11-21 17:25:01,374 - INFO - [ThreadPoolExecutor-3_4] - v0.5.0 - ℹ️ [B5R2-INV-10] Bắt đầu xử lý ON
2025-11-21 17:25:01,375 - INFO - [ThreadPoolExecutor-3_5] - v0.5.0 - ℹ️ [B8-INV-01] Bắt đầu xử lý ON
2025-11-21 17:25:01,375 - INFO - [ThreadPoolExecutor-3_6] - v0.5.0 - ℹ️ [B8-INV-02] Bắt đầu xử lý ON
2025-11-21 17:25:01,376 - INFO - [ThreadPoolExecutor-3_7] - v0.5.0 - ℹ️ [B8-INV-03] Bắt đầu xử lý ON
2025-11-21 17:25:10,617 - INFO - [ThreadPoolExecutor-3_6] - v0.5.0 - ✅ [B8-INV-02] BỎ QUA: Đã ở trạng thái mong muốn (Disconnect Grid)
2025-11-21 17:25:11,253 - INFO - [ThreadPoolExecutor-3_5] - v0.5.0 - ✅ [B8-INV-01] BỎ QUA: Đã ở trạng thái mong muốn (Disconnect Grid)
2025-11-21 17:25:11,974 - INFO - [ThreadPoolExecutor-3_4] - v0.5.0 - ✅ [B5R2-INV-10] BỎ QUA: Đã ở trạng thái mong muốn (Disconnect Grid)
2025-11-21 17:25:12,099 - INFO - [ThreadPoolExecutor-3_2] - v0.5.0 - ✅ [B5R2-INV-08] BỎ QUA: Đã ở trạng thái mong muốn (Disconnect Grid)
2025-11-21 17:25:12,298 - INFO - [ThreadPoolExecutor-3_3] - v0.5.0 - ✅ [B5R2-INV-09] BỎ QUA: Đã ở trạng thái mong muốn (Disconnect Grid)
2025-11-21 17:25:12,861 - INFO - [ThreadPoolExecutor-3_1] - v0.5.0 - ✅ [B5R2-INV-07] BỎ QUA: Đã ở trạng thái mong muốn (Disconnect Grid)
2025-11-21 17:25:12,937 - INFO - [ThreadPoolExecutor-3_0] - v0.5.0 - ✅ [B5R2-INV-06] BỎ QUA: Đã ở trạng thái mong muốn (Disconnect Grid)
2025-11-21 17:25:17,871 - INFO - [ThreadPoolExecutor-3_7] - v0.5.0 - ✅ [B8-INV-03] BỎ QUA: Đã ở trạng thái mong muốn (Disconnect Grid)
2025-11-21 17:25:17,923 - INFO - [MainThread] - v0.5.0 - ℹ️ 📦 Batch 4: Hoàn thành 8, Retry 0, Thất bại 0
2025-11-21 17:25:17,923 - INFO - [MainThread] - v0.5.0 - 📊 Hàng đợi - Chính: 1, Retry: 0, Hoàn thành: 32, Thất bại: 0
2025-11-21 17:25:17,923 - INFO - [MainThread] - v0.5.0 - ℹ️ 📈 Tiến trình tổng: 32/33 (97.0%)
2025-11-21 17:25:17,923 - INFO - [MainThread] - v0.5.0 - ℹ️ 🔄 Xử lý batch 5 với 1 tasks
2025-11-21 17:25:17,924 - INFO - [ThreadPoolExecutor-4_0] - v0.5.0 - ℹ️ [B8-INV-04] Bắt đầu xử lý ON
2025-11-21 17:25:25,887 - INFO - [ThreadPoolExecutor-4_0] - v0.5.0 - ✅ [B8-INV-04] BỎ QUA: Đã ở trạng thái mong muốn (Disconnect Grid)
2025-11-21 17:25:25,926 - INFO - [MainThread] - v0.5.0 - ℹ️ 📦 Batch 5: Hoàn thành 1, Retry 0, Thất bại 0
2025-11-21 17:25:25,926 - INFO - [MainThread] - v0.5.0 - 📊 Hàng đợi - Chính: 0, Retry: 0, Hoàn thành: 33, Thất bại: 0
2025-11-21 17:25:25,926 - INFO - [MainThread] - v0.5.0 - ℹ️ 📈 Tiến trình tổng: 33/33 (100.0%)
2025-11-21 17:25:25,926 - INFO - [MainThread] - v0.5.0 - ℹ️ ⏹️ Chỉ còn ít tasks retry, kết thúc sớm
2025-11-21 17:25:25,926 - INFO - [MainThread] - v0.5.0 - ℹ️ ============================================================
2025-11-21 17:25:25,926 - INFO - [MainThread] - v0.5.0 - ℹ️ 🎯 BÁO CÁO TỔNG KẾT - PHIÊN BẢN 0.4.1 (DYNAMIC DRIVER POOL)
2025-11-21 17:25:25,926 - INFO - [MainThread] - v0.5.0 - ℹ️ ============================================================
2025-11-21 17:25:25,926 - INFO - [MainThread] - v0.5.0 - ℹ️ 📦 Tổng số tác vụ: 33
2025-11-21 17:25:25,926 - INFO - [MainThread] - v0.5.0 - ℹ️ 🎯 Số drivers sử dụng: 7
2025-11-21 17:25:25,926 - INFO - [MainThread] - v0.5.0 - ℹ️ ✅ Thành công: 33
2025-11-21 17:25:25,926 - INFO - [MainThread] - v0.5.0 - ℹ️ ❌ Thất bại: 0
2025-11-21 17:25:25,926 - INFO - [MainThread] - v0.5.0 - ℹ️ ⏭️ Bỏ qua: 0
2025-11-21 17:25:25,927 - INFO - [MainThread] - v0.5.0 - ℹ️ 🔄 Tổng số lần retry: 0
2025-11-21 17:25:25,927 - INFO - [MainThread] - v0.5.0 - ℹ️ 📊 Tỷ lệ thành công: 100.0%
2025-11-21 17:25:25,927 - INFO - [MainThread] - v0.5.0 - ℹ️ ⏱️ Thời gian trung bình/task: 2.45s
2025-11-21 17:25:25,927 - INFO - [MainThread] - v0.5.0 - ℹ️ 🕒 Tổng thời gian thực hiện: 0:01:20.695411
2025-11-21 17:25:25,927 - INFO - [MainThread] - v0.5.0 - ℹ️ 🧹 Đang dọn dẹp driver pool...
2025-11-21 17:25:26,446 - INFO - [MainThread] - v0.5.0 - ℹ️ ✅ Đã đóng 7 drivers
2025-11-21 17:30:50,523 - INFO - [MainThread] - v0.5.0 - ℹ️ 🚀 Bắt đầu xử lý 14 yêu cầu - Phiên bản 0.4.1 (Dynamic Driver Pool)
2025-11-21 17:30:50,523 - INFO - [MainThread] - v0.5.0 - ℹ️ 📊 Tổng số inverters cần xử lý: 132
2025-11-21 17:30:50,523 - INFO - [MainThread] - v0.5.0 - ℹ️ 📦 Tổng số tasks: 132
2025-11-21 17:30:50,524 - INFO - [MainThread] - v0.5.0 - ℹ️ 🔄 Đang khởi tạo driver pool...
2025-11-21 17:30:50,524 - INFO - [MainThread] - v0.5.0 - ℹ️ 📊 Tính toán pool size: 132 tasks / 5 tasks/driver = 8 drivers
2025-11-21 17:30:50,524 - INFO - [MainThread] - v0.5.0 - ℹ️ 🔄 Tính toán: 132 tasks → 8 drivers
2025-11-21 17:30:51,274 - INFO - [MainThread] - v0.5.0 - ℹ️ 🚀 Đã khởi tạo driver 1/8
2025-11-21 17:30:51,989 - INFO - [MainThread] - v0.5.0 - ℹ️ 🚀 Đã khởi tạo driver 2/8
2025-11-21 17:30:52,727 - INFO - [MainThread] - v0.5.0 - ℹ️ 🚀 Đã khởi tạo driver 3/8
2025-11-21 17:30:53,445 - INFO - [MainThread] - v0.5.0 - ℹ️ 🚀 Đã khởi tạo driver 4/8
2025-11-21 17:30:54,182 - INFO - [MainThread] - v0.5.0 - ℹ️ 🚀 Đã khởi tạo driver 5/8
2025-11-21 17:30:54,931 - INFO - [MainThread] - v0.5.0 - ℹ️ 🚀 Đã khởi tạo driver 6/8
2025-11-21 17:30:55,654 - INFO - [MainThread] - v0.5.0 - ℹ️ 🚀 Đã khởi tạo driver 7/8
2025-11-21 17:30:56,360 - INFO - [MainThread] - v0.5.0 - ℹ️ 🚀 Đã khởi tạo driver 8/8
2025-11-21 17:30:56,360 - INFO - [MainThread] - v0.5.0 - ℹ️ ✅ Đã khởi tạo thành công 8/8 drivers
2025-11-21 17:30:56,360 - INFO - [MainThread] - v0.5.0 - ℹ️ 🎯 Driver pool: 8 drivers (Available: 8, In Use: 0)
2025-11-21 17:30:56,360 - INFO - [MainThread] - v0.5.0 - ℹ️ 📥 Đã thêm 132 tasks vào hàng đợi chính
2025-11-21 17:30:56,361 - INFO - [MainThread] - v0.5.0 - ℹ️ 🔄 Xử lý batch 1 với 8 tasks
2025-11-21 17:30:56,361 - INFO - [ThreadPoolExecutor-5_0] - v0.5.0 - ℹ️ [B2-INV-01] Bắt đầu xử lý ON
2025-11-21 17:30:56,361 - INFO - [ThreadPoolExecutor-5_1] - v0.5.0 - ℹ️ [B2-INV-02] Bắt đầu xử lý ON
2025-11-21 17:30:56,362 - INFO - [ThreadPoolExecutor-5_2] - v0.5.0 - ℹ️ [B2-INV-03] Bắt đầu xử lý ON
2025-11-21 17:30:56,363 - INFO - [ThreadPoolExecutor-5_3] - v0.5.0 - ℹ️ [B2-INV-04] Bắt đầu xử lý ON
2025-11-21 17:30:56,364 - INFO - [ThreadPoolExecutor-5_4] - v0.5.0 - ℹ️ [B2-INV-05] Bắt đầu xử lý ON
2025-11-21 17:30:56,365 - INFO - [ThreadPoolExecutor-5_5] - v0.5.0 - ℹ️ [B2-INV-06] Bắt đầu xử lý ON
2025-11-21 17:30:56,366 - INFO - [ThreadPoolExecutor-5_6] - v0.5.0 - ℹ️ [B2-INV-07] Bắt đầu xử lý ON
2025-11-21 17:30:56,367 - INFO - [ThreadPoolExecutor-5_7] - v0.5.0 - ℹ️ [B2-INV-08] Bắt đầu xử lý ON
2025-11-21 17:31:08,533 - WARNING - [ThreadPoolExecutor-5_3] - v0.5.0 - ⚠️ [B2-INV-04] Không thể xác định trạng thái hiện tại
2025-11-21 17:31:08,535 - WARNING - [ThreadPoolExecutor-5_4] - v0.5.0 - ⚠️ [B2-INV-05] Không thể xác định trạng thái hiện tại
2025-11-21 17:31:08,537 - WARNING - [ThreadPoolExecutor-5_2] - v0.5.0 - ⚠️ [B2-INV-03] Không thể xác định trạng thái hiện tại
2025-11-21 17:31:08,538 - WARNING - [ThreadPoolExecutor-5_0] - v0.5.0 - ⚠️ [B2-INV-01] Không thể xác định trạng thái hiện tại
2025-11-21 17:31:08,546 - WARNING - [ThreadPoolExecutor-5_7] - v0.5.0 - ⚠️ [B2-INV-08] Không thể xác định trạng thái hiện tại
2025-11-21 17:31:08,546 - WARNING - [ThreadPoolExecutor-5_6] - v0.5.0 - ⚠️ [B2-INV-07] Không thể xác định trạng thái hiện tại
2025-11-21 17:31:08,547 - WARNING - [ThreadPoolExecutor-5_1] - v0.5.0 - ⚠️ [B2-INV-02] Không thể xác định trạng thái hiện tại
2025-11-21 17:31:08,551 - WARNING - [ThreadPoolExecutor-5_5] - v0.5.0 - ⚠️ [B2-INV-06] Không thể xác định trạng thái hiện tại
2025-11-21 17:31:08,758 - WARNING - [MainThread] - v0.5.0 - ⚠️ ⏳ Đã chuyển B2-INV-03 sang retry queue (lần 1)
2025-11-21 17:31:08,765 - WARNING - [MainThread] - v0.5.0 - ⚠️ ⏳ Đã chuyển B2-INV-05 sang retry queue (lần 1)
2025-11-21 17:31:08,766 - WARNING - [MainThread] - v0.5.0 - ⚠️ ⏳ Đã chuyển B2-INV-01 sang retry queue (lần 1)
2025-11-21 17:31:08,787 - WARNING - [MainThread] - v0.5.0 - ⚠️ ⏳ Đã chuyển B2-INV-04 sang retry queue (lần 1)
2025-11-21 17:31:08,788 - WARNING - [MainThread] - v0.5.0 - ⚠️ ⏳ Đã chuyển B2-INV-08 sang retry queue (lần 1)
2025-11-21 17:31:08,802 - WARNING - [MainThread] - v0.5.0 - ⚠️ ⏳ Đã chuyển B2-INV-07 sang retry queue (lần 1)
2025-11-21 17:31:08,804 - WARNING - [MainThread] - v0.5.0 - ⚠️ ⏳ Đã chuyển B2-INV-06 sang retry queue (lần 1)
2025-11-21 17:31:08,812 - WARNING - [MainThread] - v0.5.0 - ⚠️ ⏳ Đã chuyển B2-INV-02 sang retry queue (lần 1)
2025-11-21 17:31:08,814 - INFO - [MainThread] - v0.5.0 - ℹ️ 📦 Batch 1: Hoàn thành 0, Retry 8, Thất bại 0
2025-11-21 17:31:08,814 - INFO - [MainThread] - v0.5.0 - 📊 Hàng đợi - Chính: 124, Retry: 8, Hoàn thành: 33, Thất bại: 0
2025-11-21 17:31:08,815 - INFO - [MainThread] - v0.5.0 - ℹ️ 📈 Tiến trình tổng: 0/132 (0.0%)
2025-11-21 17:31:08,815 - INFO - [MainThread] - v0.5.0 - ℹ️ 🔄 Xử lý batch 2 với 8 tasks
2025-11-21 17:31:08,816 - INFO - [ThreadPoolExecutor-6_0] - v0.5.0 - ℹ️ [B2-INV-09] Bắt đầu xử lý ON
2025-11-21 17:31:08,816 - INFO - [ThreadPoolExecutor-6_1] - v0.5.0 - ℹ️ [B3R1-INV-01] Bắt đầu xử lý ON
2025-11-21 17:31:08,817 - INFO - [ThreadPoolExecutor-6_2] - v0.5.0 - ℹ️ [B3R1-INV-02] Bắt đầu xử lý ON
2025-11-21 17:31:08,818 - INFO - [ThreadPoolExecutor-6_3] - v0.5.0 - ℹ️ [B3R1-INV-03] Bắt đầu xử lý ON
2025-11-21 17:31:08,818 - INFO - [ThreadPoolExecutor-6_4] - v0.5.0 - ℹ️ [B3R1-INV-04] Bắt đầu xử lý ON
2025-11-21 17:31:08,820 - INFO - [ThreadPoolExecutor-6_5] - v0.5.0 - ℹ️ [B3R1-INV-05] Bắt đầu xử lý ON
2025-11-21 17:31:08,824 - INFO - [ThreadPoolExecutor-6_6] - v0.5.0 - ℹ️ [B3R1-INV-06] Bắt đầu xử lý ON
2025-11-21 17:31:08,825 - INFO - [ThreadPoolExecutor-6_7] - v0.5.0 - ℹ️ [B3R1-INV-07] Bắt đầu xử lý ON
2025-11-21 17:31:16,418 - INFO - [ThreadPoolExecutor-6_4] - v0.5.0 - ✅ [B3R1-INV-04] BỎ QUA: Đã ở trạng thái mong muốn (Disconnect Grid)
2025-11-21 17:31:16,647 - INFO - [ThreadPoolExecutor-6_1] - v0.5.0 - ✅ [B3R1-INV-01] BỎ QUA: Đã ở trạng thái mong muốn (Disconnect Grid)
2025-11-21 17:31:16,691 - INFO - [ThreadPoolExecutor-6_2] - v0.5.0 - ✅ [B3R1-INV-02] BỎ QUA: Đã ở trạng thái mong muốn (Disconnect Grid)
2025-11-21 17:31:17,173 - INFO - [ThreadPoolExecutor-6_5] - v0.5.0 - ✅ [B3R1-INV-05] BỎ QUA: Đã ở trạng thái mong muốn (Disconnect Grid)
2025-11-21 17:31:17,215 - INFO - [ThreadPoolExecutor-6_3] - v0.5.0 - ✅ [B3R1-INV-03] BỎ QUA: Đã ở trạng thái mong muốn (Disconnect Grid)
2025-11-21 17:31:17,216 - INFO - [ThreadPoolExecutor-6_7] - v0.5.0 - ✅ [B3R1-INV-07] BỎ QUA: Đã ở trạng thái mong muốn (Disconnect Grid)
2025-11-21 17:31:17,219 - INFO - [ThreadPoolExecutor-6_6] - v0.5.0 - ✅ [B3R1-INV-06] BỎ QUA: Đã ở trạng thái mong muốn (Disconnect Grid)
2025-11-21 17:31:20,845 - WARNING - [ThreadPoolExecutor-6_0] - v0.5.0 - ⚠️ [B2-INV-09] Không thể xác định trạng thái hiện tại
2025-11-21 17:31:20,901 - WARNING - [MainThread] - v0.5.0 - ⚠️ ⏳ Đã chuyển B2-INV-09 sang retry queue (lần 1)
2025-11-21 17:31:20,902 - INFO - [MainThread] - v0.5.0 - ℹ️ 📦 Batch 2: Hoàn thành 7, Retry 1, Thất bại 0
2025-11-21 17:31:20,902 - INFO - [MainThread] - v0.5.0 - 📊 Hàng đợi - Chính: 116, Retry: 9, Hoàn thành: 40, Thất bại: 0
2025-11-21 17:31:20,903 - INFO - [MainThread] - v0.5.0 - ℹ️ 📈 Tiến trình tổng: 7/132 (5.3%)
2025-11-21 17:31:20,903 - INFO - [MainThread] - v0.5.0 - ℹ️ 🔄 Xử lý batch 3 với 8 tasks
2025-11-21 17:31:20,903 - INFO - [ThreadPoolExecutor-7_0] - v0.5.0 - ℹ️ [B3R1-INV-08] Bắt đầu xử lý ON
2025-11-21 17:31:20,903 - INFO - [ThreadPoolExecutor-7_1] - v0.5.0 - ℹ️ [B3R1-INV-09] Bắt đầu xử lý ON
2025-11-21 17:31:20,904 - INFO - [ThreadPoolExecutor-7_2] - v0.5.0 - ℹ️ [B3R2-INV-01] Bắt đầu xử lý ON
2025-11-21 17:31:20,905 - INFO - [ThreadPoolExecutor-7_3] - v0.5.0 - ℹ️ [B3R2-INV-02] Bắt đầu xử lý ON
2025-11-21 17:31:20,906 - INFO - [ThreadPoolExecutor-7_4] - v0.5.0 - ℹ️ [B3R2-INV-03] Bắt đầu xử lý ON
2025-11-21 17:31:20,907 - INFO - [ThreadPoolExecutor-7_5] - v0.5.0 - ℹ️ [B3R2-INV-04] Bắt đầu xử lý ON
2025-11-21 17:31:20,907 - INFO - [ThreadPoolExecutor-7_6] - v0.5.0 - ℹ️ [B3R2-INV-05] Bắt đầu xử lý ON
2025-11-21 17:31:20,909 - INFO - [ThreadPoolExecutor-7_7] - v0.5.0 - ℹ️ [B3R2-INV-06] Bắt đầu xử lý ON
2025-11-21 17:31:30,482 - INFO - [ThreadPoolExecutor-7_0] - v0.5.0 - ✅ [B3R1-INV-08] BỎ QUA: Đã ở trạng thái mong muốn (Disconnect Grid)
2025-11-21 17:31:30,651 - INFO - [ThreadPoolExecutor-7_2] - v0.5.0 - ✅ [B3R2-INV-01] BỎ QUA: Đã ở trạng thái mong muốn (Disconnect Grid)
2025-11-21 17:31:31,026 - INFO - [ThreadPoolExecutor-7_1] - v0.5.0 - ✅ [B3R1-INV-09] BỎ QUA: Đã ở trạng thái mong muốn (Disconnect Grid)
2025-11-21 17:31:32,226 - INFO - [ThreadPoolExecutor-7_3] - v0.5.0 - ✅ [B3R2-INV-02] BỎ QUA: Đã ở trạng thái mong muốn (Disconnect Grid)
2025-11-21 17:31:32,360 - INFO - [ThreadPoolExecutor-7_5] - v0.5.0 - ✅ [B3R2-INV-04] BỎ QUA: Đã ở trạng thái mong muốn (Disconnect Grid)
2025-11-21 17:31:32,369 - INFO - [ThreadPoolExecutor-7_6] - v0.5.0 - ✅ [B3R2-INV-05] BỎ QUA: Đã ở trạng thái mong muốn (Disconnect Grid)
2025-11-21 17:31:32,601 - INFO - [ThreadPoolExecutor-7_4] - v0.5.0 - ✅ [B3R2-INV-03] BỎ QUA: Đã ở trạng thái mong muốn (Disconnect Grid)
2025-11-21 17:31:33,289 - INFO - [ThreadPoolExecutor-7_7] - v0.5.0 - ✅ [B3R2-INV-06] BỎ QUA: Đã ở trạng thái mong muốn (Disconnect Grid)
2025-11-21 17:31:33,314 - INFO - [MainThread] - v0.5.0 - ℹ️ 📦 Batch 3: Hoàn thành 8, Retry 0, Thất bại 0
2025-11-21 17:31:33,314 - INFO - [MainThread] - v0.5.0 - 📊 Hàng đợi - Chính: 108, Retry: 9, Hoàn thành: 48, Thất bại: 0
2025-11-21 17:31:33,314 - INFO - [MainThread] - v0.5.0 - ℹ️ 📈 Tiến trình tổng: 15/132 (11.4%)
2025-11-21 17:31:33,315 - INFO - [MainThread] - v0.5.0 - ℹ️ 🔄 Xử lý batch 4 với 8 tasks
2025-11-21 17:31:33,315 - INFO - [ThreadPoolExecutor-8_0] - v0.5.0 - ℹ️ [B3R2-INV-07] Bắt đầu xử lý ON
2025-11-21 17:31:33,315 - INFO - [ThreadPoolExecutor-8_1] - v0.5.0 - ℹ️ [B3R2-INV-08] Bắt đầu xử lý ON
2025-11-21 17:31:33,315 - INFO - [ThreadPoolExecutor-8_2] - v0.5.0 - ℹ️ [B3R2-INV-09] Bắt đầu xử lý ON
2025-11-21 17:31:33,317 - INFO - [ThreadPoolExecutor-8_3] - v0.5.0 - ℹ️ [B4R1-INV-01] Bắt đầu xử lý ON
2025-11-21 17:31:33,317 - INFO - [ThreadPoolExecutor-8_4] - v0.5.0 - ℹ️ [B4R1-INV-02] Bắt đầu xử lý ON
2025-11-21 17:31:33,319 - INFO - [ThreadPoolExecutor-8_5] - v0.5.0 - ℹ️ [B4R1-INV-03] Bắt đầu xử lý ON
2025-11-21 17:31:33,321 - INFO - [ThreadPoolExecutor-8_6] - v0.5.0 - ℹ️ [B4R1-INV-04] Bắt đầu xử lý ON
2025-11-21 17:31:33,326 - INFO - [ThreadPoolExecutor-8_7] - v0.5.0 - ℹ️ [B4R1-INV-05] Bắt đầu xử lý ON
2025-11-21 17:31:40,931 - INFO - [ThreadPoolExecutor-8_2] - v0.5.0 - ✅ [B3R2-INV-09] BỎ QUA: Đã ở trạng thái mong muốn (Disconnect Grid)
2025-11-21 17:31:41,202 - INFO - [ThreadPoolExecutor-8_0] - v0.5.0 - ✅ [B3R2-INV-07] BỎ QUA: Đã ở trạng thái mong muốn (Disconnect Grid)
2025-11-21 17:31:41,459 - INFO - [ThreadPoolExecutor-8_6] - v0.5.0 - ✅ [B4R1-INV-04] BỎ QUA: Đã ở trạng thái mong muốn (Disconnect Grid)
2025-11-21 17:31:41,466 - INFO - [ThreadPoolExecutor-8_1] - v0.5.0 - ✅ [B3R2-INV-08] BỎ QUA: Đã ở trạng thái mong muốn (Disconnect Grid)
2025-11-21 17:31:41,688 - INFO - [ThreadPoolExecutor-8_4] - v0.5.0 - ✅ [B4R1-INV-02] BỎ QUA: Đã ở trạng thái mong muốn (Disconnect Grid)
2025-11-21 17:31:41,787 - INFO - [ThreadPoolExecutor-8_5] - v0.5.0 - ✅ [B4R1-INV-03] BỎ QUA: Đã ở trạng thái mong muốn (Disconnect Grid)
2025-11-21 17:31:42,343 - INFO - [ThreadPoolExecutor-8_3] - v0.5.0 - ✅ [B4R1-INV-01] BỎ QUA: Đã ở trạng thái mong muốn (Disconnect Grid)
2025-11-21 17:31:42,436 - INFO - [ThreadPoolExecutor-8_7] - v0.5.0 - ✅ [B4R1-INV-05] BỎ QUA: Đã ở trạng thái mong muốn (Disconnect Grid)
2025-11-21 17:31:42,465 - INFO - [MainThread] - v0.5.0 - ℹ️ 📦 Batch 4: Hoàn thành 8, Retry 0, Thất bại 0
2025-11-21 17:31:42,465 - INFO - [MainThread] - v0.5.0 - 📊 Hàng đợi - Chính: 100, Retry: 9, Hoàn thành: 56, Thất bại: 0
2025-11-21 17:31:42,465 - INFO - [MainThread] - v0.5.0 - ℹ️ 📈 Tiến trình tổng: 23/132 (17.4%)
2025-11-21 17:31:42,465 - INFO - [MainThread] - v0.5.0 - ℹ️ 🔄 Xử lý batch 5 với 8 tasks
2025-11-21 17:31:42,465 - INFO - [ThreadPoolExecutor-9_0] - v0.5.0 - ℹ️ [B4R1-INV-06] Bắt đầu xử lý ON
2025-11-21 17:31:42,465 - INFO - [ThreadPoolExecutor-9_1] - v0.5.0 - ℹ️ [B4R1-INV-07] Bắt đầu xử lý ON
2025-11-21 17:31:42,466 - INFO - [ThreadPoolExecutor-9_2] - v0.5.0 - ℹ️ [B4R1-INV-08] Bắt đầu xử lý ON
2025-11-21 17:31:42,467 - INFO - [ThreadPoolExecutor-9_3] - v0.5.0 - ℹ️ [B4R1-INV-09] Bắt đầu xử lý ON
2025-11-21 17:31:42,468 - INFO - [ThreadPoolExecutor-9_4] - v0.5.0 - ℹ️ [B4R1-INV-10] Bắt đầu xử lý ON
2025-11-21 17:31:42,470 - INFO - [ThreadPoolExecutor-9_5] - v0.5.0 - ℹ️ [B4R2-INV-01] Bắt đầu xử lý ON
2025-11-21 17:31:42,475 - INFO - [ThreadPoolExecutor-9_6] - v0.5.0 - ℹ️ [B4R2-INV-02] Bắt đầu xử lý ON
2025-11-21 17:31:42,476 - INFO - [ThreadPoolExecutor-9_7] - v0.5.0 - ℹ️ [B4R2-INV-03] Bắt đầu xử lý ON
2025-11-21 17:31:50,778 - INFO - [ThreadPoolExecutor-9_0] - v0.5.0 - ✅ [B4R1-INV-06] BỎ QUA: Đã ở trạng thái mong muốn (Disconnect Grid)
2025-11-21 17:31:51,573 - INFO - [ThreadPoolExecutor-9_3] - v0.5.0 - ✅ [B4R1-INV-09] BỎ QUA: Đã ở trạng thái mong muốn (Disconnect Grid)
2025-11-21 17:31:51,684 - INFO - [ThreadPoolExecutor-9_2] - v0.5.0 - ✅ [B4R1-INV-08] BỎ QUA: Đã ở trạng thái mong muốn (Disconnect Grid)
2025-11-21 17:31:51,860 - INFO - [ThreadPoolExecutor-9_1] - v0.5.0 - ✅ [B4R1-INV-07] BỎ QUA: Đã ở trạng thái mong muốn (Disconnect Grid)
2025-11-21 17:31:52,133 - INFO - [ThreadPoolExecutor-9_4] - v0.5.0 - ✅ [B4R1-INV-10] BỎ QUA: Đã ở trạng thái mong muốn (Disconnect Grid)
2025-11-21 17:31:52,572 - INFO - [ThreadPoolExecutor-9_5] - v0.5.0 - ✅ [B4R2-INV-01] BỎ QUA: Đã ở trạng thái mong muốn (Disconnect Grid)
2025-11-21 17:31:52,595 - INFO - [ThreadPoolExecutor-9_6] - v0.5.0 - ✅ [B4R2-INV-02] BỎ QUA: Đã ở trạng thái mong muốn (Disconnect Grid)
2025-11-21 17:31:54,252 - INFO - [ThreadPoolExecutor-9_7] - v0.5.0 - ✅ [B4R2-INV-03] BỎ QUA: Đã ở trạng thái mong muốn (Disconnect Grid)
2025-11-21 17:31:54,281 - INFO - [MainThread] - v0.5.0 - ℹ️ 📦 Batch 5: Hoàn thành 8, Retry 0, Thất bại 0
2025-11-21 17:31:54,281 - INFO - [MainThread] - v0.5.0 - 📊 Hàng đợi - Chính: 92, Retry: 9, Hoàn thành: 64, Thất bại: 0
2025-11-21 17:31:54,281 - INFO - [MainThread] - v0.5.0 - ℹ️ 📈 Tiến trình tổng: 31/132 (23.5%)
2025-11-21 17:31:54,281 - INFO - [MainThread] - v0.5.0 - ℹ️ 🔄 Xử lý batch 6 với 8 tasks
2025-11-21 17:31:54,281 - INFO - [ThreadPoolExecutor-10_0] - v0.5.0 - ℹ️ [B4R2-INV-04] Bắt đầu xử lý ON
2025-11-21 17:31:54,282 - INFO - [ThreadPoolExecutor-10_1] - v0.5.0 - ℹ️ [B4R2-INV-05] Bắt đầu xử lý ON
2025-11-21 17:31:54,282 - INFO - [ThreadPoolExecutor-10_2] - v0.5.0 - ℹ️ [B4R2-INV-06] Bắt đầu xử lý ON
2025-11-21 17:31:54,283 - INFO - [ThreadPoolExecutor-10_3] - v0.5.0 - ℹ️ [B4R2-INV-07] Bắt đầu xử lý ON
2025-11-21 17:31:54,285 - INFO - [ThreadPoolExecutor-10_4] - v0.5.0 - ℹ️ [B4R2-INV-08] Bắt đầu xử lý ON
2025-11-21 17:31:54,286 - INFO - [ThreadPoolExecutor-10_5] - v0.5.0 - ℹ️ [B4R2-INV-09] Bắt đầu xử lý ON
2025-11-21 17:31:54,288 - INFO - [ThreadPoolExecutor-10_6] - v0.5.0 - ℹ️ [B4R2-INV-10] Bắt đầu xử lý ON
2025-11-21 17:31:54,292 - INFO - [ThreadPoolExecutor-10_7] - v0.5.0 - ℹ️ [B5R1-INV-01] Bắt đầu xử lý ON
2025-11-21 17:32:04,292 - INFO - [ThreadPoolExecutor-10_7] - v0.5.0 - ✅ [B5R1-INV-01] BỎ QUA: Đã ở trạng thái mong muốn (Disconnect Grid)
2025-11-21 17:32:06,031 - INFO - [ThreadPoolExecutor-10_6] - v0.5.0 - ✅ [B4R2-INV-10] BỎ QUA: Đã ở trạng thái mong muốn (Disconnect Grid)
2025-11-21 17:32:06,348 - INFO - [ThreadPoolExecutor-10_2] - v0.5.0 - ✅ [B4R2-INV-06] BỎ QUA: Đã ở trạng thái mong muốn (Disconnect Grid)
2025-11-21 17:32:06,476 - INFO - [ThreadPoolExecutor-10_5] - v0.5.0 - ✅ [B4R2-INV-09] BỎ QUA: Đã ở trạng thái mong muốn (Disconnect Grid)
2025-11-21 17:32:06,572 - INFO - [ThreadPoolExecutor-10_4] - v0.5.0 - ✅ [B4R2-INV-08] BỎ QUA: Đã ở trạng thái mong muốn (Disconnect Grid)
2025-11-21 17:32:06,572 - INFO - [ThreadPoolExecutor-10_3] - v0.5.0 - ✅ [B4R2-INV-07] BỎ QUA: Đã ở trạng thái mong muốn (Disconnect Grid)
2025-11-21 17:32:06,978 - INFO - [ThreadPoolExecutor-10_1] - v0.5.0 - ✅ [B4R2-INV-05] BỎ QUA: Đã ở trạng thái mong muốn (Disconnect Grid)
2025-11-21 17:32:07,023 - INFO - [ThreadPoolExecutor-10_0] - v0.5.0 - ✅ [B4R2-INV-04] BỎ QUA: Đã ở trạng thái mong muốn (Disconnect Grid)
2025-11-21 17:32:07,047 - INFO - [MainThread] - v0.5.0 - ℹ️ 📦 Batch 6: Hoàn thành 8, Retry 0, Thất bại 0
2025-11-21 17:32:07,047 - INFO - [MainThread] - v0.5.0 - 📊 Hàng đợi - Chính: 84, Retry: 9, Hoàn thành: 72, Thất bại: 0
2025-11-21 17:32:07,047 - INFO - [MainThread] - v0.5.0 - ℹ️ 📈 Tiến trình tổng: 39/132 (29.5%)
2025-11-21 17:32:07,047 - INFO - [MainThread] - v0.5.0 - ℹ️ 🔄 Xử lý batch 7 với 8 tasks
2025-11-21 17:32:07,048 - INFO - [ThreadPoolExecutor-11_0] - v0.5.0 - ℹ️ [B5R1-INV-02] Bắt đầu xử lý ON
2025-11-21 17:32:07,048 - INFO - [ThreadPoolExecutor-11_1] - v0.5.0 - ℹ️ [B5R1-INV-03] Bắt đầu xử lý ON
2025-11-21 17:32:07,048 - INFO - [ThreadPoolExecutor-11_2] - v0.5.0 - ℹ️ [B5R1-INV-04] Bắt đầu xử lý ON
2025-11-21 17:32:07,050 - INFO - [ThreadPoolExecutor-11_3] - v0.5.0 - ℹ️ [B5R1-INV-05] Bắt đầu xử lý ON
2025-11-21 17:32:07,051 - INFO - [ThreadPoolExecutor-11_4] - v0.5.0 - ℹ️ [B5R1-INV-06] Bắt đầu xử lý ON
2025-11-21 17:32:07,052 - INFO - [ThreadPoolExecutor-11_5] - v0.5.0 - ℹ️ [B5R1-INV-07] Bắt đầu xử lý ON
2025-11-21 17:32:07,053 - INFO - [ThreadPoolExecutor-11_6] - v0.5.0 - ℹ️ [B5R1-INV-08] Bắt đầu xử lý ON
2025-11-21 17:32:07,054 - INFO - [ThreadPoolExecutor-11_7] - v0.5.0 - ℹ️ [B5R1-INV-09] Bắt đầu xử lý ON
2025-11-21 17:32:16,302 - INFO - [ThreadPoolExecutor-11_7] - v0.5.0 - ✅ [B5R1-INV-09] BỎ QUA: Đã ở trạng thái mong muốn (Disconnect Grid)
2025-11-21 17:32:16,327 - INFO - [ThreadPoolExecutor-11_5] - v0.5.0 - ✅ [B5R1-INV-07] BỎ QUA: Đã ở trạng thái mong muốn (Disconnect Grid)
2025-11-21 17:32:17,274 - INFO - [ThreadPoolExecutor-11_1] - v0.5.0 - ✅ [B5R1-INV-03] BỎ QUA: Đã ở trạng thái mong muốn (Disconnect Grid)
2025-11-21 17:32:17,576 - INFO - [ThreadPoolExecutor-11_6] - v0.5.0 - ✅ [B5R1-INV-08] BỎ QUA: Đã ở trạng thái mong muốn (Disconnect Grid)
2025-11-21 17:32:17,630 - INFO - [ThreadPoolExecutor-11_4] - v0.5.0 - ✅ [B5R1-INV-06] BỎ QUA: Đã ở trạng thái mong muốn (Disconnect Grid)
2025-11-21 17:32:17,715 - INFO - [ThreadPoolExecutor-11_2] - v0.5.0 - ✅ [B5R1-INV-04] BỎ QUA: Đã ở trạng thái mong muốn (Disconnect Grid)
2025-11-21 17:32:17,817 - INFO - [ThreadPoolExecutor-11_3] - v0.5.0 - ✅ [B5R1-INV-05] BỎ QUA: Đã ở trạng thái mong muốn (Disconnect Grid)
2025-11-21 17:32:17,954 - INFO - [ThreadPoolExecutor-11_0] - v0.5.0 - ✅ [B5R1-INV-02] BỎ QUA: Đã ở trạng thái mong muốn (Disconnect Grid)
2025-11-21 17:32:17,991 - INFO - [MainThread] - v0.5.0 - ℹ️ 📦 Batch 7: Hoàn thành 8, Retry 0, Thất bại 0
2025-11-21 17:32:17,991 - INFO - [MainThread] - v0.5.0 - 📊 Hàng đợi - Chính: 76, Retry: 9, Hoàn thành: 80, Thất bại: 0
2025-11-21 17:32:17,991 - INFO - [MainThread] - v0.5.0 - ℹ️ 📈 Tiến trình tổng: 47/132 (35.6%)
2025-11-21 17:32:17,991 - INFO - [MainThread] - v0.5.0 - ℹ️ 🔄 Xử lý batch 8 với 8 tasks
2025-11-21 17:32:17,992 - INFO - [ThreadPoolExecutor-12_0] - v0.5.0 - ℹ️ [B5R1-INV-10] Bắt đầu xử lý ON
2025-11-21 17:32:17,992 - INFO - [ThreadPoolExecutor-12_1] - v0.5.0 - ℹ️ [B5R2-INV-01] Bắt đầu xử lý ON
2025-11-21 17:32:17,992 - INFO - [ThreadPoolExecutor-12_2] - v0.5.0 - ℹ️ [B5R2-INV-02] Bắt đầu xử lý ON
2025-11-21 17:32:17,993 - INFO - [ThreadPoolExecutor-12_3] - v0.5.0 - ℹ️ [B5R2-INV-03] Bắt đầu xử lý ON
2025-11-21 17:32:17,994 - INFO - [ThreadPoolExecutor-12_4] - v0.5.0 - ℹ️ [B5R2-INV-04] Bắt đầu xử lý ON
2025-11-21 17:32:17,995 - INFO - [ThreadPoolExecutor-12_5] - v0.5.0 - ℹ️ [B5R2-INV-05] Bắt đầu xử lý ON
2025-11-21 17:32:17,995 - INFO - [ThreadPoolExecutor-12_6] - v0.5.0 - ℹ️ [B5R2-INV-06] Bắt đầu xử lý ON
2025-11-21 17:32:18,003 - INFO - [ThreadPoolExecutor-12_7] - v0.5.0 - ℹ️ [B5R2-INV-07] Bắt đầu xử lý ON
2025-11-21 17:32:27,983 - INFO - [ThreadPoolExecutor-12_5] - v0.5.0 - ✅ [B5R2-INV-05] BỎ QUA: Đã ở trạng thái mong muốn (Disconnect Grid)
2025-11-21 17:32:27,994 - INFO - [ThreadPoolExecutor-12_7] - v0.5.0 - ✅ [B5R2-INV-07] BỎ QUA: Đã ở trạng thái mong muốn (Disconnect Grid)
2025-11-21 17:32:28,208 - INFO - [ThreadPoolExecutor-12_0] - v0.5.0 - ✅ [B5R1-INV-10] BỎ QUA: Đã ở trạng thái mong muốn (Disconnect Grid)
2025-11-21 17:32:28,592 - INFO - [ThreadPoolExecutor-12_6] - v0.5.0 - ✅ [B5R2-INV-06] BỎ QUA: Đã ở trạng thái mong muốn (Disconnect Grid)
2025-11-21 17:32:28,985 - INFO - [ThreadPoolExecutor-12_4] - v0.5.0 - ✅ [B5R2-INV-04] BỎ QUA: Đã ở trạng thái mong muốn (Disconnect Grid)
2025-11-21 17:32:29,049 - INFO - [ThreadPoolExecutor-12_2] - v0.5.0 - ✅ [B5R2-INV-02] BỎ QUA: Đã ở trạng thái mong muốn (Disconnect Grid)
2025-11-21 17:32:29,069 - INFO - [ThreadPoolExecutor-12_1] - v0.5.0 - ✅ [B5R2-INV-01] BỎ QUA: Đã ở trạng thái mong muốn (Disconnect Grid)
2025-11-21 17:32:29,539 - INFO - [ThreadPoolExecutor-12_3] - v0.5.0 - ✅ [B5R2-INV-03] BỎ QUA: Đã ở trạng thái mong muốn (Disconnect Grid)
2025-11-21 17:32:29,566 - INFO - [MainThread] - v0.5.0 - ℹ️ 📦 Batch 8: Hoàn thành 8, Retry 0, Thất bại 0
2025-11-21 17:32:29,567 - INFO - [MainThread] - v0.5.0 - 📊 Hàng đợi - Chính: 68, Retry: 9, Hoàn thành: 88, Thất bại: 0
2025-11-21 17:32:29,567 - INFO - [MainThread] - v0.5.0 - ℹ️ 📈 Tiến trình tổng: 55/132 (41.7%)
2025-11-21 17:32:29,567 - INFO - [MainThread] - v0.5.0 - ℹ️ 🔄 Xử lý batch 9 với 8 tasks
2025-11-21 17:32:29,567 - INFO - [ThreadPoolExecutor-13_0] - v0.5.0 - ℹ️ [B5R2-INV-08] Bắt đầu xử lý ON
2025-11-21 17:32:29,567 - INFO - [ThreadPoolExecutor-13_1] - v0.5.0 - ℹ️ [B5R2-INV-09] Bắt đầu xử lý ON
2025-11-21 17:32:29,568 - INFO - [ThreadPoolExecutor-13_2] - v0.5.0 - ℹ️ [B5R2-INV-10] Bắt đầu xử lý ON
2025-11-21 17:32:29,569 - INFO - [ThreadPoolExecutor-13_3] - v0.5.0 - ℹ️ [B6R1-INV-01] Bắt đầu xử lý ON
2025-11-21 17:32:29,570 - INFO - [ThreadPoolExecutor-13_4] - v0.5.0 - ℹ️ [B6R1-INV-02] Bắt đầu xử lý ON
2025-11-21 17:32:29,572 - INFO - [ThreadPoolExecutor-13_5] - v0.5.0 - ℹ️ [B6R1-INV-03] Bắt đầu xử lý ON
2025-11-21 17:32:29,572 - INFO - [ThreadPoolExecutor-13_6] - v0.5.0 - ℹ️ [B6R1-INV-04] Bắt đầu xử lý ON
2025-11-21 17:32:29,574 - INFO - [ThreadPoolExecutor-13_7] - v0.5.0 - ℹ️ [B6R1-INV-05] Bắt đầu xử lý ON
2025-11-21 17:32:39,302 - INFO - [ThreadPoolExecutor-13_7] - v0.5.0 - ✅ [B6R1-INV-05] BỎ QUA: Đã ở trạng thái mong muốn (Disconnect Grid)
2025-11-21 17:32:39,715 - INFO - [ThreadPoolExecutor-13_0] - v0.5.0 - ✅ [B5R2-INV-08] BỎ QUA: Đã ở trạng thái mong muốn (Disconnect Grid)
2025-11-21 17:32:39,717 - INFO - [ThreadPoolExecutor-13_1] - v0.5.0 - ✅ [B5R2-INV-09] BỎ QUA: Đã ở trạng thái mong muốn (Disconnect Grid)
2025-11-21 17:32:39,953 - INFO - [ThreadPoolExecutor-13_2] - v0.5.0 - ✅ [B5R2-INV-10] BỎ QUA: Đã ở trạng thái mong muốn (Disconnect Grid)
2025-11-21 17:32:40,027 - INFO - [ThreadPoolExecutor-13_6] - v0.5.0 - ✅ [B6R1-INV-04] BỎ QUA: Đã ở trạng thái mong muốn (Disconnect Grid)
2025-11-21 17:32:40,541 - INFO - [ThreadPoolExecutor-13_5] - v0.5.0 - ✅ [B6R1-INV-03] BỎ QUA: Đã ở trạng thái mong muốn (Disconnect Grid)
2025-11-21 17:32:41,120 - INFO - [ThreadPoolExecutor-13_4] - v0.5.0 - ✅ [B6R1-INV-02] BỎ QUA: Đã ở trạng thái mong muốn (Disconnect Grid)
2025-11-21 17:32:41,211 - INFO - [ThreadPoolExecutor-13_3] - v0.5.0 - ✅ [B6R1-INV-01] BỎ QUA: Đã ở trạng thái mong muốn (Disconnect Grid)
2025-11-21 17:32:41,237 - INFO - [MainThread] - v0.5.0 - ℹ️ 📦 Batch 9: Hoàn thành 8, Retry 0, Thất bại 0
2025-11-21 17:32:41,237 - INFO - [MainThread] - v0.5.0 - 📊 Hàng đợi - Chính: 60, Retry: 9, Hoàn thành: 96, Thất bại: 0
2025-11-21 17:32:41,237 - INFO - [MainThread] - v0.5.0 - ℹ️ 📈 Tiến trình tổng: 63/132 (47.7%)
2025-11-21 17:32:41,237 - INFO - [MainThread] - v0.5.0 - ℹ️ 🔄 Xử lý batch 10 với 8 tasks
2025-11-21 17:32:41,238 - INFO - [ThreadPoolExecutor-14_0] - v0.5.0 - ℹ️ [B6R1-INV-06] Bắt đầu xử lý ON
2025-11-21 17:32:41,238 - INFO - [ThreadPoolExecutor-14_1] - v0.5.0 - ℹ️ [B6R1-INV-07] Bắt đầu xử lý ON
2025-11-21 17:32:41,239 - INFO - [ThreadPoolExecutor-14_2] - v0.5.0 - ℹ️ [B6R1-INV-08] Bắt đầu xử lý ON
2025-11-21 17:32:41,240 - INFO - [ThreadPoolExecutor-14_3] - v0.5.0 - ℹ️ [B6R1-INV-09] Bắt đầu xử lý ON
2025-11-21 17:32:41,241 - INFO - [ThreadPoolExecutor-14_4] - v0.5.0 - ℹ️ [B6R1-INV-10] Bắt đầu xử lý ON
2025-11-21 17:32:41,241 - INFO - [ThreadPoolExecutor-14_5] - v0.5.0 - ℹ️ [B6R2-INV-01] Bắt đầu xử lý ON
2025-11-21 17:32:41,242 - INFO - [ThreadPoolExecutor-14_6] - v0.5.0 - ℹ️ [B6R2-INV-02] Bắt đầu xử lý ON
2025-11-21 17:32:41,243 - INFO - [ThreadPoolExecutor-14_7] - v0.5.0 - ℹ️ [B6R2-INV-03] Bắt đầu xử lý ON
2025-11-21 17:32:50,685 - INFO - [ThreadPoolExecutor-14_0] - v0.5.0 - ✅ [B6R1-INV-06] BỎ QUA: Đã ở trạng thái mong muốn (Disconnect Grid)
2025-11-21 17:32:50,797 - INFO - [ThreadPoolExecutor-14_1] - v0.5.0 - ✅ [B6R1-INV-07] BỎ QUA: Đã ở trạng thái mong muốn (Disconnect Grid)
2025-11-21 17:32:51,185 - INFO - [ThreadPoolExecutor-14_4] - v0.5.0 - ✅ [B6R1-INV-10] BỎ QUA: Đã ở trạng thái mong muốn (Disconnect Grid)
2025-11-21 17:32:51,508 - INFO - [ThreadPoolExecutor-14_7] - v0.5.0 - ✅ [B6R2-INV-03] BỎ QUA: Đã ở trạng thái mong muốn (Disconnect Grid)
2025-11-21 17:32:51,903 - INFO - [ThreadPoolExecutor-14_6] - v0.5.0 - ✅ [B6R2-INV-02] BỎ QUA: Đã ở trạng thái mong muốn (Disconnect Grid)
2025-11-21 17:32:51,935 - INFO - [ThreadPoolExecutor-14_5] - v0.5.0 - ✅ [B6R2-INV-01] BỎ QUA: Đã ở trạng thái mong muốn (Disconnect Grid)
2025-11-21 17:32:52,015 - INFO - [ThreadPoolExecutor-14_2] - v0.5.0 - ✅ [B6R1-INV-08] BỎ QUA: Đã ở trạng thái mong muốn (Disconnect Grid)
2025-11-21 17:32:52,387 - INFO - [ThreadPoolExecutor-14_3] - v0.5.0 - ✅ [B6R1-INV-09] BỎ QUA: Đã ở trạng thái mong muốn (Disconnect Grid)
2025-11-21 17:32:52,433 - INFO - [MainThread] - v0.5.0 - ℹ️ 📦 Batch 10: Hoàn thành 8, Retry 0, Thất bại 0
2025-11-21 17:32:52,433 - INFO - [MainThread] - v0.5.0 - 📊 Hàng đợi - Chính: 52, Retry: 9, Hoàn thành: 104, Thất bại: 0
2025-11-21 17:32:52,433 - INFO - [MainThread] - v0.5.0 - ℹ️ 📈 Tiến trình tổng: 71/132 (53.8%)
2025-11-21 17:32:52,433 - INFO - [MainThread] - v0.5.0 - ℹ️ 🔄 Xử lý batch 11 với 8 tasks
2025-11-21 17:32:52,434 - INFO - [ThreadPoolExecutor-15_0] - v0.5.0 - ℹ️ [B6R2-INV-04] Bắt đầu xử lý ON
2025-11-21 17:32:52,434 - INFO - [ThreadPoolExecutor-15_1] - v0.5.0 - ℹ️ [B6R2-INV-05] Bắt đầu xử lý ON
2025-11-21 17:32:52,435 - INFO - [ThreadPoolExecutor-15_2] - v0.5.0 - ℹ️ [B6R2-INV-06] Bắt đầu xử lý ON
2025-11-21 17:32:52,437 - INFO - [ThreadPoolExecutor-15_3] - v0.5.0 - ℹ️ [B6R2-INV-07] Bắt đầu xử lý ON
2025-11-21 17:32:52,439 - INFO - [ThreadPoolExecutor-15_4] - v0.5.0 - ℹ️ [B6R2-INV-08] Bắt đầu xử lý ON
2025-11-21 17:32:52,448 - INFO - [ThreadPoolExecutor-15_5] - v0.5.0 - ℹ️ [B6R2-INV-09] Bắt đầu xử lý ON
2025-11-21 17:32:52,451 - INFO - [ThreadPoolExecutor-15_6] - v0.5.0 - ℹ️ [B6R2-INV-10] Bắt đầu xử lý ON
2025-11-21 17:32:52,452 - INFO - [ThreadPoolExecutor-15_7] - v0.5.0 - ℹ️ [B7-INV-01] Bắt đầu xử lý ON
2025-11-21 17:33:00,214 - INFO - [ThreadPoolExecutor-15_7] - v0.5.0 - ✅ [B7-INV-01] BỎ QUA: Đã ở trạng thái mong muốn (Disconnect Grid)
2025-11-21 17:33:02,153 - INFO - [ThreadPoolExecutor-15_6] - v0.5.0 - ✅ [B6R2-INV-10] BỎ QUA: Đã ở trạng thái mong muốn (Disconnect Grid)
2025-11-21 17:33:02,186 - INFO - [ThreadPoolExecutor-15_5] - v0.5.0 - ✅ [B6R2-INV-09] BỎ QUA: Đã ở trạng thái mong muốn (Disconnect Grid)
2025-11-21 17:33:02,644 - INFO - [ThreadPoolExecutor-15_2] - v0.5.0 - ✅ [B6R2-INV-06] BỎ QUA: Đã ở trạng thái mong muốn (Disconnect Grid)
2025-11-21 17:33:02,734 - INFO - [ThreadPoolExecutor-15_0] - v0.5.0 - ✅ [B6R2-INV-04] BỎ QUA: Đã ở trạng thái mong muốn (Disconnect Grid)
2025-11-21 17:33:02,857 - INFO - [ThreadPoolExecutor-15_4] - v0.5.0 - ✅ [B6R2-INV-08] BỎ QUA: Đã ở trạng thái mong muốn (Disconnect Grid)
2025-11-21 17:33:03,048 - INFO - [ThreadPoolExecutor-15_3] - v0.5.0 - ✅ [B6R2-INV-07] BỎ QUA: Đã ở trạng thái mong muốn (Disconnect Grid)
2025-11-21 17:33:03,494 - INFO - [ThreadPoolExecutor-15_1] - v0.5.0 - ✅ [B6R2-INV-05] BỎ QUA: Đã ở trạng thái mong muốn (Disconnect Grid)
2025-11-21 17:33:03,521 - INFO - [MainThread] - v0.5.0 - ℹ️ 📦 Batch 11: Hoàn thành 8, Retry 0, Thất bại 0
2025-11-21 17:33:03,522 - INFO - [MainThread] - v0.5.0 - 📊 Hàng đợi - Chính: 44, Retry: 9, Hoàn thành: 112, Thất bại: 0
2025-11-21 17:33:03,522 - INFO - [MainThread] - v0.5.0 - ℹ️ 📈 Tiến trình tổng: 79/132 (59.8%)
2025-11-21 17:33:03,522 - INFO - [MainThread] - v0.5.0 - ℹ️ 🔄 Xử lý batch 12 với 8 tasks
2025-11-21 17:33:03,522 - INFO - [ThreadPoolExecutor-16_0] - v0.5.0 - ℹ️ [B7-INV-02] Bắt đầu xử lý ON
2025-11-21 17:33:03,522 - INFO - [ThreadPoolExecutor-16_1] - v0.5.0 - ℹ️ [B7-INV-03] Bắt đầu xử lý ON
2025-11-21 17:33:03,523 - INFO - [ThreadPoolExecutor-16_2] - v0.5.0 - ℹ️ [B7-INV-04] Bắt đầu xử lý ON
2025-11-21 17:33:03,524 - INFO - [ThreadPoolExecutor-16_3] - v0.5.0 - ℹ️ [B7-INV-05] Bắt đầu xử lý ON
2025-11-21 17:33:03,526 - INFO - [ThreadPoolExecutor-16_4] - v0.5.0 - ℹ️ [B7-INV-06] Bắt đầu xử lý ON
2025-11-21 17:33:03,528 - INFO - [ThreadPoolExecutor-16_5] - v0.5.0 - ℹ️ [B7-INV-07] Bắt đầu xử lý ON
2025-11-21 17:33:03,528 - INFO - [ThreadPoolExecutor-16_6] - v0.5.0 - ℹ️ [B7-INV-08] Bắt đầu xử lý ON
2025-11-21 17:33:03,529 - INFO - [ThreadPoolExecutor-16_7] - v0.5.0 - ℹ️ [B7-INV-09] Bắt đầu xử lý ON
2025-11-21 17:33:11,674 - INFO - [ThreadPoolExecutor-16_0] - v0.5.0 - ✅ [B7-INV-02] BỎ QUA: Đã ở trạng thái mong muốn (Disconnect Grid)
2025-11-21 17:33:13,464 - INFO - [ThreadPoolExecutor-16_6] - v0.5.0 - ✅ [B7-INV-08] BỎ QUA: Đã ở trạng thái mong muốn (Disconnect Grid)
2025-11-21 17:33:13,505 - INFO - [ThreadPoolExecutor-16_4] - v0.5.0 - ✅ [B7-INV-06] BỎ QUA: Đã ở trạng thái mong muốn (Disconnect Grid)
2025-11-21 17:33:13,632 - INFO - [ThreadPoolExecutor-16_5] - v0.5.0 - ✅ [B7-INV-07] BỎ QUA: Đã ở trạng thái mong muốn (Disconnect Grid)
2025-11-21 17:33:13,651 - INFO - [ThreadPoolExecutor-16_3] - v0.5.0 - ✅ [B7-INV-05] BỎ QUA: Đã ở trạng thái mong muốn (Disconnect Grid)
2025-11-21 17:33:13,973 - INFO - [ThreadPoolExecutor-16_7] - v0.5.0 - ✅ [B7-INV-09] BỎ QUA: Đã ở trạng thái mong muốn (Disconnect Grid)
2025-11-21 17:33:14,013 - INFO - [ThreadPoolExecutor-16_2] - v0.5.0 - ✅ [B7-INV-04] BỎ QUA: Đã ở trạng thái mong muốn (Disconnect Grid)
2025-11-21 17:33:14,013 - INFO - [ThreadPoolExecutor-16_1] - v0.5.0 - ✅ [B7-INV-03] BỎ QUA: Đã ở trạng thái mong muốn (Disconnect Grid)
2025-11-21 17:33:14,051 - INFO - [MainThread] - v0.5.0 - ℹ️ 📦 Batch 12: Hoàn thành 8, Retry 0, Thất bại 0
2025-11-21 17:33:14,051 - INFO - [MainThread] - v0.5.0 - 📊 Hàng đợi - Chính: 36, Retry: 9, Hoàn thành: 120, Thất bại: 0
2025-11-21 17:33:14,051 - INFO - [MainThread] - v0.5.0 - ℹ️ 📈 Tiến trình tổng: 87/132 (65.9%)
2025-11-21 17:33:14,051 - INFO - [MainThread] - v0.5.0 - ℹ️ 🔄 Xử lý batch 13 với 8 tasks
2025-11-21 17:33:14,051 - INFO - [ThreadPoolExecutor-17_0] - v0.5.0 - ℹ️ [B7-INV-10] Bắt đầu xử lý ON
2025-11-21 17:33:14,052 - INFO - [ThreadPoolExecutor-17_1] - v0.5.0 - ℹ️ [B8-INV-01] Bắt đầu xử lý ON
2025-11-21 17:33:14,052 - INFO - [ThreadPoolExecutor-17_2] - v0.5.0 - ℹ️ [B8-INV-02] Bắt đầu xử lý ON
2025-11-21 17:33:14,053 - INFO - [ThreadPoolExecutor-17_3] - v0.5.0 - ℹ️ [B8-INV-03] Bắt đầu xử lý ON
2025-11-21 17:33:14,053 - INFO - [ThreadPoolExecutor-17_4] - v0.5.0 - ℹ️ [B8-INV-04] Bắt đầu xử lý ON
2025-11-21 17:33:14,055 - INFO - [ThreadPoolExecutor-17_5] - v0.5.0 - ℹ️ [B8-INV-05] Bắt đầu xử lý ON
2025-11-21 17:33:14,055 - INFO - [ThreadPoolExecutor-17_6] - v0.5.0 - ℹ️ [B11-INV-01] Bắt đầu xử lý ON
2025-11-21 17:33:14,058 - INFO - [ThreadPoolExecutor-17_7] - v0.5.0 - ℹ️ [B11-INV-02] Bắt đầu xử lý ON
2025-11-21 17:33:22,068 - INFO - [ThreadPoolExecutor-17_5] - v0.5.0 - ✅ [B8-INV-05] BỎ QUA: Đã ở trạng thái mong muốn (Disconnect Grid)
2025-11-21 17:33:22,090 - INFO - [ThreadPoolExecutor-17_4] - v0.5.0 - ✅ [B8-INV-04] BỎ QUA: Đã ở trạng thái mong muốn (Disconnect Grid)
2025-11-21 17:33:22,158 - INFO - [ThreadPoolExecutor-17_7] - v0.5.0 - ✅ [B11-INV-02] BỎ QUA: Đã ở trạng thái mong muốn (Disconnect Grid)
2025-11-21 17:33:22,183 - INFO - [ThreadPoolExecutor-17_1] - v0.5.0 - ✅ [B8-INV-01] BỎ QUA: Đã ở trạng thái mong muốn (Disconnect Grid)
2025-11-21 17:33:22,185 - INFO - [ThreadPoolExecutor-17_2] - v0.5.0 - ✅ [B8-INV-02] BỎ QUA: Đã ở trạng thái mong muốn (Disconnect Grid)
2025-11-21 17:33:22,212 - INFO - [ThreadPoolExecutor-17_3] - v0.5.0 - ✅ [B8-INV-03] BỎ QUA: Đã ở trạng thái mong muốn (Disconnect Grid)
2025-11-21 17:33:22,362 - INFO - [ThreadPoolExecutor-17_0] - v0.5.0 - ✅ [B7-INV-10] BỎ QUA: Đã ở trạng thái mong muốn (Disconnect Grid)
2025-11-21 17:33:23,023 - INFO - [ThreadPoolExecutor-17_6] - v0.5.0 - ✅ [B11-INV-01] BỎ QUA: Đã ở trạng thái mong muốn (Disconnect Grid)
2025-11-21 17:33:23,064 - INFO - [MainThread] - v0.5.0 - ℹ️ 📦 Batch 13: Hoàn thành 8, Retry 0, Thất bại 0
2025-11-21 17:33:23,064 - INFO - [MainThread] - v0.5.0 - 📊 Hàng đợi - Chính: 28, Retry: 9, Hoàn thành: 128, Thất bại: 0
2025-11-21 17:33:23,064 - INFO - [MainThread] - v0.5.0 - ℹ️ 📈 Tiến trình tổng: 95/132 (72.0%)
2025-11-21 17:33:23,064 - INFO - [MainThread] - v0.5.0 - ℹ️ 🔄 Xử lý batch 14 với 8 tasks
2025-11-21 17:33:23,064 - INFO - [ThreadPoolExecutor-18_0] - v0.5.0 - ℹ️ [B11-INV-03] Bắt đầu xử lý ON
2025-11-21 17:33:23,064 - INFO - [ThreadPoolExecutor-18_1] - v0.5.0 - ℹ️ [B11-INV-04] Bắt đầu xử lý ON
2025-11-21 17:33:23,065 - INFO - [ThreadPoolExecutor-18_2] - v0.5.0 - ℹ️ [B11-INV-05] Bắt đầu xử lý ON
2025-11-21 17:33:23,065 - INFO - [ThreadPoolExecutor-18_3] - v0.5.0 - ℹ️ [B11-INV-06] Bắt đầu xử lý ON
2025-11-21 17:33:23,066 - INFO - [ThreadPoolExecutor-18_4] - v0.5.0 - ℹ️ [B11-INV-07] Bắt đầu xử lý ON
2025-11-21 17:33:23,067 - INFO - [ThreadPoolExecutor-18_5] - v0.5.0 - ℹ️ [B11-INV-08] Bắt đầu xử lý ON
2025-11-21 17:33:23,068 - INFO - [ThreadPoolExecutor-18_6] - v0.5.0 - ℹ️ [B11-INV-09] Bắt đầu xử lý ON
2025-11-21 17:33:23,069 - INFO - [ThreadPoolExecutor-18_7] - v0.5.0 - ℹ️ [B11-INV-10] Bắt đầu xử lý ON
2025-11-21 17:33:28,768 - INFO - [ThreadPoolExecutor-18_0] - v0.5.0 - ✅ [B11-INV-03] BỎ QUA: Đã ở trạng thái mong muốn (Disconnect Grid)
2025-11-21 17:33:30,918 - INFO - [ThreadPoolExecutor-18_1] - v0.5.0 - ✅ [B11-INV-04] BỎ QUA: Đã ở trạng thái mong muốn (Disconnect Grid)
2025-11-21 17:33:31,253 - INFO - [ThreadPoolExecutor-18_7] - v0.5.0 - ✅ [B11-INV-10] BỎ QUA: Đã ở trạng thái mong muốn (Disconnect Grid)
2025-11-21 17:33:31,258 - INFO - [ThreadPoolExecutor-18_4] - v0.5.0 - ✅ [B11-INV-07] BỎ QUA: Đã ở trạng thái mong muốn (Disconnect Grid)
2025-11-21 17:33:31,261 - INFO - [ThreadPoolExecutor-18_3] - v0.5.0 - ✅ [B11-INV-06] BỎ QUA: Đã ở trạng thái mong muốn (Disconnect Grid)
2025-11-21 17:33:31,454 - INFO - [ThreadPoolExecutor-18_2] - v0.5.0 - ✅ [B11-INV-05] BỎ QUA: Đã ở trạng thái mong muốn (Disconnect Grid)
2025-11-21 17:33:31,455 - INFO - [ThreadPoolExecutor-18_5] - v0.5.0 - ✅ [B11-INV-08] BỎ QUA: Đã ở trạng thái mong muốn (Disconnect Grid)
2025-11-21 17:33:31,464 - INFO - [ThreadPoolExecutor-18_6] - v0.5.0 - ✅ [B11-INV-09] BỎ QUA: Đã ở trạng thái mong muốn (Disconnect Grid)
2025-11-21 17:33:31,513 - INFO - [MainThread] - v0.5.0 - ℹ️ 📦 Batch 14: Hoàn thành 8, Retry 0, Thất bại 0
2025-11-21 17:33:31,513 - INFO - [MainThread] - v0.5.0 - 📊 Hàng đợi - Chính: 20, Retry: 9, Hoàn thành: 136, Thất bại: 0
2025-11-21 17:33:31,514 - INFO - [MainThread] - v0.5.0 - ℹ️ 📈 Tiến trình tổng: 103/132 (78.0%)
2025-11-21 17:33:31,514 - INFO - [MainThread] - v0.5.0 - ℹ️ 🔄 Xử lý batch 15 với 8 tasks
2025-11-21 17:33:31,514 - INFO - [ThreadPoolExecutor-19_0] - v0.5.0 - ℹ️ [B12-INV-01] Bắt đầu xử lý ON
2025-11-21 17:33:31,515 - INFO - [ThreadPoolExecutor-19_1] - v0.5.0 - ℹ️ [B12-INV-02] Bắt đầu xử lý ON
2025-11-21 17:33:31,516 - INFO - [ThreadPoolExecutor-19_2] - v0.5.0 - ℹ️ [B12-INV-03] Bắt đầu xử lý ON
2025-11-21 17:33:31,516 - INFO - [ThreadPoolExecutor-19_3] - v0.5.0 - ℹ️ [B12-INV-04] Bắt đầu xử lý ON
2025-11-21 17:33:31,518 - INFO - [ThreadPoolExecutor-19_4] - v0.5.0 - ℹ️ [B12-INV-05] Bắt đầu xử lý ON
2025-11-21 17:33:31,519 - INFO - [ThreadPoolExecutor-19_5] - v0.5.0 - ℹ️ [B12-INV-06] Bắt đầu xử lý ON
2025-11-21 17:33:31,521 - INFO - [ThreadPoolExecutor-19_6] - v0.5.0 - ℹ️ [B12-INV-07] Bắt đầu xử lý ON
2025-11-21 17:33:31,523 - INFO - [ThreadPoolExecutor-19_7] - v0.5.0 - ℹ️ [B12-INV-08] Bắt đầu xử lý ON
2025-11-21 17:33:37,227 - INFO - [ThreadPoolExecutor-19_7] - v0.5.0 - ✅ [B12-INV-08] BỎ QUA: Đã ở trạng thái mong muốn (Disconnect Grid)
2025-11-21 17:33:38,956 - INFO - [ThreadPoolExecutor-19_3] - v0.5.0 - ✅ [B12-INV-04] BỎ QUA: Đã ở trạng thái mong muốn (Disconnect Grid)
2025-11-21 17:33:39,162 - INFO - [ThreadPoolExecutor-19_5] - v0.5.0 - ✅ [B12-INV-06] BỎ QUA: Đã ở trạng thái mong muốn (Disconnect Grid)
2025-11-21 17:33:39,315 - INFO - [ThreadPoolExecutor-19_2] - v0.5.0 - ✅ [B12-INV-03] BỎ QUA: Đã ở trạng thái mong muốn (Disconnect Grid)
2025-11-21 17:33:41,706 - INFO - [ThreadPoolExecutor-19_6] - v0.5.0 - ✅ [B12-INV-07] BỎ QUA: Đã ở trạng thái mong muốn (Disconnect Grid)
2025-11-21 17:33:41,721 - INFO - [ThreadPoolExecutor-19_4] - v0.5.0 - ✅ [B12-INV-05] BỎ QUA: Đã ở trạng thái mong muốn (Disconnect Grid)
2025-11-21 17:33:41,732 - INFO - [ThreadPoolExecutor-19_0] - v0.5.0 - ✅ [B12-INV-01] BỎ QUA: Đã ở trạng thái mong muốn (Disconnect Grid)
2025-11-21 17:33:41,751 - INFO - [ThreadPoolExecutor-19_1] - v0.5.0 - ✅ [B12-INV-02] BỎ QUA: Đã ở trạng thái mong muốn (Disconnect Grid)
2025-11-21 17:33:41,805 - INFO - [MainThread] - v0.5.0 - ℹ️ 📦 Batch 15: Hoàn thành 8, Retry 0, Thất bại 0
2025-11-21 17:33:41,805 - INFO - [MainThread] - v0.5.0 - 📊 Hàng đợi - Chính: 12, Retry: 9, Hoàn thành: 144, Thất bại: 0
2025-11-21 17:33:41,805 - INFO - [MainThread] - v0.5.0 - ℹ️ 📈 Tiến trình tổng: 111/132 (84.1%)
2025-11-21 17:33:41,805 - INFO - [MainThread] - v0.5.0 - ℹ️ 🔄 Xử lý batch 16 với 8 tasks
2025-11-21 17:33:41,805 - INFO - [ThreadPoolExecutor-20_0] - v0.5.0 - ℹ️ [B12-INV-09] Bắt đầu xử lý ON
2025-11-21 17:33:41,806 - INFO - [ThreadPoolExecutor-20_1] - v0.5.0 - ℹ️ [B12-INV-10] Bắt đầu xử lý ON
2025-11-21 17:33:41,806 - INFO - [ThreadPoolExecutor-20_2] - v0.5.0 - ℹ️ [B13-14-INV-01] Bắt đầu xử lý ON
2025-11-21 17:33:41,807 - INFO - [ThreadPoolExecutor-20_3] - v0.5.0 - ℹ️ [B13-14-INV-02] Bắt đầu xử lý ON
2025-11-21 17:33:41,809 - INFO - [ThreadPoolExecutor-20_4] - v0.5.0 - ℹ️ [B13-14-INV-03] Bắt đầu xử lý ON
2025-11-21 17:33:41,809 - INFO - [ThreadPoolExecutor-20_5] - v0.5.0 - ℹ️ [B13-14-INV-04] Bắt đầu xử lý ON
2025-11-21 17:33:41,810 - INFO - [ThreadPoolExecutor-20_6] - v0.5.0 - ℹ️ [B13-14-INV-05] Bắt đầu xử lý ON
2025-11-21 17:33:41,813 - INFO - [ThreadPoolExecutor-20_7] - v0.5.0 - ℹ️ [B13-14-INV-06] Bắt đầu xử lý ON
2025-11-21 17:33:49,071 - INFO - [ThreadPoolExecutor-20_4] - v0.5.0 - ✅ [B13-14-INV-03] BỎ QUA: Đã ở trạng thái mong muốn (Disconnect Grid)
2025-11-21 17:33:49,565 - INFO - [ThreadPoolExecutor-20_2] - v0.5.0 - ✅ [B13-14-INV-01] BỎ QUA: Đã ở trạng thái mong muốn (Disconnect Grid)
2025-11-21 17:33:49,646 - INFO - [ThreadPoolExecutor-20_7] - v0.5.0 - ✅ [B13-14-INV-06] BỎ QUA: Đã ở trạng thái mong muốn (Disconnect Grid)
2025-11-21 17:33:49,661 - INFO - [ThreadPoolExecutor-20_5] - v0.5.0 - ✅ [B13-14-INV-04] BỎ QUA: Đã ở trạng thái mong muốn (Disconnect Grid)
2025-11-21 17:33:49,666 - INFO - [ThreadPoolExecutor-20_1] - v0.5.0 - ✅ [B12-INV-10] BỎ QUA: Đã ở trạng thái mong muốn (Disconnect Grid)
2025-11-21 17:33:49,943 - INFO - [ThreadPoolExecutor-20_3] - v0.5.0 - ✅ [B13-14-INV-02] BỎ QUA: Đã ở trạng thái mong muốn (Disconnect Grid)
2025-11-21 17:33:50,092 - INFO - [ThreadPoolExecutor-20_0] - v0.5.0 - ✅ [B12-INV-09] BỎ QUA: Đã ở trạng thái mong muốn (Disconnect Grid)
2025-11-21 17:33:50,097 - INFO - [ThreadPoolExecutor-20_6] - v0.5.0 - ✅ [B13-14-INV-05] BỎ QUA: Đã ở trạng thái mong muốn (Disconnect Grid)
2025-11-21 17:33:50,143 - INFO - [MainThread] - v0.5.0 - ℹ️ 📦 Batch 16: Hoàn thành 8, Retry 0, Thất bại 0
2025-11-21 17:33:50,143 - INFO - [MainThread] - v0.5.0 - 📊 Hàng đợi - Chính: 4, Retry: 9, Hoàn thành: 152, Thất bại: 0
2025-11-21 17:33:50,143 - INFO - [MainThread] - v0.5.0 - ℹ️ 📈 Tiến trình tổng: 119/132 (90.2%)
2025-11-21 17:33:50,144 - INFO - [MainThread] - v0.5.0 - ℹ️ 🔄 Lấy task từ retry queue: B2-INV-03 (retry 1)
2025-11-21 17:33:50,144 - INFO - [MainThread] - v0.5.0 - ℹ️ 🔄 Lấy task từ retry queue: B2-INV-05 (retry 1)
2025-11-21 17:33:50,144 - INFO - [MainThread] - v0.5.0 - ℹ️ 🔄 Lấy task từ retry queue: B2-INV-01 (retry 1)
2025-11-21 17:33:50,144 - INFO - [MainThread] - v0.5.0 - ℹ️ 🔄 Lấy task từ retry queue: B2-INV-04 (retry 1)
2025-11-21 17:33:50,144 - INFO - [MainThread] - v0.5.0 - ℹ️ 🔄 Xử lý batch 17 với 8 tasks
2025-11-21 17:33:50,144 - INFO - [ThreadPoolExecutor-21_0] - v0.5.0 - ℹ️ [B13-14-INV-07] Bắt đầu xử lý ON
2025-11-21 17:33:50,144 - INFO - [ThreadPoolExecutor-21_1] - v0.5.0 - ℹ️ [B13-14-INV-08] Bắt đầu xử lý ON
2025-11-21 17:33:50,145 - INFO - [ThreadPoolExecutor-21_2] - v0.5.0 - ℹ️ [B13-14-INV-09] Bắt đầu xử lý ON
2025-11-21 17:33:50,146 - INFO - [ThreadPoolExecutor-21_3] - v0.5.0 - ℹ️ [B13-14-INV-10] Bắt đầu xử lý ON
2025-11-21 17:33:50,146 - INFO - [ThreadPoolExecutor-21_4] - v0.5.0 - ℹ️ [B2-INV-03] Bắt đầu xử lý ON
2025-11-21 17:33:50,147 - INFO - [ThreadPoolExecutor-21_5] - v0.5.0 - ℹ️ [B2-INV-05] Bắt đầu xử lý ON
2025-11-21 17:33:50,147 - INFO - [ThreadPoolExecutor-21_6] - v0.5.0 - ℹ️ [B2-INV-01] Bắt đầu xử lý ON
2025-11-21 17:33:50,149 - INFO - [ThreadPoolExecutor-21_7] - v0.5.0 - ℹ️ [B2-INV-04] Bắt đầu xử lý ON
2025-11-21 17:33:55,241 - INFO - [ThreadPoolExecutor-21_1] - v0.5.0 - ✅ [B13-14-INV-08] BỎ QUA: Đã ở trạng thái mong muốn (Disconnect Grid)
2025-11-21 17:33:57,343 - INFO - [ThreadPoolExecutor-21_2] - v0.5.0 - ✅ [B13-14-INV-09] BỎ QUA: Đã ở trạng thái mong muốn (Disconnect Grid)
2025-11-21 17:33:57,680 - INFO - [ThreadPoolExecutor-21_0] - v0.5.0 - ✅ [B13-14-INV-07] BỎ QUA: Đã ở trạng thái mong muốn (Disconnect Grid)
2025-11-21 17:33:57,690 - INFO - [ThreadPoolExecutor-21_3] - v0.5.0 - ✅ [B13-14-INV-10] BỎ QUA: Đã ở trạng thái mong muốn (Disconnect Grid)
2025-11-21 17:34:01,997 - WARNING - [ThreadPoolExecutor-21_4] - v0.5.0 - ⚠️ [B2-INV-03] Không thể xác định trạng thái hiện tại
2025-11-21 17:34:01,997 - WARNING - [ThreadPoolExecutor-21_7] - v0.5.0 - ⚠️ [B2-INV-04] Không thể xác định trạng thái hiện tại
2025-11-21 17:34:02,042 - WARNING - [MainThread] - v0.5.0 - ⚠️ ⏳ Đã chuyển B2-INV-04 sang retry queue (lần 2)
2025-11-21 17:34:02,053 - WARNING - [MainThread] - v0.5.0 - ⚠️ ⏳ Đã chuyển B2-INV-03 sang retry queue (lần 2)
2025-11-21 17:34:02,161 - WARNING - [ThreadPoolExecutor-21_6] - v0.5.0 - ⚠️ [B2-INV-01] Không thể xác định trạng thái hiện tại
2025-11-21 17:34:02,162 - WARNING - [ThreadPoolExecutor-21_5] - v0.5.0 - ⚠️ [B2-INV-05] Không thể xác định trạng thái hiện tại
2025-11-21 17:34:02,212 - WARNING - [MainThread] - v0.5.0 - ⚠️ ⏳ Đã chuyển B2-INV-05 sang retry queue (lần 2)
2025-11-21 17:34:02,213 - WARNING - [MainThread] - v0.5.0 - ⚠️ ⏳ Đã chuyển B2-INV-01 sang retry queue (lần 2)
2025-11-21 17:34:02,214 - INFO - [MainThread] - v0.5.0 - ℹ️ 📦 Batch 17: Hoàn thành 4, Retry 4, Thất bại 0
2025-11-21 17:34:02,214 - INFO - [MainThread] - v0.5.0 - 📊 Hàng đợi - Chính: 0, Retry: 9, Hoàn thành: 156, Thất bại: 0
2025-11-21 17:34:02,215 - INFO - [MainThread] - v0.5.0 - ℹ️ 📈 Tiến trình tổng: 123/132 (93.2%)
2025-11-21 17:34:02,215 - INFO - [MainThread] - v0.5.0 - ℹ️ 🔄 Lấy task từ retry queue: B2-INV-08 (retry 1)
2025-11-21 17:34:02,215 - INFO - [MainThread] - v0.5.0 - ℹ️ 🔄 Lấy task từ retry queue: B2-INV-07 (retry 1)
2025-11-21 17:34:02,215 - INFO - [MainThread] - v0.5.0 - ℹ️ 🔄 Lấy task từ retry queue: B2-INV-06 (retry 1)
2025-11-21 17:34:02,215 - INFO - [MainThread] - v0.5.0 - ℹ️ 🔄 Lấy task từ retry queue: B2-INV-02 (retry 1)
2025-11-21 17:34:02,215 - INFO - [MainThread] - v0.5.0 - ℹ️ 🔄 Lấy task từ retry queue: B2-INV-09 (retry 1)
2025-11-21 17:34:02,215 - INFO - [MainThread] - v0.5.0 - ℹ️ 🔄 Lấy task từ retry queue: B2-INV-04 (retry 2)
2025-11-21 17:34:02,215 - INFO - [MainThread] - v0.5.0 - ℹ️ 🔄 Lấy task từ retry queue: B2-INV-03 (retry 2)
2025-11-21 17:34:02,216 - INFO - [MainThread] - v0.5.0 - ℹ️ 🔄 Lấy task từ retry queue: B2-INV-05 (retry 2)
2025-11-21 17:34:02,216 - INFO - [MainThread] - v0.5.0 - ℹ️ 🔄 Xử lý batch 18 với 8 tasks
2025-11-21 17:34:02,216 - INFO - [ThreadPoolExecutor-22_0] - v0.5.0 - ℹ️ [B2-INV-08] Bắt đầu xử lý ON
2025-11-21 17:34:02,216 - INFO - [ThreadPoolExecutor-22_1] - v0.5.0 - ℹ️ [B2-INV-07] Bắt đầu xử lý ON
2025-11-21 17:34:02,217 - INFO - [ThreadPoolExecutor-22_2] - v0.5.0 - ℹ️ [B2-INV-06] Bắt đầu xử lý ON
2025-11-21 17:34:02,219 - INFO - [ThreadPoolExecutor-22_3] - v0.5.0 - ℹ️ [B2-INV-02] Bắt đầu xử lý ON
2025-11-21 17:34:02,221 - INFO - [ThreadPoolExecutor-22_4] - v0.5.0 - ℹ️ [B2-INV-09] Bắt đầu xử lý ON
2025-11-21 17:34:02,222 - INFO - [ThreadPoolExecutor-22_5] - v0.5.0 - ℹ️ [B2-INV-04] Bắt đầu xử lý ON
2025-11-21 17:34:02,223 - INFO - [ThreadPoolExecutor-22_6] - v0.5.0 - ℹ️ [B2-INV-03] Bắt đầu xử lý ON
2025-11-21 17:34:02,224 - INFO - [ThreadPoolExecutor-22_7] - v0.5.0 - ℹ️ [B2-INV-05] Bắt đầu xử lý ON
2025-11-21 17:34:16,122 - WARNING - [ThreadPoolExecutor-22_0] - v0.5.0 - ⚠️ [B2-INV-08] Không thể xác định trạng thái hiện tại
2025-11-21 17:34:16,168 - WARNING - [MainThread] - v0.5.0 - ⚠️ ⏳ Đã chuyển B2-INV-08 sang retry queue (lần 2)
2025-11-21 17:34:16,322 - WARNING - [ThreadPoolExecutor-22_3] - v0.5.0 - ⚠️ [B2-INV-02] Không thể xác định trạng thái hiện tại
2025-11-21 17:34:16,323 - WARNING - [ThreadPoolExecutor-22_2] - v0.5.0 - ⚠️ [B2-INV-06] Không thể xác định trạng thái hiện tại
2025-11-21 17:34:16,373 - WARNING - [MainThread] - v0.5.0 - ⚠️ ⏳ Đã chuyển B2-INV-02 sang retry queue (lần 2)
2025-11-21 17:34:16,376 - WARNING - [MainThread] - v0.5.0 - ⚠️ ⏳ Đã chuyển B2-INV-06 sang retry queue (lần 2)
2025-11-21 17:34:16,556 - WARNING - [ThreadPoolExecutor-22_1] - v0.5.0 - ⚠️ [B2-INV-07] Không thể xác định trạng thái hiện tại
2025-11-21 17:34:16,605 - WARNING - [MainThread] - v0.5.0 - ⚠️ ⏳ Đã chuyển B2-INV-07 sang retry queue (lần 2)
2025-11-21 17:34:19,239 - WARNING - [ThreadPoolExecutor-22_5] - v0.5.0 - ⚠️ [B2-INV-04] Không thể xác định trạng thái hiện tại
2025-11-21 17:34:19,287 - ERROR - [MainThread] - v0.5.0 - ❌ 💥 Task B2-INV-04 đã vượt quá số lần retry tối đa
2025-11-21 17:34:19,300 - WARNING - [ThreadPoolExecutor-22_6] - v0.5.0 - ⚠️ [B2-INV-03] Không thể xác định trạng thái hiện tại
2025-11-21 17:34:19,300 - WARNING - [ThreadPoolExecutor-22_7] - v0.5.0 - ⚠️ [B2-INV-05] Không thể xác định trạng thái hiện tại
2025-11-21 17:34:19,301 - WARNING - [ThreadPoolExecutor-22_4] - v0.5.0 - ⚠️ [B2-INV-09] Không thể xác định trạng thái hiện tại
2025-11-21 17:34:19,361 - ERROR - [MainThread] - v0.5.0 - ❌ 💥 Task B2-INV-05 đã vượt quá số lần retry tối đa
2025-11-21 17:34:19,363 - ERROR - [MainThread] - v0.5.0 - ❌ 💥 Task B2-INV-03 đã vượt quá số lần retry tối đa
2025-11-21 17:34:19,374 - WARNING - [MainThread] - v0.5.0 - ⚠️ ⏳ Đã chuyển B2-INV-09 sang retry queue (lần 2)
2025-11-21 17:34:19,376 - INFO - [MainThread] - v0.5.0 - ℹ️ 📦 Batch 18: Hoàn thành 0, Retry 5, Thất bại 3
2025-11-21 17:34:19,376 - INFO - [MainThread] - v0.5.0 - 📊 Hàng đợi - Chính: 0, Retry: 6, Hoàn thành: 156, Thất bại: 3
2025-11-21 17:34:19,376 - INFO - [MainThread] - v0.5.0 - ℹ️ 📈 Tiến trình tổng: 123/132 (93.2%)
2025-11-21 17:34:19,376 - INFO - [MainThread] - v0.5.0 - ℹ️ 🔄 Lấy task từ retry queue: B2-INV-01 (retry 2)
2025-11-21 17:34:19,376 - INFO - [MainThread] - v0.5.0 - ℹ️ 🔄 Lấy task từ retry queue: B2-INV-08 (retry 2)
2025-11-21 17:34:19,376 - INFO - [MainThread] - v0.5.0 - ℹ️ 🔄 Lấy task từ retry queue: B2-INV-02 (retry 2)
2025-11-21 17:34:19,376 - INFO - [MainThread] - v0.5.0 - ℹ️ 🔄 Lấy task từ retry queue: B2-INV-06 (retry 2)
2025-11-21 17:34:19,376 - INFO - [MainThread] - v0.5.0 - ℹ️ 🔄 Lấy task từ retry queue: B2-INV-07 (retry 2)
2025-11-21 17:34:19,377 - INFO - [MainThread] - v0.5.0 - ℹ️ 🔄 Lấy task từ retry queue: B2-INV-09 (retry 2)
2025-11-21 17:34:19,377 - INFO - [MainThread] - v0.5.0 - ℹ️ 🔄 Xử lý batch 19 với 6 tasks
2025-11-21 17:34:19,377 - INFO - [ThreadPoolExecutor-23_0] - v0.5.0 - ℹ️ [B2-INV-01] Bắt đầu xử lý ON
2025-11-21 17:34:19,379 - INFO - [ThreadPoolExecutor-23_1] - v0.5.0 - ℹ️ [B2-INV-08] Bắt đầu xử lý ON
2025-11-21 17:34:19,379 - INFO - [ThreadPoolExecutor-23_2] - v0.5.0 - ℹ️ [B2-INV-02] Bắt đầu xử lý ON
2025-11-21 17:34:19,380 - INFO - [ThreadPoolExecutor-23_3] - v0.5.0 - ℹ️ [B2-INV-06] Bắt đầu xử lý ON
2025-11-21 17:34:19,381 - INFO - [ThreadPoolExecutor-23_4] - v0.5.0 - ℹ️ [B2-INV-07] Bắt đầu xử lý ON
2025-11-21 17:34:19,382 - INFO - [ThreadPoolExecutor-23_5] - v0.5.0 - ℹ️ [B2-INV-09] Bắt đầu xử lý ON
2025-11-21 17:34:34,344 - WARNING - [ThreadPoolExecutor-23_0] - v0.5.0 - ⚠️ [B2-INV-01] Không thể xác định trạng thái hiện tại
2025-11-21 17:34:34,346 - WARNING - [ThreadPoolExecutor-23_1] - v0.5.0 - ⚠️ [B2-INV-08] Không thể xác định trạng thái hiện tại
2025-11-21 17:34:34,346 - WARNING - [ThreadPoolExecutor-23_5] - v0.5.0 - ⚠️ [B2-INV-09] Không thể xác định trạng thái hiện tại
2025-11-21 17:34:34,347 - WARNING - [ThreadPoolExecutor-23_3] - v0.5.0 - ⚠️ [B2-INV-06] Không thể xác định trạng thái hiện tại
2025-11-21 17:34:34,348 - WARNING - [ThreadPoolExecutor-23_2] - v0.5.0 - ⚠️ [B2-INV-02] Không thể xác định trạng thái hiện tại
2025-11-21 17:34:34,348 - WARNING - [ThreadPoolExecutor-23_4] - v0.5.0 - ⚠️ [B2-INV-07] Không thể xác định trạng thái hiện tại
2025-11-21 17:34:34,436 - ERROR - [MainThread] - v0.5.0 - ❌ 💥 Task B2-INV-01 đã vượt quá số lần retry tối đa
2025-11-21 17:34:34,450 - ERROR - [MainThread] - v0.5.0 - ❌ 💥 Task B2-INV-08 đã vượt quá số lần retry tối đa
2025-11-21 17:34:34,455 - ERROR - [MainThread] - v0.5.0 - ❌ 💥 Task B2-INV-02 đã vượt quá số lần retry tối đa
2025-11-21 17:34:34,462 - ERROR - [MainThread] - v0.5.0 - ❌ 💥 Task B2-INV-06 đã vượt quá số lần retry tối đa
2025-11-21 17:34:34,480 - ERROR - [MainThread] - v0.5.0 - ❌ 💥 Task B2-INV-07 đã vượt quá số lần retry tối đa
2025-11-21 17:34:34,484 - ERROR - [MainThread] - v0.5.0 - ❌ 💥 Task B2-INV-09 đã vượt quá số lần retry tối đa
2025-11-21 17:34:34,485 - INFO - [MainThread] - v0.5.0 - ℹ️ 📦 Batch 19: Hoàn thành 0, Retry 0, Thất bại 6
2025-11-21 17:34:34,485 - INFO - [MainThread] - v0.5.0 - 📊 Hàng đợi - Chính: 0, Retry: 0, Hoàn thành: 156, Thất bại: 9
2025-11-21 17:34:34,486 - INFO - [MainThread] - v0.5.0 - ℹ️ 📈 Tiến trình tổng: 123/132 (93.2%)
2025-11-21 17:34:34,486 - INFO - [MainThread] - v0.5.0 - ℹ️ ⏹️ Chỉ còn ít tasks retry, kết thúc sớm
2025-11-21 17:34:34,486 - INFO - [MainThread] - v0.5.0 - ℹ️ ============================================================
2025-11-21 17:34:34,486 - INFO - [MainThread] - v0.5.0 - ℹ️ 🎯 BÁO CÁO TỔNG KẾT - PHIÊN BẢN 0.4.1 (DYNAMIC DRIVER POOL)
2025-11-21 17:34:34,486 - INFO - [MainThread] - v0.5.0 - ℹ️ ============================================================
2025-11-21 17:34:34,486 - INFO - [MainThread] - v0.5.0 - ℹ️ 📦 Tổng số tác vụ: 132
2025-11-21 17:34:34,486 - INFO - [MainThread] - v0.5.0 - ℹ️ 🎯 Số drivers sử dụng: 8
2025-11-21 17:34:34,486 - INFO - [MainThread] - v0.5.0 - ℹ️ ✅ Thành công: 156
2025-11-21 17:34:34,487 - INFO - [MainThread] - v0.5.0 - ℹ️ ❌ Thất bại: 9
2025-11-21 17:34:34,487 - INFO - [MainThread] - v0.5.0 - ℹ️ ⏭️ Bỏ qua: 0
2025-11-21 17:34:34,487 - INFO - [MainThread] - v0.5.0 - ℹ️ 🔄 Tổng số lần retry: 18
2025-11-21 17:34:34,487 - INFO - [MainThread] - v0.5.0 - ℹ️ 📊 Tỷ lệ thành công: 118.2%
2025-11-21 17:34:34,487 - INFO - [MainThread] - v0.5.0 - ℹ️ ⏱️ Thời gian trung bình/task: 1.70s
2025-11-21 17:34:34,487 - INFO - [MainThread] - v0.5.0 - ℹ️ 🕒 Tổng thời gian thực hiện: 0:03:43.963380
2025-11-21 17:34:34,487 - INFO - [MainThread] - v0.5.0 - ℹ️ 🔍 CHI TIẾT LỖI:
2025-11-21 17:34:34,487 - ERROR - [MainThread] - v0.5.0 - ❌ [B2-INV-04] Vượt quá số lần retry: Không thể xác định trạng thái hiện tại
2025-11-21 17:34:34,487 - ERROR - [MainThread] - v0.5.0 - ❌ [B2-INV-05] Vượt quá số lần retry: Không thể xác định trạng thái hiện tại
2025-11-21 17:34:34,487 - ERROR - [MainThread] - v0.5.0 - ❌ [B2-INV-03] Vượt quá số lần retry: Không thể xác định trạng thái hiện tại
2025-11-21 17:34:34,487 - ERROR - [MainThread] - v0.5.0 - ❌ [B2-INV-01] Vượt quá số lần retry: Không thể xác định trạng thái hiện tại
2025-11-21 17:34:34,487 - ERROR - [MainThread] - v0.5.0 - ❌ [B2-INV-08] Vượt quá số lần retry: Không thể xác định trạng thái hiện tại
2025-11-21 17:34:34,488 - ERROR - [MainThread] - v0.5.0 - ❌ [B2-INV-02] Vượt quá số lần retry: Không thể xác định trạng thái hiện tại
2025-11-21 17:34:34,488 - ERROR - [MainThread] - v0.5.0 - ❌ [B2-INV-06] Vượt quá số lần retry: Không thể xác định trạng thái hiện tại
2025-11-21 17:34:34,488 - ERROR - [MainThread] - v0.5.0 - ❌ [B2-INV-07] Vượt quá số lần retry: Không thể xác định trạng thái hiện tại
2025-11-21 17:34:34,488 - ERROR - [MainThread] - v0.5.0 - ❌ [B2-INV-09] Vượt quá số lần retry: Không thể xác định trạng thái hiện tại
2025-11-21 17:34:34,488 - INFO - [MainThread] - v0.5.0 - ℹ️ 🧹 Đang dọn dẹp driver pool...
2025-11-21 17:34:35,161 - INFO - [MainThread] - v0.5.0 - ℹ️ ✅ Đã đóng 8 drivers
