[2025-11-21 23:45:04] ๐ BแบฎT ฤแบฆU KHแปI CHแบY INVERTER CONTROL SYSTEM (VENV)
[2025-11-21 23:45:04] ====================================================
[2025-11-21 23:45:04] ๐ Kiแปm tra file cแบงn thiแบฟt...
[2025-11-21 23:45:04] โ Tแบฅt cแบฃ file cแบงn thiแบฟt ฤรฃ tแปn tแบกi
[2025-11-21 23:45:04] ๐ Thiแบฟt lแบญp mรดi trฦฐแปng แบฃo...
[2025-11-21 23:45:04] โ Phรกt hiแปn venv tแปn tแบกi
[2025-11-21 23:45:04] โ Venv hoแบกt ฤแปng - Python 3.12
[2025-11-21 23:45:04] ๐ฆ Kiแปm tra dependencies...
[2025-11-21 23:45:05] โ Tแบฅt cแบฃ thฦฐ viแปn ฤรฃ sแบตn sรng
[2025-11-21 23:45:05] ๐ฏ ฤANG KHแปI CHแบY CHฦฏฦNG TRรNH CHรNH...
[2025-11-21 23:45:35] ๐ Chฦฐฦกng trรฌnh ฤรฃ kแบฟt thรบc vแปi mรฃ: 0
[2025-11-21 23:45:35] โ KแบพT THรC THรNH CรNG
[2025-11-21 23:45:35] ๐งน Dแปn dแบนp tรi nguyรชn...
[2025-11-22 00:09:15] ๐ BแบฎT ฤแบฆU KHแปI CHแบY INVERTER CONTROL SYSTEM (VENV)
[2025-11-22 00:09:15] ====================================================
[2025-11-22 00:09:15] ๐ Kiแปm tra file cแบงn thiแบฟt...
[2025-11-22 00:09:15] โ Tแบฅt cแบฃ file cแบงn thiแบฟt ฤรฃ tแปn tแบกi
[2025-11-22 00:09:15] ๐ Thiแบฟt lแบญp mรดi trฦฐแปng แบฃo...
[2025-11-22 00:09:15] โ Phรกt hiแปn venv tแปn tแบกi
[2025-11-22 00:09:15] โ Venv hoแบกt ฤแปng - Python 3.12
[2025-11-22 00:09:15] ๐ฆ Kiแปm tra dependencies...
[2025-11-22 00:09:15] โ Tแบฅt cแบฃ thฦฐ viแปn ฤรฃ sแบตn sรng
[2025-11-22 00:09:15] ๐ฏ ฤANG KHแปI CHแบY CHฦฏฦNG TRรNH CHรNH...
[2025-11-22 00:10:50] ๐ Chฦฐฦกng trรฌnh ฤรฃ kแบฟt thรบc vแปi mรฃ: 0
[2025-11-22 00:10:50] โ KแบพT THรC THรNH CรNG
[2025-11-22 00:10:50] ๐งน Dแปn dแบนp tรi nguyรชn...
[2025-11-22 00:41:06] ๐ BแบฎT ฤแบฆU KHแปI CHแบY INVERTER CONTROL SYSTEM (VENV)
[2025-11-22 00:41:06] ====================================================
[2025-11-22 00:41:06] ๐ Kiแปm tra file cแบงn thiแบฟt...
[2025-11-22 00:41:06] โ Tแบฅt cแบฃ file cแบงn thiแบฟt ฤรฃ tแปn tแบกi
[2025-11-22 00:41:06] ๐ Thiแบฟt lแบญp mรดi trฦฐแปng แบฃo...
[2025-11-22 00:41:06] โ Phรกt hiแปn venv tแปn tแบกi
[2025-11-22 00:41:06] โ Venv hoแบกt ฤแปng - Python 3.12
[2025-11-22 00:41:06] ๐ฆ Kiแปm tra dependencies...
[2025-11-22 00:41:06] โ Tแบฅt cแบฃ thฦฐ viแปn ฤรฃ sแบตn sรng
[2025-11-22 00:41:06] ๐ฏ ฤANG KHแปI CHแบY CHฦฏฦNG TRรNH CHรNH...
[2025-11-22 00:41:56] ๐ Chฦฐฦกng trรฌnh ฤรฃ kแบฟt thรบc vแปi mรฃ: 0
[2025-11-22 00:41:56] โ KแบพT THรC THรNH CรNG
[2025-11-22 00:41:56] ๐งน Dแปn dแบนp tรi nguyรชn...
